2025-08-24 01:33:19 [INFO] root: Logging init complete
2025-08-24 01:33:19 [INFO] src.cli: 
2025-08-24 01:33:19 [INFO] src.cli: 
2025-08-24 01:33:19 [INFO] src.cli: 
2025-08-24 01:33:19 [INFO] root: Running planner measurement...
2025-08-24 01:33:19 [INFO] src.measure_planner_energy: Initializing planner measurement for planner cerberus_agl in domain thoughtful-SC-DEF
2025-08-24 01:33:19 [INFO] src.util.planner_path_resolver: Found 10 problem files for domain thoughtful-SC-DEF
2025-08-24 01:33:19 [INFO] src.measure_planner_energy: Resolved paths for planner 'cerberus_agl' and domain 'thoughtful-SC-DEF'
2025-08-24 01:33:19 [INFO] root: Container /home/sero/Documents/GitHub/Bachelorarbeit-Softwaretechnik/code/src/../planner/cerberus_agl/cerberus_agl.sif already exists.
2025-08-24 01:33:19 [INFO] root: Using existing container /home/sero/Documents/GitHub/Bachelorarbeit-Softwaretechnik/code/src/../planner/cerberus_agl/cerberus_agl.sif.
2025-08-24 01:33:19 [INFO] src.measure_planner_energy: Preparing to run planner on problem 'problem01.pddl'
2025-08-24 01:33:19 [INFO] src.measure_planner_energy: Cleaning Apptainer cache to avoid layer caching...
2025-08-24 01:33:19 [INFO] root: Waiting for system to be idle (CPU usage < 2.0%)...
2025-08-24 01:33:24 [INFO] root: System is idle. CPU: 0.40%, RAM used: 1.72 GB, available: 13.07 GB (15.20%). Continuing...
2025-08-24 01:33:24 [INFO] src.measure_planner_energy: Running planner command: ['/home/sero/Documents/GitHub/Bachelorarbeit-Softwaretechnik/code/src/../planner/cerberus_agl/cerberus_agl.sif', '/home/sero/Documents/GitHub/Bachelorarbeit-Softwaretechnik/code/src/../domain/thoughtful-SC-DEF/domain.pddl', '/home/sero/Documents/GitHub/Bachelorarbeit-Softwaretechnik/code/src/../domain/thoughtful-SC-DEF/problem01.pddl', 'plan/plan_problem01.pddl_thoughtful-SC-DEF_cerberus_agl.txt']
2025-08-24 01:33:25 [INFO] src.measure_planner_energy: Planner completed successfully for problem problem01.pddl Elapsed time: 0.83 seconds
2025-08-24 01:33:25 [INFO] src.measure_planner_energy: Planner completed successfully for problem problem01.pddl Elapsed time: 0.72 seconds
2025-08-24 01:33:26 [INFO] src.measure_planner_energy: Planner completed successfully for problem problem01.pddl Elapsed time: 0.67 seconds
2025-08-24 01:33:27 [INFO] src.measure_planner_energy: Planner completed successfully for problem problem01.pddl Elapsed time: 0.67 seconds
2025-08-24 01:33:27 [INFO] src.measure_planner_energy: Planner completed successfully for problem problem01.pddl Elapsed time: 0.67 seconds
2025-08-24 01:33:28 [INFO] src.measure_planner_energy: Planner completed successfully for problem problem01.pddl Elapsed time: 0.72 seconds
2025-08-24 01:33:29 [INFO] src.measure_planner_energy: Planner completed successfully for problem problem01.pddl Elapsed time: 0.67 seconds
2025-08-24 01:33:29 [INFO] src.measure_planner_energy: Planner completed successfully for problem problem01.pddl Elapsed time: 0.67 seconds
2025-08-24 01:33:30 [INFO] src.measure_planner_energy: Planner completed successfully for problem problem01.pddl Elapsed time: 0.67 seconds
2025-08-24 01:33:31 [INFO] src.measure_planner_energy: Planner completed successfully for problem problem01.pddl Elapsed time: 0.67 seconds
2025-08-24 01:33:31 [INFO] src.measure_planner_energy: Planner completed successfully for problem problem01.pddl Elapsed time: 0.67 seconds
2025-08-24 01:33:32 [INFO] src.measure_planner_energy: Planner completed successfully for problem problem01.pddl Elapsed time: 0.67 seconds
2025-08-24 01:33:33 [INFO] src.measure_planner_energy: Planner completed successfully for problem problem01.pddl Elapsed time: 0.67 seconds
2025-08-24 01:33:33 [INFO] src.measure_planner_energy: Planner completed successfully for problem problem01.pddl Elapsed time: 0.67 seconds
2025-08-24 01:33:34 [INFO] src.measure_planner_energy: Planner completed successfully for problem problem01.pddl Elapsed time: 0.67 seconds
2025-08-24 01:33:35 [INFO] src.measure_planner_energy: Planner completed successfully for problem problem01.pddl Elapsed time: 0.67 seconds
2025-08-24 01:33:35 [INFO] src.measure_planner_energy: Planner completed successfully for problem problem01.pddl Elapsed time: 0.67 seconds
2025-08-24 01:33:36 [INFO] src.measure_planner_energy: Planner completed successfully for problem problem01.pddl Elapsed time: 0.67 seconds
2025-08-24 01:33:37 [INFO] src.measure_planner_energy: Planner completed successfully for problem problem01.pddl Elapsed time: 0.67 seconds
2025-08-24 01:33:37 [INFO] src.measure_planner_energy: Planner completed successfully for problem problem01.pddl Elapsed time: 0.72 seconds
2025-08-24 01:33:38 [INFO] src.measure_planner_energy: Planner completed successfully for problem problem01.pddl Elapsed time: 0.67 seconds
2025-08-24 01:33:39 [INFO] src.measure_planner_energy: Planner completed successfully for problem problem01.pddl Elapsed time: 0.67 seconds
2025-08-24 01:33:39 [INFO] src.measure_planner_energy: Planner completed successfully for problem problem01.pddl Elapsed time: 0.67 seconds
2025-08-24 01:33:40 [INFO] src.measure_planner_energy: Planner completed successfully for problem problem01.pddl Elapsed time: 0.67 seconds
2025-08-24 01:33:41 [INFO] src.measure_planner_energy: Planner completed successfully for problem problem01.pddl Elapsed time: 0.67 seconds
2025-08-24 01:33:41 [INFO] src.measure_planner_energy: Planner completed successfully for problem problem01.pddl Elapsed time: 0.67 seconds
2025-08-24 01:33:42 [INFO] src.measure_planner_energy: Planner completed successfully for problem problem01.pddl Elapsed time: 0.72 seconds
2025-08-24 01:33:43 [INFO] src.measure_planner_energy: Planner completed successfully for problem problem01.pddl Elapsed time: 0.67 seconds
2025-08-24 01:33:43 [INFO] src.measure_planner_energy: Planner completed successfully for problem problem01.pddl Elapsed time: 0.67 seconds
2025-08-24 01:33:44 [INFO] src.measure_planner_energy: Planner completed successfully for problem problem01.pddl Elapsed time: 0.67 seconds
2025-08-24 01:33:44 [INFO] root: Waiting for system to be idle (CPU usage < 2.0%)...
2025-08-24 01:33:49 [INFO] root: System is idle. CPU: 0.60%, RAM used: 1.78 GB, available: 13.01 GB (15.50%). Continuing...
2025-08-24 01:33:49 [INFO] src.measure_planner_energy: Measurement for problem problem01.pddl completed and saved
2025-08-24 01:33:49 [INFO] src.measure_planner_energy: Preparing to run planner on problem 'problem03.pddl'
2025-08-24 01:33:49 [INFO] src.measure_planner_energy: Cleaning Apptainer cache to avoid layer caching...
2025-08-24 01:33:49 [INFO] root: Waiting for system to be idle (CPU usage < 2.0%)...
2025-08-24 01:33:54 [INFO] root: System is idle. CPU: 1.20%, RAM used: 1.74 GB, available: 13.06 GB (15.30%). Continuing...
2025-08-24 01:33:54 [INFO] src.measure_planner_energy: Running planner command: ['/home/sero/Documents/GitHub/Bachelorarbeit-Softwaretechnik/code/src/../planner/cerberus_agl/cerberus_agl.sif', '/home/sero/Documents/GitHub/Bachelorarbeit-Softwaretechnik/code/src/../domain/thoughtful-SC-DEF/domain.pddl', '/home/sero/Documents/GitHub/Bachelorarbeit-Softwaretechnik/code/src/../domain/thoughtful-SC-DEF/problem03.pddl', 'plan/plan_problem03.pddl_thoughtful-SC-DEF_cerberus_agl.txt']
2025-08-24 01:33:55 [INFO] src.measure_planner_energy: Planner completed successfully for problem problem03.pddl Elapsed time: 0.67 seconds
2025-08-24 01:33:55 [INFO] src.measure_planner_energy: Planner completed successfully for problem problem03.pddl Elapsed time: 0.67 seconds
2025-08-24 01:33:56 [INFO] src.measure_planner_energy: Planner completed successfully for problem problem03.pddl Elapsed time: 0.67 seconds
2025-08-24 01:33:57 [INFO] src.measure_planner_energy: Planner completed successfully for problem problem03.pddl Elapsed time: 0.67 seconds
2025-08-24 01:33:57 [INFO] src.measure_planner_energy: Planner completed successfully for problem problem03.pddl Elapsed time: 0.67 seconds
2025-08-24 01:33:58 [INFO] src.measure_planner_energy: Planner completed successfully for problem problem03.pddl Elapsed time: 0.67 seconds
2025-08-24 01:33:59 [INFO] src.measure_planner_energy: Planner completed successfully for problem problem03.pddl Elapsed time: 0.67 seconds
2025-08-24 01:33:59 [INFO] src.measure_planner_energy: Planner completed successfully for problem problem03.pddl Elapsed time: 0.67 seconds
2025-08-24 01:34:00 [INFO] src.measure_planner_energy: Planner completed successfully for problem problem03.pddl Elapsed time: 0.67 seconds
2025-08-24 01:34:01 [INFO] src.measure_planner_energy: Planner completed successfully for problem problem03.pddl Elapsed time: 0.67 seconds
2025-08-24 01:34:01 [INFO] src.measure_planner_energy: Planner completed successfully for problem problem03.pddl Elapsed time: 0.67 seconds
2025-08-24 01:34:02 [INFO] src.measure_planner_energy: Planner completed successfully for problem problem03.pddl Elapsed time: 0.67 seconds
2025-08-24 01:34:03 [INFO] src.measure_planner_energy: Planner completed successfully for problem problem03.pddl Elapsed time: 0.67 seconds
2025-08-24 01:34:03 [INFO] src.measure_planner_energy: Planner completed successfully for problem problem03.pddl Elapsed time: 0.67 seconds
2025-08-24 01:34:04 [INFO] src.measure_planner_energy: Planner completed successfully for problem problem03.pddl Elapsed time: 0.62 seconds
2025-08-24 01:34:05 [INFO] src.measure_planner_energy: Planner completed successfully for problem problem03.pddl Elapsed time: 0.67 seconds
2025-08-24 01:34:05 [INFO] src.measure_planner_energy: Planner completed successfully for problem problem03.pddl Elapsed time: 0.67 seconds
2025-08-24 01:34:06 [INFO] src.measure_planner_energy: Planner completed successfully for problem problem03.pddl Elapsed time: 0.67 seconds
2025-08-24 01:34:07 [INFO] src.measure_planner_energy: Planner completed successfully for problem problem03.pddl Elapsed time: 0.62 seconds
2025-08-24 01:34:07 [INFO] src.measure_planner_energy: Planner completed successfully for problem problem03.pddl Elapsed time: 0.67 seconds
2025-08-24 01:34:08 [INFO] src.measure_planner_energy: Planner completed successfully for problem problem03.pddl Elapsed time: 0.67 seconds
2025-08-24 01:34:09 [INFO] src.measure_planner_energy: Planner completed successfully for problem problem03.pddl Elapsed time: 0.67 seconds
2025-08-24 01:34:09 [INFO] src.measure_planner_energy: Planner completed successfully for problem problem03.pddl Elapsed time: 0.67 seconds
2025-08-24 01:34:10 [INFO] src.measure_planner_energy: Planner completed successfully for problem problem03.pddl Elapsed time: 0.67 seconds
2025-08-24 01:34:11 [INFO] src.measure_planner_energy: Planner completed successfully for problem problem03.pddl Elapsed time: 0.67 seconds
2025-08-24 01:34:11 [INFO] src.measure_planner_energy: Planner completed successfully for problem problem03.pddl Elapsed time: 0.62 seconds
2025-08-24 01:34:12 [INFO] src.measure_planner_energy: Planner completed successfully for problem problem03.pddl Elapsed time: 0.67 seconds
2025-08-24 01:34:13 [INFO] src.measure_planner_energy: Planner completed successfully for problem problem03.pddl Elapsed time: 0.67 seconds
2025-08-24 01:34:13 [INFO] src.measure_planner_energy: Planner completed successfully for problem problem03.pddl Elapsed time: 0.67 seconds
2025-08-24 01:34:14 [INFO] src.measure_planner_energy: Planner completed successfully for problem problem03.pddl Elapsed time: 0.62 seconds
2025-08-24 01:34:14 [INFO] root: Waiting for system to be idle (CPU usage < 2.0%)...
2025-08-24 01:34:19 [INFO] root: System is idle. CPU: 0.40%, RAM used: 1.75 GB, available: 13.03 GB (15.40%). Continuing...
2025-08-24 01:34:19 [INFO] src.measure_planner_energy: Measurement for problem problem03.pddl completed and saved
2025-08-24 01:34:19 [INFO] src.measure_planner_energy: Preparing to run planner on problem 'problem05.pddl'
2025-08-24 01:34:19 [INFO] src.measure_planner_energy: Cleaning Apptainer cache to avoid layer caching...
2025-08-24 01:34:19 [INFO] root: Waiting for system to be idle (CPU usage < 2.0%)...
2025-08-24 01:34:24 [INFO] root: System is idle. CPU: 0.80%, RAM used: 1.73 GB, available: 13.05 GB (15.30%). Continuing...
2025-08-24 01:34:24 [INFO] src.measure_planner_energy: Running planner command: ['/home/sero/Documents/GitHub/Bachelorarbeit-Softwaretechnik/code/src/../planner/cerberus_agl/cerberus_agl.sif', '/home/sero/Documents/GitHub/Bachelorarbeit-Softwaretechnik/code/src/../domain/thoughtful-SC-DEF/domain.pddl', '/home/sero/Documents/GitHub/Bachelorarbeit-Softwaretechnik/code/src/../domain/thoughtful-SC-DEF/problem05.pddl', 'plan/plan_problem05.pddl_thoughtful-SC-DEF_cerberus_agl.txt']
2025-08-24 01:34:25 [INFO] src.measure_planner_energy: Planner completed successfully for problem problem05.pddl Elapsed time: 0.67 seconds
2025-08-24 01:34:25 [INFO] src.measure_planner_energy: Planner completed successfully for problem problem05.pddl Elapsed time: 0.67 seconds
2025-08-24 01:34:26 [INFO] src.measure_planner_energy: Planner completed successfully for problem problem05.pddl Elapsed time: 0.67 seconds
2025-08-24 01:34:27 [INFO] src.measure_planner_energy: Planner completed successfully for problem problem05.pddl Elapsed time: 0.67 seconds
2025-08-24 01:34:27 [INFO] src.measure_planner_energy: Planner completed successfully for problem problem05.pddl Elapsed time: 0.62 seconds
2025-08-24 01:34:28 [INFO] src.measure_planner_energy: Planner completed successfully for problem problem05.pddl Elapsed time: 0.67 seconds
2025-08-24 01:34:28 [INFO] src.measure_planner_energy: Planner completed successfully for problem problem05.pddl Elapsed time: 0.67 seconds
2025-08-24 01:34:29 [INFO] src.measure_planner_energy: Planner completed successfully for problem problem05.pddl Elapsed time: 0.67 seconds
2025-08-24 01:34:30 [INFO] src.measure_planner_energy: Planner completed successfully for problem problem05.pddl Elapsed time: 0.72 seconds
2025-08-24 01:34:31 [INFO] src.measure_planner_energy: Planner completed successfully for problem problem05.pddl Elapsed time: 0.67 seconds
2025-08-24 01:34:31 [INFO] src.measure_planner_energy: Planner completed successfully for problem problem05.pddl Elapsed time: 0.67 seconds
2025-08-24 01:34:32 [INFO] src.measure_planner_energy: Planner completed successfully for problem problem05.pddl Elapsed time: 0.62 seconds
2025-08-24 01:34:32 [INFO] src.measure_planner_energy: Planner completed successfully for problem problem05.pddl Elapsed time: 0.67 seconds
2025-08-24 01:34:33 [INFO] src.measure_planner_energy: Planner completed successfully for problem problem05.pddl Elapsed time: 0.67 seconds
2025-08-24 01:34:34 [INFO] src.measure_planner_energy: Planner completed successfully for problem problem05.pddl Elapsed time: 0.67 seconds
2025-08-24 01:34:34 [INFO] src.measure_planner_energy: Planner completed successfully for problem problem05.pddl Elapsed time: 0.67 seconds
2025-08-24 01:34:35 [INFO] src.measure_planner_energy: Planner completed successfully for problem problem05.pddl Elapsed time: 0.67 seconds
2025-08-24 01:34:36 [INFO] src.measure_planner_energy: Planner completed successfully for problem problem05.pddl Elapsed time: 0.67 seconds
2025-08-24 01:34:36 [INFO] src.measure_planner_energy: Planner completed successfully for problem problem05.pddl Elapsed time: 0.67 seconds
2025-08-24 01:34:37 [INFO] src.measure_planner_energy: Planner completed successfully for problem problem05.pddl Elapsed time: 0.67 seconds
2025-08-24 01:34:38 [INFO] src.measure_planner_energy: Planner completed successfully for problem problem05.pddl Elapsed time: 0.67 seconds
2025-08-24 01:34:38 [INFO] src.measure_planner_energy: Planner completed successfully for problem problem05.pddl Elapsed time: 0.67 seconds
2025-08-24 01:34:39 [INFO] src.measure_planner_energy: Planner completed successfully for problem problem05.pddl Elapsed time: 0.67 seconds
2025-08-24 01:34:40 [INFO] src.measure_planner_energy: Planner completed successfully for problem problem05.pddl Elapsed time: 0.67 seconds
2025-08-24 01:34:40 [INFO] src.measure_planner_energy: Planner completed successfully for problem problem05.pddl Elapsed time: 0.67 seconds
2025-08-24 01:34:41 [INFO] src.measure_planner_energy: Planner completed successfully for problem problem05.pddl Elapsed time: 0.67 seconds
2025-08-24 01:34:42 [INFO] src.measure_planner_energy: Planner completed successfully for problem problem05.pddl Elapsed time: 0.67 seconds
2025-08-24 01:34:42 [INFO] src.measure_planner_energy: Planner completed successfully for problem problem05.pddl Elapsed time: 0.67 seconds
2025-08-24 01:34:43 [INFO] src.measure_planner_energy: Planner completed successfully for problem problem05.pddl Elapsed time: 0.67 seconds
2025-08-24 01:34:44 [INFO] src.measure_planner_energy: Planner completed successfully for problem problem05.pddl Elapsed time: 0.72 seconds
2025-08-24 01:34:44 [INFO] root: Waiting for system to be idle (CPU usage < 2.0%)...
2025-08-24 01:34:49 [INFO] root: System is idle. CPU: 0.40%, RAM used: 1.76 GB, available: 13.02 GB (15.50%). Continuing...
2025-08-24 01:34:49 [INFO] src.measure_planner_energy: Measurement for problem problem05.pddl completed and saved
2025-08-24 01:34:49 [INFO] src.measure_planner_energy: Preparing to run planner on problem 'problem07.pddl'
2025-08-24 01:34:49 [INFO] src.measure_planner_energy: Cleaning Apptainer cache to avoid layer caching...
2025-08-24 01:34:49 [INFO] root: Waiting for system to be idle (CPU usage < 2.0%)...
2025-08-24 01:34:54 [INFO] root: System is idle. CPU: 0.30%, RAM used: 1.74 GB, available: 13.04 GB (15.40%). Continuing...
2025-08-24 01:34:54 [INFO] src.measure_planner_energy: Running planner command: ['/home/sero/Documents/GitHub/Bachelorarbeit-Softwaretechnik/code/src/../planner/cerberus_agl/cerberus_agl.sif', '/home/sero/Documents/GitHub/Bachelorarbeit-Softwaretechnik/code/src/../domain/thoughtful-SC-DEF/domain.pddl', '/home/sero/Documents/GitHub/Bachelorarbeit-Softwaretechnik/code/src/../domain/thoughtful-SC-DEF/problem07.pddl', 'plan/plan_problem07.pddl_thoughtful-SC-DEF_cerberus_agl.txt']
2025-08-24 01:34:57 [INFO] src.measure_planner_energy: Planner completed successfully for problem problem07.pddl Elapsed time: 2.87 seconds
2025-08-24 01:35:00 [INFO] src.measure_planner_energy: Planner completed successfully for problem problem07.pddl Elapsed time: 2.92 seconds
2025-08-24 01:35:03 [INFO] src.measure_planner_energy: Planner completed successfully for problem problem07.pddl Elapsed time: 2.87 seconds
2025-08-24 01:35:05 [INFO] src.measure_planner_energy: Planner completed successfully for problem problem07.pddl Elapsed time: 2.87 seconds
2025-08-24 01:35:08 [INFO] src.measure_planner_energy: Planner completed successfully for problem problem07.pddl Elapsed time: 2.88 seconds
2025-08-24 01:35:11 [INFO] src.measure_planner_energy: Planner completed successfully for problem problem07.pddl Elapsed time: 2.87 seconds
2025-08-24 01:35:14 [INFO] src.measure_planner_energy: Planner completed successfully for problem problem07.pddl Elapsed time: 2.92 seconds
2025-08-24 01:35:17 [INFO] src.measure_planner_energy: Planner completed successfully for problem problem07.pddl Elapsed time: 2.87 seconds
2025-08-24 01:35:20 [INFO] src.measure_planner_energy: Planner completed successfully for problem problem07.pddl Elapsed time: 2.92 seconds
2025-08-24 01:35:23 [INFO] src.measure_planner_energy: Planner completed successfully for problem problem07.pddl Elapsed time: 2.92 seconds
2025-08-24 01:35:26 [INFO] src.measure_planner_energy: Planner completed successfully for problem problem07.pddl Elapsed time: 2.87 seconds
2025-08-24 01:35:29 [INFO] src.measure_planner_energy: Planner completed successfully for problem problem07.pddl Elapsed time: 2.87 seconds
2025-08-24 01:35:31 [INFO] src.measure_planner_energy: Planner completed successfully for problem problem07.pddl Elapsed time: 2.87 seconds
2025-08-24 01:35:34 [INFO] src.measure_planner_energy: Planner completed successfully for problem problem07.pddl Elapsed time: 2.92 seconds
2025-08-24 01:35:37 [INFO] src.measure_planner_energy: Planner completed successfully for problem problem07.pddl Elapsed time: 2.87 seconds
2025-08-24 01:35:40 [INFO] src.measure_planner_energy: Planner completed successfully for problem problem07.pddl Elapsed time: 2.92 seconds
2025-08-24 01:35:43 [INFO] src.measure_planner_energy: Planner completed successfully for problem problem07.pddl Elapsed time: 2.87 seconds
2025-08-24 01:35:46 [INFO] src.measure_planner_energy: Planner completed successfully for problem problem07.pddl Elapsed time: 2.92 seconds
2025-08-24 01:35:49 [INFO] src.measure_planner_energy: Planner completed successfully for problem problem07.pddl Elapsed time: 2.87 seconds
2025-08-24 01:35:52 [INFO] src.measure_planner_energy: Planner completed successfully for problem problem07.pddl Elapsed time: 2.92 seconds
2025-08-24 01:35:55 [INFO] src.measure_planner_energy: Planner completed successfully for problem problem07.pddl Elapsed time: 2.92 seconds
2025-08-24 01:35:57 [INFO] src.measure_planner_energy: Planner completed successfully for problem problem07.pddl Elapsed time: 2.87 seconds
2025-08-24 01:36:00 [INFO] src.measure_planner_energy: Planner completed successfully for problem problem07.pddl Elapsed time: 2.87 seconds
2025-08-24 01:36:03 [INFO] src.measure_planner_energy: Planner completed successfully for problem problem07.pddl Elapsed time: 2.92 seconds
2025-08-24 01:36:06 [INFO] src.measure_planner_energy: Planner completed successfully for problem problem07.pddl Elapsed time: 2.92 seconds
2025-08-24 01:36:09 [INFO] src.measure_planner_energy: Planner completed successfully for problem problem07.pddl Elapsed time: 2.87 seconds
2025-08-24 01:36:12 [INFO] src.measure_planner_energy: Planner completed successfully for problem problem07.pddl Elapsed time: 2.92 seconds
2025-08-24 01:36:15 [INFO] src.measure_planner_energy: Planner completed successfully for problem problem07.pddl Elapsed time: 2.87 seconds
2025-08-24 01:36:18 [INFO] src.measure_planner_energy: Planner completed successfully for problem problem07.pddl Elapsed time: 2.87 seconds
2025-08-24 01:36:21 [INFO] src.measure_planner_energy: Planner completed successfully for problem problem07.pddl Elapsed time: 2.92 seconds
2025-08-24 01:36:21 [INFO] root: Waiting for system to be idle (CPU usage < 2.0%)...
2025-08-24 01:36:26 [INFO] root: System is idle. CPU: 0.30%, RAM used: 1.79 GB, available: 12.98 GB (15.70%). Continuing...
2025-08-24 01:36:26 [INFO] src.measure_planner_energy: Measurement for problem problem07.pddl completed and saved
2025-08-24 01:36:26 [INFO] src.measure_planner_energy: Preparing to run planner on problem 'problem09.pddl'
2025-08-24 01:36:26 [INFO] src.measure_planner_energy: Cleaning Apptainer cache to avoid layer caching...
2025-08-24 01:36:26 [INFO] root: Waiting for system to be idle (CPU usage < 2.0%)...
2025-08-24 01:36:31 [INFO] root: System is idle. CPU: 0.30%, RAM used: 1.78 GB, available: 13.01 GB (15.60%). Continuing...
2025-08-24 01:36:31 [INFO] src.measure_planner_energy: Running planner command: ['/home/sero/Documents/GitHub/Bachelorarbeit-Softwaretechnik/code/src/../planner/cerberus_agl/cerberus_agl.sif', '/home/sero/Documents/GitHub/Bachelorarbeit-Softwaretechnik/code/src/../domain/thoughtful-SC-DEF/domain.pddl', '/home/sero/Documents/GitHub/Bachelorarbeit-Softwaretechnik/code/src/../domain/thoughtful-SC-DEF/problem09.pddl', 'plan/plan_problem09.pddl_thoughtful-SC-DEF_cerberus_agl.txt']
2025-08-24 01:41:31 [WARNING] src.measure_planner_energy: Planner execution terminates on problem09.pddl without solution: Command '['/home/sero/Documents/GitHub/Bachelorarbeit-Softwaretechnik/code/src/../planner/cerberus_agl/cerberus_agl.sif', '/home/sero/Documents/GitHub/Bachelorarbeit-Softwaretechnik/code/src/../domain/thoughtful-SC-DEF/domain.pddl', '/home/sero/Documents/GitHub/Bachelorarbeit-Softwaretechnik/code/src/../domain/thoughtful-SC-DEF/problem09.pddl', 'plan/plan_problem09.pddl_thoughtful-SC-DEF_cerberus_agl.txt']' timed out after 299.999989903 seconds. Elapsed time: 300.00 seconds
2025-08-24 01:46:31 [WARNING] src.measure_planner_energy: Planner execution terminates on problem09.pddl without solution: Command '['/home/sero/Documents/GitHub/Bachelorarbeit-Softwaretechnik/code/src/../planner/cerberus_agl/cerberus_agl.sif', '/home/sero/Documents/GitHub/Bachelorarbeit-Softwaretechnik/code/src/../domain/thoughtful-SC-DEF/domain.pddl', '/home/sero/Documents/GitHub/Bachelorarbeit-Softwaretechnik/code/src/../domain/thoughtful-SC-DEF/problem09.pddl', 'plan/plan_problem09.pddl_thoughtful-SC-DEF_cerberus_agl.txt']' timed out after 299.999989314 seconds. Elapsed time: 300.00 seconds
2025-08-24 01:51:31 [WARNING] src.measure_planner_energy: Planner execution terminates on problem09.pddl without solution: Command '['/home/sero/Documents/GitHub/Bachelorarbeit-Softwaretechnik/code/src/../planner/cerberus_agl/cerberus_agl.sif', '/home/sero/Documents/GitHub/Bachelorarbeit-Softwaretechnik/code/src/../domain/thoughtful-SC-DEF/domain.pddl', '/home/sero/Documents/GitHub/Bachelorarbeit-Softwaretechnik/code/src/../domain/thoughtful-SC-DEF/problem09.pddl', 'plan/plan_problem09.pddl_thoughtful-SC-DEF_cerberus_agl.txt']' timed out after 299.9999865980001 seconds. Elapsed time: 300.00 seconds
2025-08-24 01:56:31 [WARNING] src.measure_planner_energy: Planner execution terminates on problem09.pddl without solution: Command '['/home/sero/Documents/GitHub/Bachelorarbeit-Softwaretechnik/code/src/../planner/cerberus_agl/cerberus_agl.sif', '/home/sero/Documents/GitHub/Bachelorarbeit-Softwaretechnik/code/src/../domain/thoughtful-SC-DEF/domain.pddl', '/home/sero/Documents/GitHub/Bachelorarbeit-Softwaretechnik/code/src/../domain/thoughtful-SC-DEF/problem09.pddl', 'plan/plan_problem09.pddl_thoughtful-SC-DEF_cerberus_agl.txt']' timed out after 299.99998633899986 seconds. Elapsed time: 300.00 seconds
2025-08-24 02:01:31 [WARNING] src.measure_planner_energy: Planner execution terminates on problem09.pddl without solution: Command '['/home/sero/Documents/GitHub/Bachelorarbeit-Softwaretechnik/code/src/../planner/cerberus_agl/cerberus_agl.sif', '/home/sero/Documents/GitHub/Bachelorarbeit-Softwaretechnik/code/src/../domain/thoughtful-SC-DEF/domain.pddl', '/home/sero/Documents/GitHub/Bachelorarbeit-Softwaretechnik/code/src/../domain/thoughtful-SC-DEF/problem09.pddl', 'plan/plan_problem09.pddl_thoughtful-SC-DEF_cerberus_agl.txt']' timed out after 299.99995958600016 seconds. Elapsed time: 300.00 seconds
2025-08-24 02:06:31 [WARNING] src.measure_planner_energy: Planner execution terminates on problem09.pddl without solution: Command '['/home/sero/Documents/GitHub/Bachelorarbeit-Softwaretechnik/code/src/../planner/cerberus_agl/cerberus_agl.sif', '/home/sero/Documents/GitHub/Bachelorarbeit-Softwaretechnik/code/src/../domain/thoughtful-SC-DEF/domain.pddl', '/home/sero/Documents/GitHub/Bachelorarbeit-Softwaretechnik/code/src/../domain/thoughtful-SC-DEF/problem09.pddl', 'plan/plan_problem09.pddl_thoughtful-SC-DEF_cerberus_agl.txt']' timed out after 299.99997704199995 seconds. Elapsed time: 300.00 seconds
2025-08-24 02:11:31 [WARNING] src.measure_planner_energy: Planner execution terminates on problem09.pddl without solution: Command '['/home/sero/Documents/GitHub/Bachelorarbeit-Softwaretechnik/code/src/../planner/cerberus_agl/cerberus_agl.sif', '/home/sero/Documents/GitHub/Bachelorarbeit-Softwaretechnik/code/src/../domain/thoughtful-SC-DEF/domain.pddl', '/home/sero/Documents/GitHub/Bachelorarbeit-Softwaretechnik/code/src/../domain/thoughtful-SC-DEF/problem09.pddl', 'plan/plan_problem09.pddl_thoughtful-SC-DEF_cerberus_agl.txt']' timed out after 299.9999726609999 seconds. Elapsed time: 300.01 seconds
2025-08-24 02:16:31 [WARNING] src.measure_planner_energy: Planner execution terminates on problem09.pddl without solution: Command '['/home/sero/Documents/GitHub/Bachelorarbeit-Softwaretechnik/code/src/../planner/cerberus_agl/cerberus_agl.sif', '/home/sero/Documents/GitHub/Bachelorarbeit-Softwaretechnik/code/src/../domain/thoughtful-SC-DEF/domain.pddl', '/home/sero/Documents/GitHub/Bachelorarbeit-Softwaretechnik/code/src/../domain/thoughtful-SC-DEF/problem09.pddl', 'plan/plan_problem09.pddl_thoughtful-SC-DEF_cerberus_agl.txt']' timed out after 299.999967274 seconds. Elapsed time: 300.01 seconds
2025-08-24 02:21:31 [WARNING] src.measure_planner_energy: Planner execution terminates on problem09.pddl without solution: Command '['/home/sero/Documents/GitHub/Bachelorarbeit-Softwaretechnik/code/src/../planner/cerberus_agl/cerberus_agl.sif', '/home/sero/Documents/GitHub/Bachelorarbeit-Softwaretechnik/code/src/../domain/thoughtful-SC-DEF/domain.pddl', '/home/sero/Documents/GitHub/Bachelorarbeit-Softwaretechnik/code/src/../domain/thoughtful-SC-DEF/problem09.pddl', 'plan/plan_problem09.pddl_thoughtful-SC-DEF_cerberus_agl.txt']' timed out after 299.9999776229997 seconds. Elapsed time: 300.01 seconds
2025-08-24 02:26:31 [WARNING] src.measure_planner_energy: Planner execution terminates on problem09.pddl without solution: Command '['/home/sero/Documents/GitHub/Bachelorarbeit-Softwaretechnik/code/src/../planner/cerberus_agl/cerberus_agl.sif', '/home/sero/Documents/GitHub/Bachelorarbeit-Softwaretechnik/code/src/../domain/thoughtful-SC-DEF/domain.pddl', '/home/sero/Documents/GitHub/Bachelorarbeit-Softwaretechnik/code/src/../domain/thoughtful-SC-DEF/problem09.pddl', 'plan/plan_problem09.pddl_thoughtful-SC-DEF_cerberus_agl.txt']' timed out after 299.9999704369998 seconds. Elapsed time: 300.01 seconds
2025-08-24 02:31:31 [WARNING] src.measure_planner_energy: Planner execution terminates on problem09.pddl without solution: Command '['/home/sero/Documents/GitHub/Bachelorarbeit-Softwaretechnik/code/src/../planner/cerberus_agl/cerberus_agl.sif', '/home/sero/Documents/GitHub/Bachelorarbeit-Softwaretechnik/code/src/../domain/thoughtful-SC-DEF/domain.pddl', '/home/sero/Documents/GitHub/Bachelorarbeit-Softwaretechnik/code/src/../domain/thoughtful-SC-DEF/problem09.pddl', 'plan/plan_problem09.pddl_thoughtful-SC-DEF_cerberus_agl.txt']' timed out after 299.99997680900015 seconds. Elapsed time: 300.01 seconds
2025-08-24 02:36:31 [WARNING] src.measure_planner_energy: Planner execution terminates on problem09.pddl without solution: Command '['/home/sero/Documents/GitHub/Bachelorarbeit-Softwaretechnik/code/src/../planner/cerberus_agl/cerberus_agl.sif', '/home/sero/Documents/GitHub/Bachelorarbeit-Softwaretechnik/code/src/../domain/thoughtful-SC-DEF/domain.pddl', '/home/sero/Documents/GitHub/Bachelorarbeit-Softwaretechnik/code/src/../domain/thoughtful-SC-DEF/problem09.pddl', 'plan/plan_problem09.pddl_thoughtful-SC-DEF_cerberus_agl.txt']' timed out after 299.9999682429998 seconds. Elapsed time: 300.01 seconds
2025-08-24 02:41:31 [WARNING] src.measure_planner_energy: Planner execution terminates on problem09.pddl without solution: Command '['/home/sero/Documents/GitHub/Bachelorarbeit-Softwaretechnik/code/src/../planner/cerberus_agl/cerberus_agl.sif', '/home/sero/Documents/GitHub/Bachelorarbeit-Softwaretechnik/code/src/../domain/thoughtful-SC-DEF/domain.pddl', '/home/sero/Documents/GitHub/Bachelorarbeit-Softwaretechnik/code/src/../domain/thoughtful-SC-DEF/problem09.pddl', 'plan/plan_problem09.pddl_thoughtful-SC-DEF_cerberus_agl.txt']' timed out after 299.9999767930003 seconds. Elapsed time: 300.01 seconds
2025-08-24 02:46:31 [WARNING] src.measure_planner_energy: Planner execution terminates on problem09.pddl without solution: Command '['/home/sero/Documents/GitHub/Bachelorarbeit-Softwaretechnik/code/src/../planner/cerberus_agl/cerberus_agl.sif', '/home/sero/Documents/GitHub/Bachelorarbeit-Softwaretechnik/code/src/../domain/thoughtful-SC-DEF/domain.pddl', '/home/sero/Documents/GitHub/Bachelorarbeit-Softwaretechnik/code/src/../domain/thoughtful-SC-DEF/problem09.pddl', 'plan/plan_problem09.pddl_thoughtful-SC-DEF_cerberus_agl.txt']' timed out after 299.9999784009997 seconds. Elapsed time: 300.01 seconds
2025-08-24 02:51:31 [WARNING] src.measure_planner_energy: Planner execution terminates on problem09.pddl without solution: Command '['/home/sero/Documents/GitHub/Bachelorarbeit-Softwaretechnik/code/src/../planner/cerberus_agl/cerberus_agl.sif', '/home/sero/Documents/GitHub/Bachelorarbeit-Softwaretechnik/code/src/../domain/thoughtful-SC-DEF/domain.pddl', '/home/sero/Documents/GitHub/Bachelorarbeit-Softwaretechnik/code/src/../domain/thoughtful-SC-DEF/problem09.pddl', 'plan/plan_problem09.pddl_thoughtful-SC-DEF_cerberus_agl.txt']' timed out after 299.9999694399994 seconds. Elapsed time: 300.01 seconds
2025-08-24 02:56:31 [WARNING] src.measure_planner_energy: Planner execution terminates on problem09.pddl without solution: Command '['/home/sero/Documents/GitHub/Bachelorarbeit-Softwaretechnik/code/src/../planner/cerberus_agl/cerberus_agl.sif', '/home/sero/Documents/GitHub/Bachelorarbeit-Softwaretechnik/code/src/../domain/thoughtful-SC-DEF/domain.pddl', '/home/sero/Documents/GitHub/Bachelorarbeit-Softwaretechnik/code/src/../domain/thoughtful-SC-DEF/problem09.pddl', 'plan/plan_problem09.pddl_thoughtful-SC-DEF_cerberus_agl.txt']' timed out after 299.9999704439997 seconds. Elapsed time: 300.01 seconds
2025-08-24 03:01:31 [WARNING] src.measure_planner_energy: Planner execution terminates on problem09.pddl without solution: Command '['/home/sero/Documents/GitHub/Bachelorarbeit-Softwaretechnik/code/src/../planner/cerberus_agl/cerberus_agl.sif', '/home/sero/Documents/GitHub/Bachelorarbeit-Softwaretechnik/code/src/../domain/thoughtful-SC-DEF/domain.pddl', '/home/sero/Documents/GitHub/Bachelorarbeit-Softwaretechnik/code/src/../domain/thoughtful-SC-DEF/problem09.pddl', 'plan/plan_problem09.pddl_thoughtful-SC-DEF_cerberus_agl.txt']' timed out after 299.99997264800004 seconds. Elapsed time: 300.01 seconds
2025-08-24 03:06:31 [WARNING] src.measure_planner_energy: Planner execution terminates on problem09.pddl without solution: Command '['/home/sero/Documents/GitHub/Bachelorarbeit-Softwaretechnik/code/src/../planner/cerberus_agl/cerberus_agl.sif', '/home/sero/Documents/GitHub/Bachelorarbeit-Softwaretechnik/code/src/../domain/thoughtful-SC-DEF/domain.pddl', '/home/sero/Documents/GitHub/Bachelorarbeit-Softwaretechnik/code/src/../domain/thoughtful-SC-DEF/problem09.pddl', 'plan/plan_problem09.pddl_thoughtful-SC-DEF_cerberus_agl.txt']' timed out after 299.99996831500084 seconds. Elapsed time: 300.02 seconds
2025-08-24 03:11:31 [WARNING] src.measure_planner_energy: Planner execution terminates on problem09.pddl without solution: Command '['/home/sero/Documents/GitHub/Bachelorarbeit-Softwaretechnik/code/src/../planner/cerberus_agl/cerberus_agl.sif', '/home/sero/Documents/GitHub/Bachelorarbeit-Softwaretechnik/code/src/../domain/thoughtful-SC-DEF/domain.pddl', '/home/sero/Documents/GitHub/Bachelorarbeit-Softwaretechnik/code/src/../domain/thoughtful-SC-DEF/problem09.pddl', 'plan/plan_problem09.pddl_thoughtful-SC-DEF_cerberus_agl.txt']' timed out after 299.9999740409994 seconds. Elapsed time: 300.01 seconds
2025-08-24 03:16:31 [WARNING] src.measure_planner_energy: Planner execution terminates on problem09.pddl without solution: Command '['/home/sero/Documents/GitHub/Bachelorarbeit-Softwaretechnik/code/src/../planner/cerberus_agl/cerberus_agl.sif', '/home/sero/Documents/GitHub/Bachelorarbeit-Softwaretechnik/code/src/../domain/thoughtful-SC-DEF/domain.pddl', '/home/sero/Documents/GitHub/Bachelorarbeit-Softwaretechnik/code/src/../domain/thoughtful-SC-DEF/problem09.pddl', 'plan/plan_problem09.pddl_thoughtful-SC-DEF_cerberus_agl.txt']' timed out after 299.99997224599974 seconds. Elapsed time: 300.01 seconds
2025-08-24 03:21:31 [WARNING] src.measure_planner_energy: Planner execution terminates on problem09.pddl without solution: Command '['/home/sero/Documents/GitHub/Bachelorarbeit-Softwaretechnik/code/src/../planner/cerberus_agl/cerberus_agl.sif', '/home/sero/Documents/GitHub/Bachelorarbeit-Softwaretechnik/code/src/../domain/thoughtful-SC-DEF/domain.pddl', '/home/sero/Documents/GitHub/Bachelorarbeit-Softwaretechnik/code/src/../domain/thoughtful-SC-DEF/problem09.pddl', 'plan/plan_problem09.pddl_thoughtful-SC-DEF_cerberus_agl.txt']' timed out after 299.9999772299998 seconds. Elapsed time: 300.02 seconds
2025-08-24 03:26:31 [WARNING] src.measure_planner_energy: Planner execution terminates on problem09.pddl without solution: Command '['/home/sero/Documents/GitHub/Bachelorarbeit-Softwaretechnik/code/src/../planner/cerberus_agl/cerberus_agl.sif', '/home/sero/Documents/GitHub/Bachelorarbeit-Softwaretechnik/code/src/../domain/thoughtful-SC-DEF/domain.pddl', '/home/sero/Documents/GitHub/Bachelorarbeit-Softwaretechnik/code/src/../domain/thoughtful-SC-DEF/problem09.pddl', 'plan/plan_problem09.pddl_thoughtful-SC-DEF_cerberus_agl.txt']' timed out after 299.9999691160001 seconds. Elapsed time: 300.02 seconds
2025-08-24 03:31:31 [WARNING] src.measure_planner_energy: Planner execution terminates on problem09.pddl without solution: Command '['/home/sero/Documents/GitHub/Bachelorarbeit-Softwaretechnik/code/src/../planner/cerberus_agl/cerberus_agl.sif', '/home/sero/Documents/GitHub/Bachelorarbeit-Softwaretechnik/code/src/../domain/thoughtful-SC-DEF/domain.pddl', '/home/sero/Documents/GitHub/Bachelorarbeit-Softwaretechnik/code/src/../domain/thoughtful-SC-DEF/problem09.pddl', 'plan/plan_problem09.pddl_thoughtful-SC-DEF_cerberus_agl.txt']' timed out after 299.9999611740004 seconds. Elapsed time: 300.01 seconds
2025-08-24 03:36:31 [WARNING] src.measure_planner_energy: Planner execution terminates on problem09.pddl without solution: Command '['/home/sero/Documents/GitHub/Bachelorarbeit-Softwaretechnik/code/src/../planner/cerberus_agl/cerberus_agl.sif', '/home/sero/Documents/GitHub/Bachelorarbeit-Softwaretechnik/code/src/../domain/thoughtful-SC-DEF/domain.pddl', '/home/sero/Documents/GitHub/Bachelorarbeit-Softwaretechnik/code/src/../domain/thoughtful-SC-DEF/problem09.pddl', 'plan/plan_problem09.pddl_thoughtful-SC-DEF_cerberus_agl.txt']' timed out after 299.99996242199995 seconds. Elapsed time: 300.02 seconds
2025-08-24 03:41:31 [WARNING] src.measure_planner_energy: Planner execution terminates on problem09.pddl without solution: Command '['/home/sero/Documents/GitHub/Bachelorarbeit-Softwaretechnik/code/src/../planner/cerberus_agl/cerberus_agl.sif', '/home/sero/Documents/GitHub/Bachelorarbeit-Softwaretechnik/code/src/../domain/thoughtful-SC-DEF/domain.pddl', '/home/sero/Documents/GitHub/Bachelorarbeit-Softwaretechnik/code/src/../domain/thoughtful-SC-DEF/problem09.pddl', 'plan/plan_problem09.pddl_thoughtful-SC-DEF_cerberus_agl.txt']' timed out after 299.9999700219996 seconds. Elapsed time: 300.02 seconds
2025-08-24 03:46:31 [WARNING] src.measure_planner_energy: Planner execution terminates on problem09.pddl without solution: Command '['/home/sero/Documents/GitHub/Bachelorarbeit-Softwaretechnik/code/src/../planner/cerberus_agl/cerberus_agl.sif', '/home/sero/Documents/GitHub/Bachelorarbeit-Softwaretechnik/code/src/../domain/thoughtful-SC-DEF/domain.pddl', '/home/sero/Documents/GitHub/Bachelorarbeit-Softwaretechnik/code/src/../domain/thoughtful-SC-DEF/problem09.pddl', 'plan/plan_problem09.pddl_thoughtful-SC-DEF_cerberus_agl.txt']' timed out after 299.99997417099985 seconds. Elapsed time: 300.02 seconds
2025-08-24 03:51:31 [WARNING] src.measure_planner_energy: Planner execution terminates on problem09.pddl without solution: Command '['/home/sero/Documents/GitHub/Bachelorarbeit-Softwaretechnik/code/src/../planner/cerberus_agl/cerberus_agl.sif', '/home/sero/Documents/GitHub/Bachelorarbeit-Softwaretechnik/code/src/../domain/thoughtful-SC-DEF/domain.pddl', '/home/sero/Documents/GitHub/Bachelorarbeit-Softwaretechnik/code/src/../domain/thoughtful-SC-DEF/problem09.pddl', 'plan/plan_problem09.pddl_thoughtful-SC-DEF_cerberus_agl.txt']' timed out after 299.9999749100007 seconds. Elapsed time: 300.02 seconds
2025-08-24 03:56:31 [WARNING] src.measure_planner_energy: Planner execution terminates on problem09.pddl without solution: Command '['/home/sero/Documents/GitHub/Bachelorarbeit-Softwaretechnik/code/src/../planner/cerberus_agl/cerberus_agl.sif', '/home/sero/Documents/GitHub/Bachelorarbeit-Softwaretechnik/code/src/../domain/thoughtful-SC-DEF/domain.pddl', '/home/sero/Documents/GitHub/Bachelorarbeit-Softwaretechnik/code/src/../domain/thoughtful-SC-DEF/problem09.pddl', 'plan/plan_problem09.pddl_thoughtful-SC-DEF_cerberus_agl.txt']' timed out after 299.9999745410005 seconds. Elapsed time: 300.01 seconds
2025-08-24 04:01:31 [WARNING] src.measure_planner_energy: Planner execution terminates on problem09.pddl without solution: Command '['/home/sero/Documents/GitHub/Bachelorarbeit-Softwaretechnik/code/src/../planner/cerberus_agl/cerberus_agl.sif', '/home/sero/Documents/GitHub/Bachelorarbeit-Softwaretechnik/code/src/../domain/thoughtful-SC-DEF/domain.pddl', '/home/sero/Documents/GitHub/Bachelorarbeit-Softwaretechnik/code/src/../domain/thoughtful-SC-DEF/problem09.pddl', 'plan/plan_problem09.pddl_thoughtful-SC-DEF_cerberus_agl.txt']' timed out after 299.99997316900044 seconds. Elapsed time: 300.02 seconds
2025-08-24 04:06:31 [WARNING] src.measure_planner_energy: Planner execution terminates on problem09.pddl without solution: Command '['/home/sero/Documents/GitHub/Bachelorarbeit-Softwaretechnik/code/src/../planner/cerberus_agl/cerberus_agl.sif', '/home/sero/Documents/GitHub/Bachelorarbeit-Softwaretechnik/code/src/../domain/thoughtful-SC-DEF/domain.pddl', '/home/sero/Documents/GitHub/Bachelorarbeit-Softwaretechnik/code/src/../domain/thoughtful-SC-DEF/problem09.pddl', 'plan/plan_problem09.pddl_thoughtful-SC-DEF_cerberus_agl.txt']' timed out after 299.9999662810005 seconds. Elapsed time: 300.02 seconds
2025-08-24 04:06:31 [INFO] root: Waiting for system to be idle (CPU usage < 2.0%)...
2025-08-24 04:06:36 [INFO] root: CPU usage: 100.00%, RAM used: 12.55 GB, available: 2.23 GB (85.50%). Waiting...
2025-08-24 04:06:41 [INFO] root: CPU usage: 100.00%, RAM used: 12.55 GB, available: 2.23 GB (85.50%). Waiting...
2025-08-24 04:06:46 [INFO] root: CPU usage: 100.00%, RAM used: 12.56 GB, available: 2.22 GB (85.60%). Waiting...
2025-08-24 04:06:51 [INFO] root: CPU usage: 100.00%, RAM used: 12.56 GB, available: 2.22 GB (85.60%). Waiting...
2025-08-24 04:06:56 [INFO] root: CPU usage: 100.00%, RAM used: 12.56 GB, available: 2.22 GB (85.60%). Waiting...
2025-08-24 04:07:01 [INFO] root: CPU usage: 100.00%, RAM used: 12.57 GB, available: 2.21 GB (85.60%). Waiting...
2025-08-24 04:07:06 [INFO] root: CPU usage: 100.00%, RAM used: 12.57 GB, available: 2.21 GB (85.70%). Waiting...
2025-08-24 04:07:11 [INFO] root: CPU usage: 100.00%, RAM used: 12.58 GB, available: 2.20 GB (85.70%). Waiting...
2025-08-24 04:07:16 [INFO] root: CPU usage: 100.00%, RAM used: 12.58 GB, available: 2.20 GB (85.70%). Waiting...
2025-08-24 04:07:21 [INFO] root: CPU usage: 100.00%, RAM used: 12.59 GB, available: 2.19 GB (85.80%). Waiting...
2025-08-24 04:07:26 [INFO] root: CPU usage: 100.00%, RAM used: 12.59 GB, available: 2.19 GB (85.80%). Waiting...
2025-08-24 04:07:31 [INFO] root: CPU usage: 100.00%, RAM used: 12.60 GB, available: 2.18 GB (85.80%). Waiting...
2025-08-24 04:07:31 [WARNING] root: Max wait time (60 seconds) exceeded. Continuing anyway...
2025-08-24 04:07:31 [INFO] src.measure_planner_energy: Measurement for problem problem09.pddl completed and saved
2025-08-24 04:07:31 [INFO] src.measure_planner_energy: Preparing to run planner on problem 'problem11.pddl'
2025-08-24 04:07:31 [INFO] src.measure_planner_energy: Cleaning Apptainer cache to avoid layer caching...
2025-08-24 04:07:32 [INFO] root: Waiting for system to be idle (CPU usage < 2.0%)...
2025-08-24 04:07:37 [INFO] root: CPU usage: 100.00%, RAM used: 12.60 GB, available: 2.17 GB (85.90%). Waiting...
2025-08-24 04:07:42 [INFO] root: CPU usage: 100.00%, RAM used: 12.62 GB, available: 2.16 GB (86.00%). Waiting...
2025-08-24 04:07:47 [INFO] root: CPU usage: 100.00%, RAM used: 12.62 GB, available: 2.16 GB (86.00%). Waiting...
2025-08-24 04:07:52 [INFO] root: CPU usage: 100.00%, RAM used: 12.62 GB, available: 2.16 GB (86.00%). Waiting...
2025-08-24 04:07:57 [INFO] root: CPU usage: 100.00%, RAM used: 12.63 GB, available: 2.15 GB (86.10%). Waiting...
2025-08-24 04:08:02 [INFO] root: CPU usage: 100.00%, RAM used: 12.64 GB, available: 2.14 GB (86.10%). Waiting...
2025-08-24 04:08:07 [INFO] root: CPU usage: 100.00%, RAM used: 12.64 GB, available: 2.14 GB (86.10%). Waiting...
2025-08-24 04:08:12 [INFO] root: CPU usage: 100.00%, RAM used: 12.64 GB, available: 2.13 GB (86.10%). Waiting...
2025-08-24 04:08:17 [INFO] root: CPU usage: 100.00%, RAM used: 12.65 GB, available: 2.13 GB (86.20%). Waiting...
2025-08-24 04:08:22 [INFO] root: CPU usage: 100.00%, RAM used: 12.65 GB, available: 2.12 GB (86.20%). Waiting...
2025-08-24 04:08:27 [INFO] root: CPU usage: 100.00%, RAM used: 12.66 GB, available: 2.12 GB (86.20%). Waiting...
2025-08-24 04:08:32 [INFO] root: CPU usage: 100.00%, RAM used: 12.66 GB, available: 2.12 GB (86.30%). Waiting...
2025-08-24 04:08:32 [WARNING] root: Max wait time (60 seconds) exceeded. Continuing anyway...
2025-08-24 04:08:32 [INFO] src.measure_planner_energy: Running planner command: ['/home/sero/Documents/GitHub/Bachelorarbeit-Softwaretechnik/code/src/../planner/cerberus_agl/cerberus_agl.sif', '/home/sero/Documents/GitHub/Bachelorarbeit-Softwaretechnik/code/src/../domain/thoughtful-SC-DEF/domain.pddl', '/home/sero/Documents/GitHub/Bachelorarbeit-Softwaretechnik/code/src/../domain/thoughtful-SC-DEF/problem11.pddl', 'plan/plan_problem11.pddl_thoughtful-SC-DEF_cerberus_agl.txt']
2025-08-24 04:09:33 [INFO] src.measure_planner_energy: Planner completed successfully for problem problem11.pddl Elapsed time: 61.40 seconds
2025-08-24 04:10:33 [INFO] src.measure_planner_energy: Planner completed successfully for problem problem11.pddl Elapsed time: 60.08 seconds
2025-08-24 04:11:36 [INFO] src.measure_planner_energy: Planner completed successfully for problem problem11.pddl Elapsed time: 62.41 seconds
2025-08-24 04:12:36 [INFO] src.measure_planner_energy: Planner completed successfully for problem problem11.pddl Elapsed time: 60.57 seconds
2025-08-24 04:13:37 [INFO] src.measure_planner_energy: Planner completed successfully for problem problem11.pddl Elapsed time: 60.39 seconds
2025-08-24 04:14:35 [INFO] src.measure_planner_energy: Planner completed successfully for problem problem11.pddl Elapsed time: 58.68 seconds
2025-08-24 04:15:34 [INFO] src.measure_planner_energy: Planner completed successfully for problem problem11.pddl Elapsed time: 58.39 seconds
2025-08-24 04:16:32 [INFO] src.measure_planner_energy: Planner completed successfully for problem problem11.pddl Elapsed time: 58.71 seconds
2025-08-24 04:17:32 [INFO] src.measure_planner_energy: Planner completed successfully for problem problem11.pddl Elapsed time: 59.97 seconds
2025-08-24 04:18:33 [INFO] src.measure_planner_energy: Planner completed successfully for problem problem11.pddl Elapsed time: 60.61 seconds
2025-08-24 04:19:30 [INFO] src.measure_planner_energy: Planner completed successfully for problem problem11.pddl Elapsed time: 56.80 seconds
2025-08-24 04:20:33 [INFO] src.measure_planner_energy: Planner completed successfully for problem problem11.pddl Elapsed time: 63.75 seconds
2025-08-24 04:21:33 [INFO] src.measure_planner_energy: Planner completed successfully for problem problem11.pddl Elapsed time: 60.01 seconds
2025-08-24 04:22:37 [INFO] src.measure_planner_energy: Planner completed successfully for problem problem11.pddl Elapsed time: 63.04 seconds
2025-08-24 04:23:37 [INFO] src.measure_planner_energy: Planner completed successfully for problem problem11.pddl Elapsed time: 60.86 seconds
2025-08-24 04:24:36 [INFO] src.measure_planner_energy: Planner completed successfully for problem problem11.pddl Elapsed time: 58.71 seconds
2025-08-24 04:25:39 [INFO] src.measure_planner_energy: Planner completed successfully for problem problem11.pddl Elapsed time: 62.78 seconds
2025-08-24 04:26:38 [INFO] src.measure_planner_energy: Planner completed successfully for problem problem11.pddl Elapsed time: 59.12 seconds
2025-08-24 04:27:40 [INFO] src.measure_planner_energy: Planner completed successfully for problem problem11.pddl Elapsed time: 61.98 seconds
2025-08-24 04:28:39 [INFO] src.measure_planner_energy: Planner completed successfully for problem problem11.pddl Elapsed time: 58.88 seconds
2025-08-24 04:29:40 [INFO] src.measure_planner_energy: Planner completed successfully for problem problem11.pddl Elapsed time: 61.42 seconds
2025-08-24 04:30:43 [INFO] src.measure_planner_energy: Planner completed successfully for problem problem11.pddl Elapsed time: 62.91 seconds
2025-08-24 04:31:47 [INFO] src.measure_planner_energy: Planner completed successfully for problem problem11.pddl Elapsed time: 63.49 seconds
2025-08-24 04:32:45 [INFO] src.measure_planner_energy: Planner completed successfully for problem problem11.pddl Elapsed time: 57.84 seconds
2025-08-24 04:33:43 [INFO] src.measure_planner_energy: Planner completed successfully for problem problem11.pddl Elapsed time: 58.26 seconds
2025-08-24 04:34:42 [INFO] src.measure_planner_energy: Planner completed successfully for problem problem11.pddl Elapsed time: 59.72 seconds
2025-08-24 04:35:42 [INFO] src.measure_planner_energy: Planner completed successfully for problem problem11.pddl Elapsed time: 59.95 seconds
2025-08-24 04:36:41 [INFO] src.measure_planner_energy: Planner completed successfully for problem problem11.pddl Elapsed time: 58.37 seconds
2025-08-24 04:37:43 [INFO] src.measure_planner_energy: Planner completed successfully for problem problem11.pddl Elapsed time: 61.80 seconds
2025-08-24 04:38:41 [INFO] src.measure_planner_energy: Planner completed successfully for problem problem11.pddl Elapsed time: 58.61 seconds
2025-08-24 04:38:41 [INFO] root: Waiting for system to be idle (CPU usage < 2.0%)...
2025-08-24 04:38:46 [INFO] root: CPU usage: 100.00%, RAM used: 13.85 GB, available: 0.95 GB (93.80%). Waiting...
2025-08-24 04:38:51 [INFO] root: CPU usage: 100.00%, RAM used: 13.86 GB, available: 0.96 GB (93.80%). Waiting...
2025-08-24 04:38:56 [INFO] root: CPU usage: 100.00%, RAM used: 13.86 GB, available: 0.95 GB (93.80%). Waiting...
2025-08-24 04:39:01 [INFO] root: CPU usage: 100.00%, RAM used: 13.86 GB, available: 0.95 GB (93.80%). Waiting...
2025-08-24 04:39:06 [INFO] root: CPU usage: 100.00%, RAM used: 13.87 GB, available: 0.94 GB (93.90%). Waiting...
2025-08-24 04:39:11 [INFO] root: CPU usage: 100.00%, RAM used: 13.87 GB, available: 0.94 GB (93.90%). Waiting...
2025-08-24 04:39:16 [INFO] root: CPU usage: 100.00%, RAM used: 13.88 GB, available: 0.94 GB (93.90%). Waiting...
2025-08-24 04:39:21 [INFO] root: CPU usage: 100.00%, RAM used: 13.88 GB, available: 0.93 GB (93.90%). Waiting...
2025-08-24 04:39:26 [INFO] root: CPU usage: 100.00%, RAM used: 13.88 GB, available: 0.93 GB (94.00%). Waiting...
2025-08-24 04:39:31 [INFO] root: CPU usage: 100.00%, RAM used: 13.89 GB, available: 0.93 GB (94.00%). Waiting...
2025-08-24 04:39:36 [INFO] root: CPU usage: 100.00%, RAM used: 13.89 GB, available: 0.92 GB (94.00%). Waiting...
2025-08-24 04:39:41 [INFO] root: CPU usage: 100.00%, RAM used: 13.90 GB, available: 0.92 GB (94.00%). Waiting...
2025-08-24 04:39:41 [WARNING] root: Max wait time (60 seconds) exceeded. Continuing anyway...
2025-08-24 04:39:41 [INFO] src.measure_planner_energy: Measurement for problem problem11.pddl completed and saved
2025-08-24 04:39:41 [INFO] src.measure_planner_energy: Preparing to run planner on problem 'problem13.pddl'
2025-08-24 04:39:41 [INFO] src.measure_planner_energy: Cleaning Apptainer cache to avoid layer caching...
2025-08-24 04:39:42 [INFO] root: Waiting for system to be idle (CPU usage < 2.0%)...
2025-08-24 04:39:47 [INFO] root: CPU usage: 100.00%, RAM used: 13.90 GB, available: 0.90 GB (94.20%). Waiting...
2025-08-24 04:39:52 [INFO] root: CPU usage: 100.00%, RAM used: 13.91 GB, available: 0.90 GB (94.20%). Waiting...
2025-08-24 04:39:57 [INFO] root: CPU usage: 100.00%, RAM used: 13.91 GB, available: 0.90 GB (94.20%). Waiting...
2025-08-24 04:40:02 [INFO] root: CPU usage: 100.00%, RAM used: 13.92 GB, available: 0.90 GB (94.20%). Waiting...
2025-08-24 04:40:07 [INFO] root: CPU usage: 100.00%, RAM used: 13.92 GB, available: 0.89 GB (94.20%). Waiting...
2025-08-24 04:40:12 [INFO] root: CPU usage: 100.00%, RAM used: 13.93 GB, available: 0.89 GB (94.20%). Waiting...
2025-08-24 04:40:17 [INFO] root: CPU usage: 100.00%, RAM used: 13.93 GB, available: 0.88 GB (94.30%). Waiting...
2025-08-24 04:40:22 [INFO] root: CPU usage: 100.00%, RAM used: 13.94 GB, available: 0.88 GB (94.30%). Waiting...
2025-08-24 04:40:27 [INFO] root: CPU usage: 100.00%, RAM used: 13.96 GB, available: 0.85 GB (94.50%). Waiting...
2025-08-24 04:40:32 [INFO] root: CPU usage: 100.00%, RAM used: 13.96 GB, available: 0.85 GB (94.50%). Waiting...
2025-08-24 04:40:37 [INFO] root: CPU usage: 100.00%, RAM used: 13.97 GB, available: 0.85 GB (94.50%). Waiting...
2025-08-24 04:40:42 [INFO] root: CPU usage: 100.00%, RAM used: 13.97 GB, available: 0.84 GB (94.50%). Waiting...
2025-08-24 04:40:42 [WARNING] root: Max wait time (60 seconds) exceeded. Continuing anyway...
2025-08-24 04:40:42 [INFO] src.measure_planner_energy: Running planner command: ['/home/sero/Documents/GitHub/Bachelorarbeit-Softwaretechnik/code/src/../planner/cerberus_agl/cerberus_agl.sif', '/home/sero/Documents/GitHub/Bachelorarbeit-Softwaretechnik/code/src/../domain/thoughtful-SC-DEF/domain.pddl', '/home/sero/Documents/GitHub/Bachelorarbeit-Softwaretechnik/code/src/../domain/thoughtful-SC-DEF/problem13.pddl', 'plan/plan_problem13.pddl_thoughtful-SC-DEF_cerberus_agl.txt']
2025-08-24 04:41:55 [INFO] src.measure_planner_energy: Planner completed successfully for problem problem13.pddl Elapsed time: 73.27 seconds
2025-08-24 04:43:13 [INFO] src.measure_planner_energy: Planner completed successfully for problem problem13.pddl Elapsed time: 77.49 seconds
2025-08-24 04:44:33 [INFO] src.measure_planner_energy: Planner completed successfully for problem problem13.pddl Elapsed time: 80.73 seconds
2025-08-24 04:45:54 [INFO] src.measure_planner_energy: Planner completed successfully for problem problem13.pddl Elapsed time: 80.83 seconds
2025-08-24 04:47:11 [INFO] src.measure_planner_energy: Planner completed successfully for problem problem13.pddl Elapsed time: 76.63 seconds
2025-08-24 04:48:30 [INFO] src.measure_planner_energy: Planner completed successfully for problem problem13.pddl Elapsed time: 79.11 seconds
2025-08-24 04:49:44 [INFO] src.measure_planner_energy: Planner completed successfully for problem problem13.pddl Elapsed time: 74.40 seconds
2025-08-24 04:51:08 [INFO] src.measure_planner_energy: Planner completed successfully for problem problem13.pddl Elapsed time: 83.54 seconds
2025-08-24 04:52:26 [INFO] src.measure_planner_energy: Planner completed successfully for problem problem13.pddl Elapsed time: 77.81 seconds
2025-08-24 04:53:48 [INFO] src.measure_planner_energy: Planner completed successfully for problem problem13.pddl Elapsed time: 82.60 seconds
2025-08-24 04:55:02 [INFO] src.measure_planner_energy: Planner completed successfully for problem problem13.pddl Elapsed time: 74.22 seconds
2025-08-24 04:56:23 [INFO] src.measure_planner_energy: Planner completed successfully for problem problem13.pddl Elapsed time: 80.93 seconds
2025-08-24 04:57:44 [INFO] src.measure_planner_energy: Planner completed successfully for problem problem13.pddl Elapsed time: 80.84 seconds
2025-08-24 04:58:59 [INFO] src.measure_planner_energy: Planner completed successfully for problem problem13.pddl Elapsed time: 74.77 seconds
2025-08-24 05:00:21 [INFO] src.measure_planner_energy: Planner completed successfully for problem problem13.pddl Elapsed time: 81.61 seconds
2025-08-24 05:01:42 [INFO] src.measure_planner_energy: Planner completed successfully for problem problem13.pddl Elapsed time: 80.98 seconds
2025-08-24 05:03:01 [INFO] src.measure_planner_energy: Planner completed successfully for problem problem13.pddl Elapsed time: 79.86 seconds
2025-08-24 05:04:21 [INFO] src.measure_planner_energy: Planner completed successfully for problem problem13.pddl Elapsed time: 79.02 seconds
2025-08-24 05:05:32 [INFO] src.measure_planner_energy: Planner completed successfully for problem problem13.pddl Elapsed time: 71.47 seconds
2025-08-24 05:06:54 [INFO] src.measure_planner_energy: Planner completed successfully for problem problem13.pddl Elapsed time: 82.28 seconds
2025-08-24 05:08:11 [INFO] src.measure_planner_energy: Planner completed successfully for problem problem13.pddl Elapsed time: 77.24 seconds
2025-08-24 05:09:25 [INFO] src.measure_planner_energy: Planner completed successfully for problem problem13.pddl Elapsed time: 73.34 seconds
2025-08-24 05:10:46 [INFO] src.measure_planner_energy: Planner completed successfully for problem problem13.pddl Elapsed time: 80.71 seconds
2025-08-24 05:12:05 [INFO] src.measure_planner_energy: Planner completed successfully for problem problem13.pddl Elapsed time: 78.97 seconds
2025-08-24 05:13:24 [INFO] src.measure_planner_energy: Planner completed successfully for problem problem13.pddl Elapsed time: 79.25 seconds
2025-08-24 05:14:44 [INFO] src.measure_planner_energy: Planner completed successfully for problem problem13.pddl Elapsed time: 80.72 seconds
2025-08-24 05:16:03 [INFO] src.measure_planner_energy: Planner completed successfully for problem problem13.pddl Elapsed time: 78.96 seconds
2025-08-24 05:17:19 [INFO] src.measure_planner_energy: Planner completed successfully for problem problem13.pddl Elapsed time: 75.16 seconds
2025-08-24 05:18:34 [INFO] src.measure_planner_energy: Planner completed successfully for problem problem13.pddl Elapsed time: 74.99 seconds
2025-08-24 05:19:52 [INFO] src.measure_planner_energy: Planner completed successfully for problem problem13.pddl Elapsed time: 78.05 seconds
2025-08-24 05:19:52 [INFO] root: Waiting for system to be idle (CPU usage < 2.0%)...
2025-08-24 05:19:57 [INFO] root: CPU usage: 100.00%, RAM used: 14.63 GB, available: 0.19 GB (98.70%). Waiting...
2025-08-24 05:20:02 [INFO] root: CPU usage: 100.00%, RAM used: 14.63 GB, available: 0.19 GB (98.80%). Waiting...
2025-08-24 05:20:07 [INFO] root: CPU usage: 100.00%, RAM used: 14.64 GB, available: 0.20 GB (98.70%). Waiting...
2025-08-24 05:20:12 [INFO] root: CPU usage: 100.00%, RAM used: 14.64 GB, available: 0.20 GB (98.70%). Waiting...
2025-08-24 05:20:17 [INFO] root: CPU usage: 100.00%, RAM used: 14.64 GB, available: 0.19 GB (98.70%). Waiting...
2025-08-24 05:20:22 [INFO] root: CPU usage: 100.00%, RAM used: 14.64 GB, available: 0.19 GB (98.70%). Waiting...
2025-08-24 05:20:27 [INFO] root: CPU usage: 100.00%, RAM used: 14.65 GB, available: 0.19 GB (98.80%). Waiting...
2025-08-24 05:20:32 [INFO] root: CPU usage: 100.00%, RAM used: 14.65 GB, available: 0.18 GB (98.80%). Waiting...
2025-08-24 05:20:37 [INFO] root: CPU usage: 100.00%, RAM used: 14.66 GB, available: 0.18 GB (98.80%). Waiting...
2025-08-24 05:20:42 [INFO] root: CPU usage: 100.00%, RAM used: 14.66 GB, available: 0.18 GB (98.90%). Waiting...
2025-08-24 05:20:47 [INFO] root: CPU usage: 100.00%, RAM used: 14.66 GB, available: 0.17 GB (98.90%). Waiting...
2025-08-24 05:20:52 [INFO] root: CPU usage: 100.00%, RAM used: 14.67 GB, available: 0.17 GB (98.90%). Waiting...
2025-08-24 05:20:52 [WARNING] root: Max wait time (60 seconds) exceeded. Continuing anyway...
2025-08-24 05:20:52 [INFO] src.measure_planner_energy: Measurement for problem problem13.pddl completed and saved
2025-08-24 05:20:52 [INFO] src.measure_planner_energy: Preparing to run planner on problem 'problem15.pddl'
2025-08-24 05:20:52 [INFO] src.measure_planner_energy: Cleaning Apptainer cache to avoid layer caching...
2025-08-24 05:20:52 [INFO] root: Waiting for system to be idle (CPU usage < 2.0%)...
2025-08-24 05:20:57 [INFO] root: CPU usage: 100.00%, RAM used: 14.66 GB, available: 0.15 GB (99.00%). Waiting...
2025-08-24 05:21:02 [INFO] root: CPU usage: 100.00%, RAM used: 14.67 GB, available: 0.16 GB (99.00%). Waiting...
2025-08-24 05:21:07 [INFO] root: CPU usage: 100.00%, RAM used: 14.68 GB, available: 0.15 GB (99.00%). Waiting...
2025-08-24 05:21:12 [INFO] root: CPU usage: 100.00%, RAM used: 14.69 GB, available: 0.15 GB (99.10%). Waiting...
2025-08-24 05:21:17 [INFO] root: CPU usage: 100.00%, RAM used: 14.69 GB, available: 0.14 GB (99.10%). Waiting...
2025-08-24 05:21:22 [INFO] root: CPU usage: 100.00%, RAM used: 14.69 GB, available: 0.14 GB (99.10%). Waiting...
2025-08-24 05:21:27 [INFO] root: CPU usage: 100.00%, RAM used: 14.70 GB, available: 0.14 GB (99.10%). Waiting...
2025-08-24 05:21:32 [INFO] root: CPU usage: 100.00%, RAM used: 14.70 GB, available: 0.14 GB (99.10%). Waiting...
2025-08-24 05:21:37 [INFO] root: CPU usage: 100.00%, RAM used: 14.71 GB, available: 0.13 GB (99.10%). Waiting...
2025-08-24 05:21:43 [INFO] root: CPU usage: 100.00%, RAM used: 14.71 GB, available: 0.13 GB (99.10%). Waiting...
2025-08-24 05:21:48 [INFO] root: CPU usage: 100.00%, RAM used: 14.72 GB, available: 0.13 GB (99.20%). Waiting...
2025-08-24 05:21:53 [INFO] root: CPU usage: 100.00%, RAM used: 14.72 GB, available: 0.12 GB (99.20%). Waiting...
2025-08-24 05:21:53 [WARNING] root: Max wait time (60 seconds) exceeded. Continuing anyway...
2025-08-24 05:21:53 [INFO] src.measure_planner_energy: Running planner command: ['/home/sero/Documents/GitHub/Bachelorarbeit-Softwaretechnik/code/src/../planner/cerberus_agl/cerberus_agl.sif', '/home/sero/Documents/GitHub/Bachelorarbeit-Softwaretechnik/code/src/../domain/thoughtful-SC-DEF/domain.pddl', '/home/sero/Documents/GitHub/Bachelorarbeit-Softwaretechnik/code/src/../domain/thoughtful-SC-DEF/problem15.pddl', 'plan/plan_problem15.pddl_thoughtful-SC-DEF_cerberus_agl.txt']
2025-08-24 05:26:53 [WARNING] src.measure_planner_energy: Planner execution terminates on problem15.pddl without solution: Command '['/home/sero/Documents/GitHub/Bachelorarbeit-Softwaretechnik/code/src/../planner/cerberus_agl/cerberus_agl.sif', '/home/sero/Documents/GitHub/Bachelorarbeit-Softwaretechnik/code/src/../domain/thoughtful-SC-DEF/domain.pddl', '/home/sero/Documents/GitHub/Bachelorarbeit-Softwaretechnik/code/src/../domain/thoughtful-SC-DEF/problem15.pddl', 'plan/plan_problem15.pddl_thoughtful-SC-DEF_cerberus_agl.txt']' timed out after 299.99996709100014 seconds. Elapsed time: 300.05 seconds
2025-08-24 05:31:55 [WARNING] src.measure_planner_energy: Planner execution terminates on problem15.pddl without solution: Command '['/home/sero/Documents/GitHub/Bachelorarbeit-Softwaretechnik/code/src/../planner/cerberus_agl/cerberus_agl.sif', '/home/sero/Documents/GitHub/Bachelorarbeit-Softwaretechnik/code/src/../domain/thoughtful-SC-DEF/domain.pddl', '/home/sero/Documents/GitHub/Bachelorarbeit-Softwaretechnik/code/src/../domain/thoughtful-SC-DEF/problem15.pddl', 'plan/plan_problem15.pddl_thoughtful-SC-DEF_cerberus_agl.txt']' timed out after 299.99647123199975 seconds. Elapsed time: 302.36 seconds
2025-08-24 05:36:56 [WARNING] src.measure_planner_energy: Planner execution terminates on problem15.pddl without solution: Command '['/home/sero/Documents/GitHub/Bachelorarbeit-Softwaretechnik/code/src/../planner/cerberus_agl/cerberus_agl.sif', '/home/sero/Documents/GitHub/Bachelorarbeit-Softwaretechnik/code/src/../domain/thoughtful-SC-DEF/domain.pddl', '/home/sero/Documents/GitHub/Bachelorarbeit-Softwaretechnik/code/src/../domain/thoughtful-SC-DEF/problem15.pddl', 'plan/plan_problem15.pddl_thoughtful-SC-DEF_cerberus_agl.txt']' timed out after 299.99951517800037 seconds. Elapsed time: 300.58 seconds
2025-08-24 05:42:06 [WARNING] src.measure_planner_energy: Planner execution terminates on problem15.pddl without solution: Command '['/home/sero/Documents/GitHub/Bachelorarbeit-Softwaretechnik/code/src/../planner/cerberus_agl/cerberus_agl.sif', '/home/sero/Documents/GitHub/Bachelorarbeit-Softwaretechnik/code/src/../domain/thoughtful-SC-DEF/domain.pddl', '/home/sero/Documents/GitHub/Bachelorarbeit-Softwaretechnik/code/src/../domain/thoughtful-SC-DEF/problem15.pddl', 'plan/plan_problem15.pddl_thoughtful-SC-DEF_cerberus_agl.txt']' timed out after 299.9994252710003 seconds. Elapsed time: 309.34 seconds
2025-08-24 05:44:34 [WARNING] src.measure_planner_energy: Planner execution terminates on problem15.pddl without solution: Command '['/home/sero/Documents/GitHub/Bachelorarbeit-Softwaretechnik/code/src/../planner/cerberus_agl/cerberus_agl.sif', '/home/sero/Documents/GitHub/Bachelorarbeit-Softwaretechnik/code/src/../domain/thoughtful-SC-DEF/domain.pddl', '/home/sero/Documents/GitHub/Bachelorarbeit-Softwaretechnik/code/src/../domain/thoughtful-SC-DEF/problem15.pddl', 'plan/plan_problem15.pddl_thoughtful-SC-DEF_cerberus_agl.txt']' returned non-zero exit status 1.. Elapsed time: 148.34 seconds
2025-08-24 05:45:21 [INFO] src.measure_planner_energy: Planner completed successfully for problem problem15.pddl Elapsed time: 47.27 seconds
2025-08-24 05:46:21 [INFO] src.measure_planner_energy: Planner completed successfully for problem problem15.pddl Elapsed time: 59.09 seconds
2025-08-24 05:51:21 [WARNING] src.measure_planner_energy: Planner execution terminates on problem15.pddl without solution: Command '['/home/sero/Documents/GitHub/Bachelorarbeit-Softwaretechnik/code/src/../planner/cerberus_agl/cerberus_agl.sif', '/home/sero/Documents/GitHub/Bachelorarbeit-Softwaretechnik/code/src/../domain/thoughtful-SC-DEF/domain.pddl', '/home/sero/Documents/GitHub/Bachelorarbeit-Softwaretechnik/code/src/../domain/thoughtful-SC-DEF/problem15.pddl', 'plan/plan_problem15.pddl_thoughtful-SC-DEF_cerberus_agl.txt']' timed out after 299.9999643809988 seconds. Elapsed time: 300.02 seconds
