2025-08-23 03:19:38 [INFO] root: Logging init complete
2025-08-23 03:19:38 [INFO] src.cli: 
2025-08-23 03:19:38 [INFO] src.cli: 
2025-08-23 03:19:38 [INFO] src.cli: 
2025-08-23 03:19:38 [INFO] root: Running planner measurement...
2025-08-23 03:19:38 [INFO] src.measure_planner_energy: Initializing planner measurement for planner NoveltyFB in domain thoughtful-SC-DEF
2025-08-23 03:19:38 [INFO] src.util.planner_path_resolver: Found 10 problem files for domain thoughtful-SC-DEF
2025-08-23 03:19:38 [INFO] src.measure_planner_energy: Resolved paths for planner 'NoveltyFB' and domain 'thoughtful-SC-DEF'
2025-08-23 03:19:38 [INFO] root: Container /home/sero/Documents/GitHub/Bachelorarbeit-Softwaretechnik/code/src/../planner/NoveltyFB/NoveltyFB.sif already exists.
2025-08-23 03:19:38 [INFO] root: Using existing container /home/sero/Documents/GitHub/Bachelorarbeit-Softwaretechnik/code/src/../planner/NoveltyFB/NoveltyFB.sif.
2025-08-23 03:19:38 [INFO] src.measure_planner_energy: Preparing to run planner on problem 'problem01.pddl'
2025-08-23 03:19:38 [INFO] src.measure_planner_energy: Cleaning Apptainer cache to avoid layer caching...
2025-08-23 03:19:38 [INFO] root: Waiting for system to be idle (CPU usage < 2.0%)...
2025-08-23 03:19:43 [INFO] root: System is idle. CPU: 0.60%, RAM used: 1.71 GB, available: 13.10 GB (15.00%). Continuing...
2025-08-23 03:19:43 [INFO] src.measure_planner_energy: Running planner command: ['/home/sero/Documents/GitHub/Bachelorarbeit-Softwaretechnik/code/src/../planner/NoveltyFB/NoveltyFB.sif', '/home/sero/Documents/GitHub/Bachelorarbeit-Softwaretechnik/code/src/../domain/thoughtful-SC-DEF/domain.pddl', '/home/sero/Documents/GitHub/Bachelorarbeit-Softwaretechnik/code/src/../domain/thoughtful-SC-DEF/problem01.pddl', 'plan/plan_problem01.pddl_thoughtful-SC-DEF_NoveltyFB.txt']
2025-08-23 03:19:43 [INFO] src.measure_planner_energy: Planner completed successfully for problem problem01.pddl Elapsed time: 0.67 seconds
2025-08-23 03:19:44 [INFO] src.measure_planner_energy: Planner completed successfully for problem problem01.pddl Elapsed time: 0.57 seconds
2025-08-23 03:19:45 [INFO] src.measure_planner_energy: Planner completed successfully for problem problem01.pddl Elapsed time: 0.52 seconds
2025-08-23 03:19:45 [INFO] src.measure_planner_energy: Planner completed successfully for problem problem01.pddl Elapsed time: 0.57 seconds
2025-08-23 03:19:46 [INFO] src.measure_planner_energy: Planner completed successfully for problem problem01.pddl Elapsed time: 0.52 seconds
2025-08-23 03:19:46 [INFO] src.measure_planner_energy: Planner completed successfully for problem problem01.pddl Elapsed time: 0.57 seconds
2025-08-23 03:19:47 [INFO] src.measure_planner_energy: Planner completed successfully for problem problem01.pddl Elapsed time: 0.52 seconds
2025-08-23 03:19:47 [INFO] src.measure_planner_energy: Planner completed successfully for problem problem01.pddl Elapsed time: 0.52 seconds
2025-08-23 03:19:48 [INFO] src.measure_planner_energy: Planner completed successfully for problem problem01.pddl Elapsed time: 0.57 seconds
2025-08-23 03:19:48 [INFO] src.measure_planner_energy: Planner completed successfully for problem problem01.pddl Elapsed time: 0.57 seconds
2025-08-23 03:19:49 [INFO] src.measure_planner_energy: Planner completed successfully for problem problem01.pddl Elapsed time: 0.57 seconds
2025-08-23 03:19:49 [INFO] src.measure_planner_energy: Planner completed successfully for problem problem01.pddl Elapsed time: 0.57 seconds
2025-08-23 03:19:50 [INFO] src.measure_planner_energy: Planner completed successfully for problem problem01.pddl Elapsed time: 0.57 seconds
2025-08-23 03:19:51 [INFO] src.measure_planner_energy: Planner completed successfully for problem problem01.pddl Elapsed time: 0.57 seconds
2025-08-23 03:19:51 [INFO] src.measure_planner_energy: Planner completed successfully for problem problem01.pddl Elapsed time: 0.57 seconds
2025-08-23 03:19:52 [INFO] src.measure_planner_energy: Planner completed successfully for problem problem01.pddl Elapsed time: 0.57 seconds
2025-08-23 03:19:52 [INFO] src.measure_planner_energy: Planner completed successfully for problem problem01.pddl Elapsed time: 0.57 seconds
2025-08-23 03:19:53 [INFO] src.measure_planner_energy: Planner completed successfully for problem problem01.pddl Elapsed time: 0.57 seconds
2025-08-23 03:19:53 [INFO] src.measure_planner_energy: Planner completed successfully for problem problem01.pddl Elapsed time: 0.52 seconds
2025-08-23 03:19:54 [INFO] src.measure_planner_energy: Planner completed successfully for problem problem01.pddl Elapsed time: 0.56 seconds
2025-08-23 03:19:55 [INFO] src.measure_planner_energy: Planner completed successfully for problem problem01.pddl Elapsed time: 0.57 seconds
2025-08-23 03:19:55 [INFO] src.measure_planner_energy: Planner completed successfully for problem problem01.pddl Elapsed time: 0.52 seconds
2025-08-23 03:19:56 [INFO] src.measure_planner_energy: Planner completed successfully for problem problem01.pddl Elapsed time: 0.57 seconds
2025-08-23 03:19:56 [INFO] src.measure_planner_energy: Planner completed successfully for problem problem01.pddl Elapsed time: 0.57 seconds
2025-08-23 03:19:57 [INFO] src.measure_planner_energy: Planner completed successfully for problem problem01.pddl Elapsed time: 0.52 seconds
2025-08-23 03:19:57 [INFO] src.measure_planner_energy: Planner completed successfully for problem problem01.pddl Elapsed time: 0.57 seconds
2025-08-23 03:19:58 [INFO] src.measure_planner_energy: Planner completed successfully for problem problem01.pddl Elapsed time: 0.57 seconds
2025-08-23 03:19:58 [INFO] src.measure_planner_energy: Planner completed successfully for problem problem01.pddl Elapsed time: 0.52 seconds
2025-08-23 03:19:59 [INFO] src.measure_planner_energy: Planner completed successfully for problem problem01.pddl Elapsed time: 0.52 seconds
2025-08-23 03:19:59 [INFO] src.measure_planner_energy: Planner completed successfully for problem problem01.pddl Elapsed time: 0.57 seconds
2025-08-23 03:19:59 [INFO] root: Waiting for system to be idle (CPU usage < 2.0%)...
2025-08-23 03:20:04 [INFO] root: System is idle. CPU: 0.60%, RAM used: 1.74 GB, available: 13.09 GB (15.10%). Continuing...
2025-08-23 03:20:04 [INFO] src.measure_planner_energy: Measurement for problem problem01.pddl completed and saved
2025-08-23 03:20:04 [INFO] src.measure_planner_energy: Preparing to run planner on problem 'problem03.pddl'
2025-08-23 03:20:04 [INFO] src.measure_planner_energy: Cleaning Apptainer cache to avoid layer caching...
2025-08-23 03:20:04 [INFO] root: Waiting for system to be idle (CPU usage < 2.0%)...
2025-08-23 03:20:09 [INFO] root: System is idle. CPU: 0.50%, RAM used: 1.72 GB, available: 13.11 GB (14.90%). Continuing...
2025-08-23 03:20:09 [INFO] src.measure_planner_energy: Running planner command: ['/home/sero/Documents/GitHub/Bachelorarbeit-Softwaretechnik/code/src/../planner/NoveltyFB/NoveltyFB.sif', '/home/sero/Documents/GitHub/Bachelorarbeit-Softwaretechnik/code/src/../domain/thoughtful-SC-DEF/domain.pddl', '/home/sero/Documents/GitHub/Bachelorarbeit-Softwaretechnik/code/src/../domain/thoughtful-SC-DEF/problem03.pddl', 'plan/plan_problem03.pddl_thoughtful-SC-DEF_NoveltyFB.txt']
2025-08-23 03:20:10 [INFO] src.measure_planner_energy: Planner completed successfully for problem problem03.pddl Elapsed time: 0.57 seconds
2025-08-23 03:20:11 [INFO] src.measure_planner_energy: Planner completed successfully for problem problem03.pddl Elapsed time: 0.57 seconds
2025-08-23 03:20:11 [INFO] src.measure_planner_energy: Planner completed successfully for problem problem03.pddl Elapsed time: 0.57 seconds
2025-08-23 03:20:12 [INFO] src.measure_planner_energy: Planner completed successfully for problem problem03.pddl Elapsed time: 0.57 seconds
2025-08-23 03:20:12 [INFO] src.measure_planner_energy: Planner completed successfully for problem problem03.pddl Elapsed time: 0.57 seconds
2025-08-23 03:20:13 [INFO] src.measure_planner_energy: Planner completed successfully for problem problem03.pddl Elapsed time: 0.52 seconds
2025-08-23 03:20:13 [INFO] src.measure_planner_energy: Planner completed successfully for problem problem03.pddl Elapsed time: 0.56 seconds
2025-08-23 03:20:14 [INFO] src.measure_planner_energy: Planner completed successfully for problem problem03.pddl Elapsed time: 0.57 seconds
2025-08-23 03:20:14 [INFO] src.measure_planner_energy: Planner completed successfully for problem problem03.pddl Elapsed time: 0.57 seconds
2025-08-23 03:20:15 [INFO] src.measure_planner_energy: Planner completed successfully for problem problem03.pddl Elapsed time: 0.57 seconds
2025-08-23 03:20:16 [INFO] src.measure_planner_energy: Planner completed successfully for problem problem03.pddl Elapsed time: 0.57 seconds
2025-08-23 03:20:16 [INFO] src.measure_planner_energy: Planner completed successfully for problem problem03.pddl Elapsed time: 0.57 seconds
2025-08-23 03:20:17 [INFO] src.measure_planner_energy: Planner completed successfully for problem problem03.pddl Elapsed time: 0.52 seconds
2025-08-23 03:20:17 [INFO] src.measure_planner_energy: Planner completed successfully for problem problem03.pddl Elapsed time: 0.57 seconds
2025-08-23 03:20:18 [INFO] src.measure_planner_energy: Planner completed successfully for problem problem03.pddl Elapsed time: 0.52 seconds
2025-08-23 03:20:18 [INFO] src.measure_planner_energy: Planner completed successfully for problem problem03.pddl Elapsed time: 0.57 seconds
2025-08-23 03:20:19 [INFO] src.measure_planner_energy: Planner completed successfully for problem problem03.pddl Elapsed time: 0.57 seconds
2025-08-23 03:20:19 [INFO] src.measure_planner_energy: Planner completed successfully for problem problem03.pddl Elapsed time: 0.57 seconds
2025-08-23 03:20:20 [INFO] src.measure_planner_energy: Planner completed successfully for problem problem03.pddl Elapsed time: 0.57 seconds
2025-08-23 03:20:21 [INFO] src.measure_planner_energy: Planner completed successfully for problem problem03.pddl Elapsed time: 0.57 seconds
2025-08-23 03:20:21 [INFO] src.measure_planner_energy: Planner completed successfully for problem problem03.pddl Elapsed time: 0.57 seconds
2025-08-23 03:20:22 [INFO] src.measure_planner_energy: Planner completed successfully for problem problem03.pddl Elapsed time: 0.57 seconds
2025-08-23 03:20:22 [INFO] src.measure_planner_energy: Planner completed successfully for problem problem03.pddl Elapsed time: 0.57 seconds
2025-08-23 03:20:23 [INFO] src.measure_planner_energy: Planner completed successfully for problem problem03.pddl Elapsed time: 0.52 seconds
2025-08-23 03:20:23 [INFO] src.measure_planner_energy: Planner completed successfully for problem problem03.pddl Elapsed time: 0.57 seconds
2025-08-23 03:20:24 [INFO] src.measure_planner_energy: Planner completed successfully for problem problem03.pddl Elapsed time: 0.57 seconds
2025-08-23 03:20:25 [INFO] src.measure_planner_energy: Planner completed successfully for problem problem03.pddl Elapsed time: 0.57 seconds
2025-08-23 03:20:25 [INFO] src.measure_planner_energy: Planner completed successfully for problem problem03.pddl Elapsed time: 0.57 seconds
2025-08-23 03:20:26 [INFO] src.measure_planner_energy: Planner completed successfully for problem problem03.pddl Elapsed time: 0.57 seconds
2025-08-23 03:20:26 [INFO] src.measure_planner_energy: Planner completed successfully for problem problem03.pddl Elapsed time: 0.57 seconds
2025-08-23 03:20:26 [INFO] root: Waiting for system to be idle (CPU usage < 2.0%)...
2025-08-23 03:20:31 [INFO] root: System is idle. CPU: 0.50%, RAM used: 1.78 GB, available: 13.05 GB (15.30%). Continuing...
2025-08-23 03:20:31 [INFO] src.measure_planner_energy: Measurement for problem problem03.pddl completed and saved
2025-08-23 03:20:31 [INFO] src.measure_planner_energy: Preparing to run planner on problem 'problem05.pddl'
2025-08-23 03:20:31 [INFO] src.measure_planner_energy: Cleaning Apptainer cache to avoid layer caching...
2025-08-23 03:20:31 [INFO] root: Waiting for system to be idle (CPU usage < 2.0%)...
2025-08-23 03:20:36 [INFO] root: System is idle. CPU: 0.40%, RAM used: 1.74 GB, available: 13.08 GB (15.10%). Continuing...
2025-08-23 03:20:36 [INFO] src.measure_planner_energy: Running planner command: ['/home/sero/Documents/GitHub/Bachelorarbeit-Softwaretechnik/code/src/../planner/NoveltyFB/NoveltyFB.sif', '/home/sero/Documents/GitHub/Bachelorarbeit-Softwaretechnik/code/src/../domain/thoughtful-SC-DEF/domain.pddl', '/home/sero/Documents/GitHub/Bachelorarbeit-Softwaretechnik/code/src/../domain/thoughtful-SC-DEF/problem05.pddl', 'plan/plan_problem05.pddl_thoughtful-SC-DEF_NoveltyFB.txt']
2025-08-23 03:20:37 [INFO] src.measure_planner_energy: Planner completed successfully for problem problem05.pddl Elapsed time: 0.57 seconds
2025-08-23 03:20:37 [INFO] src.measure_planner_energy: Planner completed successfully for problem problem05.pddl Elapsed time: 0.57 seconds
2025-08-23 03:20:38 [INFO] src.measure_planner_energy: Planner completed successfully for problem problem05.pddl Elapsed time: 0.52 seconds
2025-08-23 03:20:38 [INFO] src.measure_planner_energy: Planner completed successfully for problem problem05.pddl Elapsed time: 0.52 seconds
2025-08-23 03:20:39 [INFO] src.measure_planner_energy: Planner completed successfully for problem problem05.pddl Elapsed time: 0.52 seconds
2025-08-23 03:20:39 [INFO] src.measure_planner_energy: Planner completed successfully for problem problem05.pddl Elapsed time: 0.57 seconds
2025-08-23 03:20:40 [INFO] src.measure_planner_energy: Planner completed successfully for problem problem05.pddl Elapsed time: 0.52 seconds
2025-08-23 03:20:40 [INFO] src.measure_planner_energy: Planner completed successfully for problem problem05.pddl Elapsed time: 0.52 seconds
2025-08-23 03:20:41 [INFO] src.measure_planner_energy: Planner completed successfully for problem problem05.pddl Elapsed time: 0.52 seconds
2025-08-23 03:20:42 [INFO] src.measure_planner_energy: Planner completed successfully for problem problem05.pddl Elapsed time: 0.52 seconds
2025-08-23 03:20:42 [INFO] src.measure_planner_energy: Planner completed successfully for problem problem05.pddl Elapsed time: 0.51 seconds
2025-08-23 03:20:43 [INFO] src.measure_planner_energy: Planner completed successfully for problem problem05.pddl Elapsed time: 0.52 seconds
2025-08-23 03:20:43 [INFO] src.measure_planner_energy: Planner completed successfully for problem problem05.pddl Elapsed time: 0.52 seconds
2025-08-23 03:20:44 [INFO] src.measure_planner_energy: Planner completed successfully for problem problem05.pddl Elapsed time: 0.52 seconds
2025-08-23 03:20:44 [INFO] src.measure_planner_energy: Planner completed successfully for problem problem05.pddl Elapsed time: 0.52 seconds
2025-08-23 03:20:45 [INFO] src.measure_planner_energy: Planner completed successfully for problem problem05.pddl Elapsed time: 0.52 seconds
2025-08-23 03:20:45 [INFO] src.measure_planner_energy: Planner completed successfully for problem problem05.pddl Elapsed time: 0.57 seconds
2025-08-23 03:20:46 [INFO] src.measure_planner_energy: Planner completed successfully for problem problem05.pddl Elapsed time: 0.52 seconds
2025-08-23 03:20:46 [INFO] src.measure_planner_energy: Planner completed successfully for problem problem05.pddl Elapsed time: 0.52 seconds
2025-08-23 03:20:47 [INFO] src.measure_planner_energy: Planner completed successfully for problem problem05.pddl Elapsed time: 0.52 seconds
2025-08-23 03:20:47 [INFO] src.measure_planner_energy: Planner completed successfully for problem problem05.pddl Elapsed time: 0.57 seconds
2025-08-23 03:20:48 [INFO] src.measure_planner_energy: Planner completed successfully for problem problem05.pddl Elapsed time: 0.57 seconds
2025-08-23 03:20:48 [INFO] src.measure_planner_energy: Planner completed successfully for problem problem05.pddl Elapsed time: 0.52 seconds
2025-08-23 03:20:49 [INFO] src.measure_planner_energy: Planner completed successfully for problem problem05.pddl Elapsed time: 0.52 seconds
2025-08-23 03:20:49 [INFO] src.measure_planner_energy: Planner completed successfully for problem problem05.pddl Elapsed time: 0.52 seconds
2025-08-23 03:20:50 [INFO] src.measure_planner_energy: Planner completed successfully for problem problem05.pddl Elapsed time: 0.52 seconds
2025-08-23 03:20:50 [INFO] src.measure_planner_energy: Planner completed successfully for problem problem05.pddl Elapsed time: 0.52 seconds
2025-08-23 03:20:51 [INFO] src.measure_planner_energy: Planner completed successfully for problem problem05.pddl Elapsed time: 0.57 seconds
2025-08-23 03:20:52 [INFO] src.measure_planner_energy: Planner completed successfully for problem problem05.pddl Elapsed time: 0.52 seconds
2025-08-23 03:20:52 [INFO] src.measure_planner_energy: Planner completed successfully for problem problem05.pddl Elapsed time: 0.52 seconds
2025-08-23 03:20:52 [INFO] root: Waiting for system to be idle (CPU usage < 2.0%)...
2025-08-23 03:20:57 [INFO] root: System is idle. CPU: 0.50%, RAM used: 1.76 GB, available: 13.05 GB (15.30%). Continuing...
2025-08-23 03:20:57 [INFO] src.measure_planner_energy: Measurement for problem problem05.pddl completed and saved
2025-08-23 03:20:57 [INFO] src.measure_planner_energy: Preparing to run planner on problem 'problem07.pddl'
2025-08-23 03:20:57 [INFO] src.measure_planner_energy: Cleaning Apptainer cache to avoid layer caching...
2025-08-23 03:20:57 [INFO] root: Waiting for system to be idle (CPU usage < 2.0%)...
2025-08-23 03:21:02 [INFO] root: System is idle. CPU: 0.60%, RAM used: 1.73 GB, available: 13.08 GB (15.10%). Continuing...
2025-08-23 03:21:02 [INFO] src.measure_planner_energy: Running planner command: ['/home/sero/Documents/GitHub/Bachelorarbeit-Softwaretechnik/code/src/../planner/NoveltyFB/NoveltyFB.sif', '/home/sero/Documents/GitHub/Bachelorarbeit-Softwaretechnik/code/src/../domain/thoughtful-SC-DEF/domain.pddl', '/home/sero/Documents/GitHub/Bachelorarbeit-Softwaretechnik/code/src/../domain/thoughtful-SC-DEF/problem07.pddl', 'plan/plan_problem07.pddl_thoughtful-SC-DEF_NoveltyFB.txt']
2025-08-23 03:26:02 [WARNING] src.measure_planner_energy: Planner execution terminates on problem07.pddl without solution: Command '['/home/sero/Documents/GitHub/Bachelorarbeit-Softwaretechnik/code/src/../planner/NoveltyFB/NoveltyFB.sif', '/home/sero/Documents/GitHub/Bachelorarbeit-Softwaretechnik/code/src/../domain/thoughtful-SC-DEF/domain.pddl', '/home/sero/Documents/GitHub/Bachelorarbeit-Softwaretechnik/code/src/../domain/thoughtful-SC-DEF/problem07.pddl', 'plan/plan_problem07.pddl_thoughtful-SC-DEF_NoveltyFB.txt']' timed out after 299.99998745899995 seconds. Elapsed time: 300.00 seconds
2025-08-23 03:31:02 [WARNING] src.measure_planner_energy: Planner execution terminates on problem07.pddl without solution: Command '['/home/sero/Documents/GitHub/Bachelorarbeit-Softwaretechnik/code/src/../planner/NoveltyFB/NoveltyFB.sif', '/home/sero/Documents/GitHub/Bachelorarbeit-Softwaretechnik/code/src/../domain/thoughtful-SC-DEF/domain.pddl', '/home/sero/Documents/GitHub/Bachelorarbeit-Softwaretechnik/code/src/../domain/thoughtful-SC-DEF/problem07.pddl', 'plan/plan_problem07.pddl_thoughtful-SC-DEF_NoveltyFB.txt']' timed out after 299.999989733 seconds. Elapsed time: 300.00 seconds
2025-08-23 03:36:02 [WARNING] src.measure_planner_energy: Planner execution terminates on problem07.pddl without solution: Command '['/home/sero/Documents/GitHub/Bachelorarbeit-Softwaretechnik/code/src/../planner/NoveltyFB/NoveltyFB.sif', '/home/sero/Documents/GitHub/Bachelorarbeit-Softwaretechnik/code/src/../domain/thoughtful-SC-DEF/domain.pddl', '/home/sero/Documents/GitHub/Bachelorarbeit-Softwaretechnik/code/src/../domain/thoughtful-SC-DEF/problem07.pddl', 'plan/plan_problem07.pddl_thoughtful-SC-DEF_NoveltyFB.txt']' timed out after 299.9999858770001 seconds. Elapsed time: 300.00 seconds
2025-08-23 03:41:02 [WARNING] src.measure_planner_energy: Planner execution terminates on problem07.pddl without solution: Command '['/home/sero/Documents/GitHub/Bachelorarbeit-Softwaretechnik/code/src/../planner/NoveltyFB/NoveltyFB.sif', '/home/sero/Documents/GitHub/Bachelorarbeit-Softwaretechnik/code/src/../domain/thoughtful-SC-DEF/domain.pddl', '/home/sero/Documents/GitHub/Bachelorarbeit-Softwaretechnik/code/src/../domain/thoughtful-SC-DEF/problem07.pddl', 'plan/plan_problem07.pddl_thoughtful-SC-DEF_NoveltyFB.txt']' timed out after 299.99998561999996 seconds. Elapsed time: 300.00 seconds
2025-08-23 03:46:02 [WARNING] src.measure_planner_energy: Planner execution terminates on problem07.pddl without solution: Command '['/home/sero/Documents/GitHub/Bachelorarbeit-Softwaretechnik/code/src/../planner/NoveltyFB/NoveltyFB.sif', '/home/sero/Documents/GitHub/Bachelorarbeit-Softwaretechnik/code/src/../domain/thoughtful-SC-DEF/domain.pddl', '/home/sero/Documents/GitHub/Bachelorarbeit-Softwaretechnik/code/src/../domain/thoughtful-SC-DEF/problem07.pddl', 'plan/plan_problem07.pddl_thoughtful-SC-DEF_NoveltyFB.txt']' timed out after 299.999985703 seconds. Elapsed time: 300.00 seconds
2025-08-23 03:51:02 [WARNING] src.measure_planner_energy: Planner execution terminates on problem07.pddl without solution: Command '['/home/sero/Documents/GitHub/Bachelorarbeit-Softwaretechnik/code/src/../planner/NoveltyFB/NoveltyFB.sif', '/home/sero/Documents/GitHub/Bachelorarbeit-Softwaretechnik/code/src/../domain/thoughtful-SC-DEF/domain.pddl', '/home/sero/Documents/GitHub/Bachelorarbeit-Softwaretechnik/code/src/../domain/thoughtful-SC-DEF/problem07.pddl', 'plan/plan_problem07.pddl_thoughtful-SC-DEF_NoveltyFB.txt']' timed out after 299.99998475100006 seconds. Elapsed time: 300.00 seconds
2025-08-23 03:56:02 [WARNING] src.measure_planner_energy: Planner execution terminates on problem07.pddl without solution: Command '['/home/sero/Documents/GitHub/Bachelorarbeit-Softwaretechnik/code/src/../planner/NoveltyFB/NoveltyFB.sif', '/home/sero/Documents/GitHub/Bachelorarbeit-Softwaretechnik/code/src/../domain/thoughtful-SC-DEF/domain.pddl', '/home/sero/Documents/GitHub/Bachelorarbeit-Softwaretechnik/code/src/../domain/thoughtful-SC-DEF/problem07.pddl', 'plan/plan_problem07.pddl_thoughtful-SC-DEF_NoveltyFB.txt']' timed out after 299.99998452800014 seconds. Elapsed time: 300.00 seconds
2025-08-23 04:01:02 [WARNING] src.measure_planner_energy: Planner execution terminates on problem07.pddl without solution: Command '['/home/sero/Documents/GitHub/Bachelorarbeit-Softwaretechnik/code/src/../planner/NoveltyFB/NoveltyFB.sif', '/home/sero/Documents/GitHub/Bachelorarbeit-Softwaretechnik/code/src/../domain/thoughtful-SC-DEF/domain.pddl', '/home/sero/Documents/GitHub/Bachelorarbeit-Softwaretechnik/code/src/../domain/thoughtful-SC-DEF/problem07.pddl', 'plan/plan_problem07.pddl_thoughtful-SC-DEF_NoveltyFB.txt']' timed out after 299.9999800989999 seconds. Elapsed time: 300.00 seconds
2025-08-23 04:06:02 [WARNING] src.measure_planner_energy: Planner execution terminates on problem07.pddl without solution: Command '['/home/sero/Documents/GitHub/Bachelorarbeit-Softwaretechnik/code/src/../planner/NoveltyFB/NoveltyFB.sif', '/home/sero/Documents/GitHub/Bachelorarbeit-Softwaretechnik/code/src/../domain/thoughtful-SC-DEF/domain.pddl', '/home/sero/Documents/GitHub/Bachelorarbeit-Softwaretechnik/code/src/../domain/thoughtful-SC-DEF/problem07.pddl', 'plan/plan_problem07.pddl_thoughtful-SC-DEF_NoveltyFB.txt']' timed out after 299.9999814820003 seconds. Elapsed time: 300.00 seconds
2025-08-23 04:11:02 [WARNING] src.measure_planner_energy: Planner execution terminates on problem07.pddl without solution: Command '['/home/sero/Documents/GitHub/Bachelorarbeit-Softwaretechnik/code/src/../planner/NoveltyFB/NoveltyFB.sif', '/home/sero/Documents/GitHub/Bachelorarbeit-Softwaretechnik/code/src/../domain/thoughtful-SC-DEF/domain.pddl', '/home/sero/Documents/GitHub/Bachelorarbeit-Softwaretechnik/code/src/../domain/thoughtful-SC-DEF/problem07.pddl', 'plan/plan_problem07.pddl_thoughtful-SC-DEF_NoveltyFB.txt']' timed out after 299.9999794639998 seconds. Elapsed time: 300.00 seconds
2025-08-23 04:16:02 [WARNING] src.measure_planner_energy: Planner execution terminates on problem07.pddl without solution: Command '['/home/sero/Documents/GitHub/Bachelorarbeit-Softwaretechnik/code/src/../planner/NoveltyFB/NoveltyFB.sif', '/home/sero/Documents/GitHub/Bachelorarbeit-Softwaretechnik/code/src/../domain/thoughtful-SC-DEF/domain.pddl', '/home/sero/Documents/GitHub/Bachelorarbeit-Softwaretechnik/code/src/../domain/thoughtful-SC-DEF/problem07.pddl', 'plan/plan_problem07.pddl_thoughtful-SC-DEF_NoveltyFB.txt']' timed out after 299.9999809340002 seconds. Elapsed time: 300.00 seconds
2025-08-23 04:21:02 [WARNING] src.measure_planner_energy: Planner execution terminates on problem07.pddl without solution: Command '['/home/sero/Documents/GitHub/Bachelorarbeit-Softwaretechnik/code/src/../planner/NoveltyFB/NoveltyFB.sif', '/home/sero/Documents/GitHub/Bachelorarbeit-Softwaretechnik/code/src/../domain/thoughtful-SC-DEF/domain.pddl', '/home/sero/Documents/GitHub/Bachelorarbeit-Softwaretechnik/code/src/../domain/thoughtful-SC-DEF/problem07.pddl', 'plan/plan_problem07.pddl_thoughtful-SC-DEF_NoveltyFB.txt']' timed out after 299.99998245999996 seconds. Elapsed time: 300.01 seconds
2025-08-23 04:26:02 [WARNING] src.measure_planner_energy: Planner execution terminates on problem07.pddl without solution: Command '['/home/sero/Documents/GitHub/Bachelorarbeit-Softwaretechnik/code/src/../planner/NoveltyFB/NoveltyFB.sif', '/home/sero/Documents/GitHub/Bachelorarbeit-Softwaretechnik/code/src/../domain/thoughtful-SC-DEF/domain.pddl', '/home/sero/Documents/GitHub/Bachelorarbeit-Softwaretechnik/code/src/../domain/thoughtful-SC-DEF/problem07.pddl', 'plan/plan_problem07.pddl_thoughtful-SC-DEF_NoveltyFB.txt']' timed out after 299.99996977199953 seconds. Elapsed time: 300.01 seconds
2025-08-23 04:31:02 [WARNING] src.measure_planner_energy: Planner execution terminates on problem07.pddl without solution: Command '['/home/sero/Documents/GitHub/Bachelorarbeit-Softwaretechnik/code/src/../planner/NoveltyFB/NoveltyFB.sif', '/home/sero/Documents/GitHub/Bachelorarbeit-Softwaretechnik/code/src/../domain/thoughtful-SC-DEF/domain.pddl', '/home/sero/Documents/GitHub/Bachelorarbeit-Softwaretechnik/code/src/../domain/thoughtful-SC-DEF/problem07.pddl', 'plan/plan_problem07.pddl_thoughtful-SC-DEF_NoveltyFB.txt']' timed out after 299.9999837989999 seconds. Elapsed time: 300.02 seconds
2025-08-23 04:36:02 [WARNING] src.measure_planner_energy: Planner execution terminates on problem07.pddl without solution: Command '['/home/sero/Documents/GitHub/Bachelorarbeit-Softwaretechnik/code/src/../planner/NoveltyFB/NoveltyFB.sif', '/home/sero/Documents/GitHub/Bachelorarbeit-Softwaretechnik/code/src/../domain/thoughtful-SC-DEF/domain.pddl', '/home/sero/Documents/GitHub/Bachelorarbeit-Softwaretechnik/code/src/../domain/thoughtful-SC-DEF/problem07.pddl', 'plan/plan_problem07.pddl_thoughtful-SC-DEF_NoveltyFB.txt']' timed out after 299.9986713879998 seconds. Elapsed time: 300.02 seconds
2025-08-23 04:41:03 [WARNING] src.measure_planner_energy: Planner execution terminates on problem07.pddl without solution: Command '['/home/sero/Documents/GitHub/Bachelorarbeit-Softwaretechnik/code/src/../planner/NoveltyFB/NoveltyFB.sif', '/home/sero/Documents/GitHub/Bachelorarbeit-Softwaretechnik/code/src/../domain/thoughtful-SC-DEF/domain.pddl', '/home/sero/Documents/GitHub/Bachelorarbeit-Softwaretechnik/code/src/../domain/thoughtful-SC-DEF/problem07.pddl', 'plan/plan_problem07.pddl_thoughtful-SC-DEF_NoveltyFB.txt']' timed out after 299.999981854 seconds. Elapsed time: 300.38 seconds
2025-08-23 04:46:11 [WARNING] src.measure_planner_energy: Planner execution terminates on problem07.pddl without solution: Command '['/home/sero/Documents/GitHub/Bachelorarbeit-Softwaretechnik/code/src/../planner/NoveltyFB/NoveltyFB.sif', '/home/sero/Documents/GitHub/Bachelorarbeit-Softwaretechnik/code/src/../domain/thoughtful-SC-DEF/domain.pddl', '/home/sero/Documents/GitHub/Bachelorarbeit-Softwaretechnik/code/src/../domain/thoughtful-SC-DEF/problem07.pddl', 'plan/plan_problem07.pddl_thoughtful-SC-DEF_NoveltyFB.txt']' timed out after 299.9849859879996 seconds. Elapsed time: 307.65 seconds
2025-08-23 04:51:17 [WARNING] src.measure_planner_energy: Planner execution terminates on problem07.pddl without solution: Command '['/home/sero/Documents/GitHub/Bachelorarbeit-Softwaretechnik/code/src/../planner/NoveltyFB/NoveltyFB.sif', '/home/sero/Documents/GitHub/Bachelorarbeit-Softwaretechnik/code/src/../domain/thoughtful-SC-DEF/domain.pddl', '/home/sero/Documents/GitHub/Bachelorarbeit-Softwaretechnik/code/src/../domain/thoughtful-SC-DEF/problem07.pddl', 'plan/plan_problem07.pddl_thoughtful-SC-DEF_NoveltyFB.txt']' timed out after 299.91232389499964 seconds. Elapsed time: 305.04 seconds
2025-08-23 04:56:32 [WARNING] src.measure_planner_energy: Planner execution terminates on problem07.pddl without solution: Command '['/home/sero/Documents/GitHub/Bachelorarbeit-Softwaretechnik/code/src/../planner/NoveltyFB/NoveltyFB.sif', '/home/sero/Documents/GitHub/Bachelorarbeit-Softwaretechnik/code/src/../domain/thoughtful-SC-DEF/domain.pddl', '/home/sero/Documents/GitHub/Bachelorarbeit-Softwaretechnik/code/src/../domain/thoughtful-SC-DEF/problem07.pddl', 'plan/plan_problem07.pddl_thoughtful-SC-DEF_NoveltyFB.txt']' timed out after 297.80995620500016 seconds. Elapsed time: 310.19 seconds
2025-08-23 05:01:34 [WARNING] src.measure_planner_energy: Planner execution terminates on problem07.pddl without solution: Command '['/home/sero/Documents/GitHub/Bachelorarbeit-Softwaretechnik/code/src/../planner/NoveltyFB/NoveltyFB.sif', '/home/sero/Documents/GitHub/Bachelorarbeit-Softwaretechnik/code/src/../domain/thoughtful-SC-DEF/domain.pddl', '/home/sero/Documents/GitHub/Bachelorarbeit-Softwaretechnik/code/src/../domain/thoughtful-SC-DEF/problem07.pddl', 'plan/plan_problem07.pddl_thoughtful-SC-DEF_NoveltyFB.txt']' timed out after 299.998490596 seconds. Elapsed time: 302.08 seconds
2025-08-23 05:06:37 [WARNING] src.measure_planner_energy: Planner execution terminates on problem07.pddl without solution: Command '['/home/sero/Documents/GitHub/Bachelorarbeit-Softwaretechnik/code/src/../planner/NoveltyFB/NoveltyFB.sif', '/home/sero/Documents/GitHub/Bachelorarbeit-Softwaretechnik/code/src/../domain/thoughtful-SC-DEF/domain.pddl', '/home/sero/Documents/GitHub/Bachelorarbeit-Softwaretechnik/code/src/../domain/thoughtful-SC-DEF/problem07.pddl', 'plan/plan_problem07.pddl_thoughtful-SC-DEF_NoveltyFB.txt']' timed out after 299.9971496340004 seconds. Elapsed time: 301.83 seconds
2025-08-23 05:11:39 [WARNING] src.measure_planner_energy: Planner execution terminates on problem07.pddl without solution: Command '['/home/sero/Documents/GitHub/Bachelorarbeit-Softwaretechnik/code/src/../planner/NoveltyFB/NoveltyFB.sif', '/home/sero/Documents/GitHub/Bachelorarbeit-Softwaretechnik/code/src/../domain/thoughtful-SC-DEF/domain.pddl', '/home/sero/Documents/GitHub/Bachelorarbeit-Softwaretechnik/code/src/../domain/thoughtful-SC-DEF/problem07.pddl', 'plan/plan_problem07.pddl_thoughtful-SC-DEF_NoveltyFB.txt']' timed out after 299.98643237000033 seconds. Elapsed time: 302.43 seconds
2025-08-23 05:16:41 [WARNING] src.measure_planner_energy: Planner execution terminates on problem07.pddl without solution: Command '['/home/sero/Documents/GitHub/Bachelorarbeit-Softwaretechnik/code/src/../planner/NoveltyFB/NoveltyFB.sif', '/home/sero/Documents/GitHub/Bachelorarbeit-Softwaretechnik/code/src/../domain/thoughtful-SC-DEF/domain.pddl', '/home/sero/Documents/GitHub/Bachelorarbeit-Softwaretechnik/code/src/../domain/thoughtful-SC-DEF/problem07.pddl', 'plan/plan_problem07.pddl_thoughtful-SC-DEF_NoveltyFB.txt']' timed out after 299.8899122789999 seconds. Elapsed time: 300.53 seconds
2025-08-23 05:21:47 [WARNING] src.measure_planner_energy: Planner execution terminates on problem07.pddl without solution: Command '['/home/sero/Documents/GitHub/Bachelorarbeit-Softwaretechnik/code/src/../planner/NoveltyFB/NoveltyFB.sif', '/home/sero/Documents/GitHub/Bachelorarbeit-Softwaretechnik/code/src/../domain/thoughtful-SC-DEF/domain.pddl', '/home/sero/Documents/GitHub/Bachelorarbeit-Softwaretechnik/code/src/../domain/thoughtful-SC-DEF/problem07.pddl', 'plan/plan_problem07.pddl_thoughtful-SC-DEF_NoveltyFB.txt']' timed out after 299.9982646839999 seconds. Elapsed time: 305.83 seconds
2025-08-23 05:27:06 [WARNING] src.measure_planner_energy: Planner execution terminates on problem07.pddl without solution: Command '['/home/sero/Documents/GitHub/Bachelorarbeit-Softwaretechnik/code/src/../planner/NoveltyFB/NoveltyFB.sif', '/home/sero/Documents/GitHub/Bachelorarbeit-Softwaretechnik/code/src/../domain/thoughtful-SC-DEF/domain.pddl', '/home/sero/Documents/GitHub/Bachelorarbeit-Softwaretechnik/code/src/../domain/thoughtful-SC-DEF/problem07.pddl', 'plan/plan_problem07.pddl_thoughtful-SC-DEF_NoveltyFB.txt']' timed out after 299.9936855249998 seconds. Elapsed time: 318.94 seconds
2025-08-23 05:32:09 [WARNING] src.measure_planner_energy: Planner execution terminates on problem07.pddl without solution: Command '['/home/sero/Documents/GitHub/Bachelorarbeit-Softwaretechnik/code/src/../planner/NoveltyFB/NoveltyFB.sif', '/home/sero/Documents/GitHub/Bachelorarbeit-Softwaretechnik/code/src/../domain/thoughtful-SC-DEF/domain.pddl', '/home/sero/Documents/GitHub/Bachelorarbeit-Softwaretechnik/code/src/../domain/thoughtful-SC-DEF/problem07.pddl', 'plan/plan_problem07.pddl_thoughtful-SC-DEF_NoveltyFB.txt']' timed out after 299.9944537659994 seconds. Elapsed time: 302.79 seconds
2025-08-23 05:37:12 [WARNING] src.measure_planner_energy: Planner execution terminates on problem07.pddl without solution: Command '['/home/sero/Documents/GitHub/Bachelorarbeit-Softwaretechnik/code/src/../planner/NoveltyFB/NoveltyFB.sif', '/home/sero/Documents/GitHub/Bachelorarbeit-Softwaretechnik/code/src/../domain/thoughtful-SC-DEF/domain.pddl', '/home/sero/Documents/GitHub/Bachelorarbeit-Softwaretechnik/code/src/../domain/thoughtful-SC-DEF/problem07.pddl', 'plan/plan_problem07.pddl_thoughtful-SC-DEF_NoveltyFB.txt']' timed out after 299.94159663699884 seconds. Elapsed time: 302.67 seconds
2025-08-23 05:42:14 [WARNING] src.measure_planner_energy: Planner execution terminates on problem07.pddl without solution: Command '['/home/sero/Documents/GitHub/Bachelorarbeit-Softwaretechnik/code/src/../planner/NoveltyFB/NoveltyFB.sif', '/home/sero/Documents/GitHub/Bachelorarbeit-Softwaretechnik/code/src/../domain/thoughtful-SC-DEF/domain.pddl', '/home/sero/Documents/GitHub/Bachelorarbeit-Softwaretechnik/code/src/../domain/thoughtful-SC-DEF/problem07.pddl', 'plan/plan_problem07.pddl_thoughtful-SC-DEF_NoveltyFB.txt']' timed out after 299.9174068579996 seconds. Elapsed time: 301.66 seconds
2025-08-23 05:47:18 [WARNING] src.measure_planner_energy: Planner execution terminates on problem07.pddl without solution: Command '['/home/sero/Documents/GitHub/Bachelorarbeit-Softwaretechnik/code/src/../planner/NoveltyFB/NoveltyFB.sif', '/home/sero/Documents/GitHub/Bachelorarbeit-Softwaretechnik/code/src/../domain/thoughtful-SC-DEF/domain.pddl', '/home/sero/Documents/GitHub/Bachelorarbeit-Softwaretechnik/code/src/../domain/thoughtful-SC-DEF/problem07.pddl', 'plan/plan_problem07.pddl_thoughtful-SC-DEF_NoveltyFB.txt']' timed out after 299.98174440799994 seconds. Elapsed time: 303.15 seconds
2025-08-23 05:52:19 [WARNING] src.measure_planner_energy: Planner execution terminates on problem07.pddl without solution: Command '['/home/sero/Documents/GitHub/Bachelorarbeit-Softwaretechnik/code/src/../planner/NoveltyFB/NoveltyFB.sif', '/home/sero/Documents/GitHub/Bachelorarbeit-Softwaretechnik/code/src/../domain/thoughtful-SC-DEF/domain.pddl', '/home/sero/Documents/GitHub/Bachelorarbeit-Softwaretechnik/code/src/../domain/thoughtful-SC-DEF/problem07.pddl', 'plan/plan_problem07.pddl_thoughtful-SC-DEF_NoveltyFB.txt']' timed out after 299.907045199001 seconds. Elapsed time: 300.86 seconds
2025-08-23 05:52:19 [INFO] root: Waiting for system to be idle (CPU usage < 2.0%)...
2025-08-23 05:52:24 [INFO] root: CPU usage: 99.40%, RAM used: 15.08 GB, available: 0.09 GB (99.40%). Waiting...
2025-08-23 05:52:30 [INFO] root: CPU usage: 99.30%, RAM used: 15.08 GB, available: 0.09 GB (99.40%). Waiting...
2025-08-23 05:52:35 [INFO] root: CPU usage: 99.20%, RAM used: 15.09 GB, available: 0.08 GB (99.50%). Waiting...
2025-08-23 05:52:40 [INFO] root: CPU usage: 99.20%, RAM used: 15.08 GB, available: 0.08 GB (99.50%). Waiting...
2025-08-23 05:52:46 [INFO] root: CPU usage: 99.20%, RAM used: 15.09 GB, available: 0.08 GB (99.50%). Waiting...
2025-08-23 05:52:51 [INFO] root: CPU usage: 99.30%, RAM used: 15.09 GB, available: 0.08 GB (99.50%). Waiting...
2025-08-23 05:52:56 [INFO] root: CPU usage: 99.10%, RAM used: 15.09 GB, available: 0.08 GB (99.50%). Waiting...
2025-08-23 05:53:02 [INFO] root: CPU usage: 99.00%, RAM used: 15.08 GB, available: 0.08 GB (99.50%). Waiting...
2025-08-23 05:53:07 [INFO] root: CPU usage: 99.00%, RAM used: 15.09 GB, available: 0.08 GB (99.50%). Waiting...
2025-08-23 05:53:13 [INFO] root: CPU usage: 99.20%, RAM used: 15.08 GB, available: 0.08 GB (99.50%). Waiting...
2025-08-23 05:53:18 [INFO] root: CPU usage: 99.10%, RAM used: 15.08 GB, available: 0.09 GB (99.40%). Waiting...
2025-08-23 05:53:23 [INFO] root: CPU usage: 99.10%, RAM used: 15.09 GB, available: 0.08 GB (99.50%). Waiting...
2025-08-23 05:53:24 [WARNING] root: Max wait time (60 seconds) exceeded. Continuing anyway...
2025-08-23 05:53:24 [INFO] src.measure_planner_energy: Measurement for problem problem07.pddl completed and saved
2025-08-23 05:53:24 [INFO] src.measure_planner_energy: Preparing to run planner on problem 'problem09.pddl'
2025-08-23 05:53:24 [INFO] src.measure_planner_energy: Cleaning Apptainer cache to avoid layer caching...
2025-08-23 06:27:09 [INFO] root: Waiting for system to be idle (CPU usage < 2.0%)...
2025-08-23 06:27:14 [INFO] root: CPU usage: 99.50%, RAM used: 15.09 GB, available: 0.09 GB (99.40%). Waiting...
2025-08-23 06:27:19 [INFO] root: CPU usage: 99.30%, RAM used: 15.09 GB, available: 0.09 GB (99.40%). Waiting...
2025-08-23 06:27:24 [INFO] root: CPU usage: 99.30%, RAM used: 15.09 GB, available: 0.09 GB (99.40%). Waiting...
2025-08-23 06:27:30 [INFO] root: CPU usage: 98.90%, RAM used: 15.09 GB, available: 0.08 GB (99.50%). Waiting...
2025-08-23 06:27:35 [INFO] root: CPU usage: 99.20%, RAM used: 15.09 GB, available: 0.08 GB (99.50%). Waiting...
2025-08-23 06:27:40 [INFO] root: CPU usage: 99.20%, RAM used: 15.09 GB, available: 0.09 GB (99.40%). Waiting...
2025-08-23 06:27:46 [INFO] root: CPU usage: 99.30%, RAM used: 15.09 GB, available: 0.08 GB (99.50%). Waiting...
2025-08-23 06:27:51 [INFO] root: CPU usage: 99.30%, RAM used: 15.09 GB, available: 0.08 GB (99.50%). Waiting...
2025-08-23 06:27:56 [INFO] root: CPU usage: 99.20%, RAM used: 15.09 GB, available: 0.09 GB (99.40%). Waiting...
2025-08-23 06:28:02 [INFO] root: CPU usage: 99.30%, RAM used: 15.09 GB, available: 0.08 GB (99.50%). Waiting...
2025-08-23 06:28:07 [INFO] root: CPU usage: 99.20%, RAM used: 15.09 GB, available: 0.08 GB (99.50%). Waiting...
2025-08-23 06:28:13 [INFO] root: CPU usage: 99.30%, RAM used: 15.09 GB, available: 0.08 GB (99.50%). Waiting...
2025-08-23 06:28:13 [WARNING] root: Max wait time (60 seconds) exceeded. Continuing anyway...
2025-08-23 06:28:13 [INFO] src.measure_planner_energy: Running planner command: ['/home/sero/Documents/GitHub/Bachelorarbeit-Softwaretechnik/code/src/../planner/NoveltyFB/NoveltyFB.sif', '/home/sero/Documents/GitHub/Bachelorarbeit-Softwaretechnik/code/src/../domain/thoughtful-SC-DEF/domain.pddl', '/home/sero/Documents/GitHub/Bachelorarbeit-Softwaretechnik/code/src/../domain/thoughtful-SC-DEF/problem09.pddl', 'plan/plan_problem09.pddl_thoughtful-SC-DEF_NoveltyFB.txt']
2025-08-23 06:33:16 [WARNING] src.measure_planner_energy: Planner execution terminates on problem09.pddl without solution: Command '['/home/sero/Documents/GitHub/Bachelorarbeit-Softwaretechnik/code/src/../planner/NoveltyFB/NoveltyFB.sif', '/home/sero/Documents/GitHub/Bachelorarbeit-Softwaretechnik/code/src/../domain/thoughtful-SC-DEF/domain.pddl', '/home/sero/Documents/GitHub/Bachelorarbeit-Softwaretechnik/code/src/../domain/thoughtful-SC-DEF/problem09.pddl', 'plan/plan_problem09.pddl_thoughtful-SC-DEF_NoveltyFB.txt']' timed out after 299.9815246899998 seconds. Elapsed time: 302.44 seconds
2025-08-23 06:38:21 [WARNING] src.measure_planner_energy: Planner execution terminates on problem09.pddl without solution: Command '['/home/sero/Documents/GitHub/Bachelorarbeit-Softwaretechnik/code/src/../planner/NoveltyFB/NoveltyFB.sif', '/home/sero/Documents/GitHub/Bachelorarbeit-Softwaretechnik/code/src/../domain/thoughtful-SC-DEF/domain.pddl', '/home/sero/Documents/GitHub/Bachelorarbeit-Softwaretechnik/code/src/../domain/thoughtful-SC-DEF/problem09.pddl', 'plan/plan_problem09.pddl_thoughtful-SC-DEF_NoveltyFB.txt']' timed out after 299.8916779610008 seconds. Elapsed time: 304.51 seconds
2025-08-23 06:43:26 [WARNING] src.measure_planner_energy: Planner execution terminates on problem09.pddl without solution: Command '['/home/sero/Documents/GitHub/Bachelorarbeit-Softwaretechnik/code/src/../planner/NoveltyFB/NoveltyFB.sif', '/home/sero/Documents/GitHub/Bachelorarbeit-Softwaretechnik/code/src/../domain/thoughtful-SC-DEF/domain.pddl', '/home/sero/Documents/GitHub/Bachelorarbeit-Softwaretechnik/code/src/../domain/thoughtful-SC-DEF/problem09.pddl', 'plan/plan_problem09.pddl_thoughtful-SC-DEF_NoveltyFB.txt']' timed out after 299.7629487589984 seconds. Elapsed time: 303.53 seconds
2025-08-23 06:48:31 [WARNING] src.measure_planner_energy: Planner execution terminates on problem09.pddl without solution: Command '['/home/sero/Documents/GitHub/Bachelorarbeit-Softwaretechnik/code/src/../planner/NoveltyFB/NoveltyFB.sif', '/home/sero/Documents/GitHub/Bachelorarbeit-Softwaretechnik/code/src/../domain/thoughtful-SC-DEF/domain.pddl', '/home/sero/Documents/GitHub/Bachelorarbeit-Softwaretechnik/code/src/../domain/thoughtful-SC-DEF/problem09.pddl', 'plan/plan_problem09.pddl_thoughtful-SC-DEF_NoveltyFB.txt']' timed out after 299.9950616920014 seconds. Elapsed time: 304.20 seconds
2025-08-23 06:53:36 [WARNING] src.measure_planner_energy: Planner execution terminates on problem09.pddl without solution: Command '['/home/sero/Documents/GitHub/Bachelorarbeit-Softwaretechnik/code/src/../planner/NoveltyFB/NoveltyFB.sif', '/home/sero/Documents/GitHub/Bachelorarbeit-Softwaretechnik/code/src/../domain/thoughtful-SC-DEF/domain.pddl', '/home/sero/Documents/GitHub/Bachelorarbeit-Softwaretechnik/code/src/../domain/thoughtful-SC-DEF/problem09.pddl', 'plan/plan_problem09.pddl_thoughtful-SC-DEF_NoveltyFB.txt']' timed out after 299.9594719119996 seconds. Elapsed time: 304.37 seconds
2025-08-23 06:58:41 [WARNING] src.measure_planner_energy: Planner execution terminates on problem09.pddl without solution: Command '['/home/sero/Documents/GitHub/Bachelorarbeit-Softwaretechnik/code/src/../planner/NoveltyFB/NoveltyFB.sif', '/home/sero/Documents/GitHub/Bachelorarbeit-Softwaretechnik/code/src/../domain/thoughtful-SC-DEF/domain.pddl', '/home/sero/Documents/GitHub/Bachelorarbeit-Softwaretechnik/code/src/../domain/thoughtful-SC-DEF/problem09.pddl', 'plan/plan_problem09.pddl_thoughtful-SC-DEF_NoveltyFB.txt']' timed out after 299.97353968399875 seconds. Elapsed time: 303.92 seconds
2025-08-23 07:03:49 [WARNING] src.measure_planner_energy: Planner execution terminates on problem09.pddl without solution: Command '['/home/sero/Documents/GitHub/Bachelorarbeit-Softwaretechnik/code/src/../planner/NoveltyFB/NoveltyFB.sif', '/home/sero/Documents/GitHub/Bachelorarbeit-Softwaretechnik/code/src/../domain/thoughtful-SC-DEF/domain.pddl', '/home/sero/Documents/GitHub/Bachelorarbeit-Softwaretechnik/code/src/../domain/thoughtful-SC-DEF/problem09.pddl', 'plan/plan_problem09.pddl_thoughtful-SC-DEF_NoveltyFB.txt']' timed out after 299.8956434699994 seconds. Elapsed time: 306.67 seconds
2025-08-23 07:08:56 [WARNING] src.measure_planner_energy: Planner execution terminates on problem09.pddl without solution: Command '['/home/sero/Documents/GitHub/Bachelorarbeit-Softwaretechnik/code/src/../planner/NoveltyFB/NoveltyFB.sif', '/home/sero/Documents/GitHub/Bachelorarbeit-Softwaretechnik/code/src/../domain/thoughtful-SC-DEF/domain.pddl', '/home/sero/Documents/GitHub/Bachelorarbeit-Softwaretechnik/code/src/../domain/thoughtful-SC-DEF/problem09.pddl', 'plan/plan_problem09.pddl_thoughtful-SC-DEF_NoveltyFB.txt']' timed out after 299.83248548200027 seconds. Elapsed time: 305.83 seconds
2025-08-23 07:14:13 [WARNING] src.measure_planner_energy: Planner execution terminates on problem09.pddl without solution: Command '['/home/sero/Documents/GitHub/Bachelorarbeit-Softwaretechnik/code/src/../planner/NoveltyFB/NoveltyFB.sif', '/home/sero/Documents/GitHub/Bachelorarbeit-Softwaretechnik/code/src/../domain/thoughtful-SC-DEF/domain.pddl', '/home/sero/Documents/GitHub/Bachelorarbeit-Softwaretechnik/code/src/../domain/thoughtful-SC-DEF/problem09.pddl', 'plan/plan_problem09.pddl_thoughtful-SC-DEF_NoveltyFB.txt']' timed out after 299.22726280200004 seconds. Elapsed time: 308.07 seconds
2025-08-23 07:19:17 [WARNING] src.measure_planner_energy: Planner execution terminates on problem09.pddl without solution: Command '['/home/sero/Documents/GitHub/Bachelorarbeit-Softwaretechnik/code/src/../planner/NoveltyFB/NoveltyFB.sif', '/home/sero/Documents/GitHub/Bachelorarbeit-Softwaretechnik/code/src/../domain/thoughtful-SC-DEF/domain.pddl', '/home/sero/Documents/GitHub/Bachelorarbeit-Softwaretechnik/code/src/../domain/thoughtful-SC-DEF/problem09.pddl', 'plan/plan_problem09.pddl_thoughtful-SC-DEF_NoveltyFB.txt']' timed out after 299.98881324800095 seconds. Elapsed time: 303.57 seconds
2025-08-23 07:24:26 [WARNING] src.measure_planner_energy: Planner execution terminates on problem09.pddl without solution: Command '['/home/sero/Documents/GitHub/Bachelorarbeit-Softwaretechnik/code/src/../planner/NoveltyFB/NoveltyFB.sif', '/home/sero/Documents/GitHub/Bachelorarbeit-Softwaretechnik/code/src/../domain/thoughtful-SC-DEF/domain.pddl', '/home/sero/Documents/GitHub/Bachelorarbeit-Softwaretechnik/code/src/../domain/thoughtful-SC-DEF/problem09.pddl', 'plan/plan_problem09.pddl_thoughtful-SC-DEF_NoveltyFB.txt']' timed out after 299.8646016929997 seconds. Elapsed time: 307.26 seconds
2025-08-23 07:29:33 [WARNING] src.measure_planner_energy: Planner execution terminates on problem09.pddl without solution: Command '['/home/sero/Documents/GitHub/Bachelorarbeit-Softwaretechnik/code/src/../planner/NoveltyFB/NoveltyFB.sif', '/home/sero/Documents/GitHub/Bachelorarbeit-Softwaretechnik/code/src/../domain/thoughtful-SC-DEF/domain.pddl', '/home/sero/Documents/GitHub/Bachelorarbeit-Softwaretechnik/code/src/../domain/thoughtful-SC-DEF/problem09.pddl', 'plan/plan_problem09.pddl_thoughtful-SC-DEF_NoveltyFB.txt']' timed out after 299.82600897799966 seconds. Elapsed time: 305.66 seconds
2025-08-23 07:34:42 [WARNING] src.measure_planner_energy: Planner execution terminates on problem09.pddl without solution: Command '['/home/sero/Documents/GitHub/Bachelorarbeit-Softwaretechnik/code/src/../planner/NoveltyFB/NoveltyFB.sif', '/home/sero/Documents/GitHub/Bachelorarbeit-Softwaretechnik/code/src/../domain/thoughtful-SC-DEF/domain.pddl', '/home/sero/Documents/GitHub/Bachelorarbeit-Softwaretechnik/code/src/../domain/thoughtful-SC-DEF/problem09.pddl', 'plan/plan_problem09.pddl_thoughtful-SC-DEF_NoveltyFB.txt']' timed out after 299.91934892599966 seconds. Elapsed time: 306.98 seconds
