2025-08-24 00:24:10 [INFO] root: Logging init complete
2025-08-24 00:24:10 [INFO] src.cli: 
2025-08-24 00:24:10 [INFO] src.cli: 
2025-08-24 00:24:10 [INFO] src.cli: 
2025-08-24 00:24:10 [INFO] root: Running planner measurement...
2025-08-24 00:24:10 [INFO] src.measure_planner_energy: Initializing planner measurement for planner NoveltyFB in domain blocks-world-SC-DEF
2025-08-24 00:24:10 [INFO] src.util.planner_path_resolver: Found 10 problem files for domain blocks-world-SC-DEF
2025-08-24 00:24:10 [INFO] src.measure_planner_energy: Resolved paths for planner 'NoveltyFB' and domain 'blocks-world-SC-DEF'
2025-08-24 00:24:10 [INFO] root: Container /home/sero/Documents/GitHub/Bachelorarbeit-Softwaretechnik/code/src/../planner/NoveltyFB/NoveltyFB.sif already exists.
2025-08-24 00:24:10 [INFO] root: Using existing container /home/sero/Documents/GitHub/Bachelorarbeit-Softwaretechnik/code/src/../planner/NoveltyFB/NoveltyFB.sif.
2025-08-24 00:24:10 [INFO] src.measure_planner_energy: Preparing to run planner on problem 'problem101.pddl'
2025-08-24 00:24:10 [INFO] src.measure_planner_energy: Cleaning Apptainer cache to avoid layer caching...
2025-08-24 00:24:10 [INFO] root: Waiting for system to be idle (CPU usage < 2.0%)...
2025-08-24 00:24:15 [INFO] root: System is idle. CPU: 0.50%, RAM used: 1.72 GB, available: 13.11 GB (14.90%). Continuing...
2025-08-24 00:24:15 [INFO] src.measure_planner_energy: Running planner command: ['/home/sero/Documents/GitHub/Bachelorarbeit-Softwaretechnik/code/src/../planner/NoveltyFB/NoveltyFB.sif', '/home/sero/Documents/GitHub/Bachelorarbeit-Softwaretechnik/code/src/../domain/blocks-world-SC-DEF/domain.pddl', '/home/sero/Documents/GitHub/Bachelorarbeit-Softwaretechnik/code/src/../domain/blocks-world-SC-DEF/problem101.pddl', 'plan/plan_problem101.pddl_blocks-world-SC-DEF_NoveltyFB.txt']
2025-08-24 00:29:15 [WARNING] src.measure_planner_energy: Planner execution terminates on problem101.pddl without solution: Command '['/home/sero/Documents/GitHub/Bachelorarbeit-Softwaretechnik/code/src/../planner/NoveltyFB/NoveltyFB.sif', '/home/sero/Documents/GitHub/Bachelorarbeit-Softwaretechnik/code/src/../domain/blocks-world-SC-DEF/domain.pddl', '/home/sero/Documents/GitHub/Bachelorarbeit-Softwaretechnik/code/src/../domain/blocks-world-SC-DEF/problem101.pddl', 'plan/plan_problem101.pddl_blocks-world-SC-DEF_NoveltyFB.txt']' timed out after 299.999977826 seconds. Elapsed time: 300.00 seconds
2025-08-24 00:34:15 [WARNING] src.measure_planner_energy: Planner execution terminates on problem101.pddl without solution: Command '['/home/sero/Documents/GitHub/Bachelorarbeit-Softwaretechnik/code/src/../planner/NoveltyFB/NoveltyFB.sif', '/home/sero/Documents/GitHub/Bachelorarbeit-Softwaretechnik/code/src/../domain/blocks-world-SC-DEF/domain.pddl', '/home/sero/Documents/GitHub/Bachelorarbeit-Softwaretechnik/code/src/../domain/blocks-world-SC-DEF/problem101.pddl', 'plan/plan_problem101.pddl_blocks-world-SC-DEF_NoveltyFB.txt']' timed out after 299.999984332 seconds. Elapsed time: 300.00 seconds
2025-08-24 00:39:15 [WARNING] src.measure_planner_energy: Planner execution terminates on problem101.pddl without solution: Command '['/home/sero/Documents/GitHub/Bachelorarbeit-Softwaretechnik/code/src/../planner/NoveltyFB/NoveltyFB.sif', '/home/sero/Documents/GitHub/Bachelorarbeit-Softwaretechnik/code/src/../domain/blocks-world-SC-DEF/domain.pddl', '/home/sero/Documents/GitHub/Bachelorarbeit-Softwaretechnik/code/src/../domain/blocks-world-SC-DEF/problem101.pddl', 'plan/plan_problem101.pddl_blocks-world-SC-DEF_NoveltyFB.txt']' timed out after 299.999984544 seconds. Elapsed time: 300.00 seconds
2025-08-24 00:44:26 [WARNING] src.measure_planner_energy: Planner execution terminates on problem101.pddl without solution: Command '['/home/sero/Documents/GitHub/Bachelorarbeit-Softwaretechnik/code/src/../planner/NoveltyFB/NoveltyFB.sif', '/home/sero/Documents/GitHub/Bachelorarbeit-Softwaretechnik/code/src/../domain/blocks-world-SC-DEF/domain.pddl', '/home/sero/Documents/GitHub/Bachelorarbeit-Softwaretechnik/code/src/../domain/blocks-world-SC-DEF/problem101.pddl', 'plan/plan_problem101.pddl_blocks-world-SC-DEF_NoveltyFB.txt']' timed out after 299.999977404 seconds. Elapsed time: 310.99 seconds
2025-08-24 00:49:36 [WARNING] src.measure_planner_energy: Planner execution terminates on problem101.pddl without solution: Command '['/home/sero/Documents/GitHub/Bachelorarbeit-Softwaretechnik/code/src/../planner/NoveltyFB/NoveltyFB.sif', '/home/sero/Documents/GitHub/Bachelorarbeit-Softwaretechnik/code/src/../domain/blocks-world-SC-DEF/domain.pddl', '/home/sero/Documents/GitHub/Bachelorarbeit-Softwaretechnik/code/src/../domain/blocks-world-SC-DEF/problem101.pddl', 'plan/plan_problem101.pddl_blocks-world-SC-DEF_NoveltyFB.txt']' timed out after 299.80098286399993 seconds. Elapsed time: 307.43 seconds
2025-08-24 00:55:06 [WARNING] src.measure_planner_energy: Planner execution terminates on problem101.pddl without solution: Command '['/home/sero/Documents/GitHub/Bachelorarbeit-Softwaretechnik/code/src/../planner/NoveltyFB/NoveltyFB.sif', '/home/sero/Documents/GitHub/Bachelorarbeit-Softwaretechnik/code/src/../domain/blocks-world-SC-DEF/domain.pddl', '/home/sero/Documents/GitHub/Bachelorarbeit-Softwaretechnik/code/src/../domain/blocks-world-SC-DEF/problem101.pddl', 'plan/plan_problem101.pddl_blocks-world-SC-DEF_NoveltyFB.txt']' timed out after 297.43583450100004 seconds. Elapsed time: 323.51 seconds
