2025-08-25 10:56:18 [INFO] root: Logging init complete
2025-08-25 10:56:18 [INFO] src.cli: 
2025-08-25 10:56:18 [INFO] src.cli: 
2025-08-25 10:56:18 [INFO] src.cli: 
2025-08-25 10:56:18 [INFO] root: Running planner measurement...
2025-08-25 10:56:18 [INFO] src.measure_planner_energy: Initializing planner measurement for planner cerberus_agl in domain blocks-world-SC-DEF
2025-08-25 10:56:18 [INFO] src.util.planner_path_resolver: Found 10 problem files for domain blocks-world-SC-DEF
2025-08-25 10:56:18 [INFO] src.measure_planner_energy: Resolved paths for planner 'cerberus_agl' and domain 'blocks-world-SC-DEF'
2025-08-25 10:56:18 [INFO] root: Container /home/sero/Documents/GitHub/Bachelorarbeit-Softwaretechnik/code/src/../planner/cerberus_agl/cerberus_agl.sif already exists.
2025-08-25 10:56:18 [INFO] root: Using existing container /home/sero/Documents/GitHub/Bachelorarbeit-Softwaretechnik/code/src/../planner/cerberus_agl/cerberus_agl.sif.
2025-08-25 10:56:18 [INFO] src.measure_planner_energy: Preparing to run planner on problem 'problem101.pddl'
2025-08-25 10:56:18 [INFO] src.measure_planner_energy: Cleaning Apptainer cache to avoid layer caching...
2025-08-25 10:56:18 [INFO] root: Waiting for system to be idle (CPU usage < 2.0%)...
2025-08-25 10:56:23 [INFO] root: System is idle. CPU: 0.50%, RAM used: 1.71 GB, available: 13.11 GB (14.90%). Continuing...
2025-08-25 10:56:23 [INFO] src.measure_planner_energy: Running planner command: ['/home/sero/Documents/GitHub/Bachelorarbeit-Softwaretechnik/code/src/../planner/cerberus_agl/cerberus_agl.sif', '/home/sero/Documents/GitHub/Bachelorarbeit-Softwaretechnik/code/src/../domain/blocks-world-SC-DEF/domain.pddl', '/home/sero/Documents/GitHub/Bachelorarbeit-Softwaretechnik/code/src/../domain/blocks-world-SC-DEF/problem101.pddl', 'plan/plan_problem101.pddl_blocks-world-SC-DEF_cerberus_agl.txt']
2025-08-25 11:01:23 [WARNING] src.measure_planner_energy: Planner execution terminates on problem101.pddl without solution: Command '['/home/sero/Documents/GitHub/Bachelorarbeit-Softwaretechnik/code/src/../planner/cerberus_agl/cerberus_agl.sif', '/home/sero/Documents/GitHub/Bachelorarbeit-Softwaretechnik/code/src/../domain/blocks-world-SC-DEF/domain.pddl', '/home/sero/Documents/GitHub/Bachelorarbeit-Softwaretechnik/code/src/../domain/blocks-world-SC-DEF/problem101.pddl', 'plan/plan_problem101.pddl_blocks-world-SC-DEF_cerberus_agl.txt']' timed out after 299.999981139 seconds. Elapsed time: 300.00 seconds
2025-08-25 11:06:23 [WARNING] src.measure_planner_energy: Planner execution terminates on problem101.pddl without solution: Command '['/home/sero/Documents/GitHub/Bachelorarbeit-Softwaretechnik/code/src/../planner/cerberus_agl/cerberus_agl.sif', '/home/sero/Documents/GitHub/Bachelorarbeit-Softwaretechnik/code/src/../domain/blocks-world-SC-DEF/domain.pddl', '/home/sero/Documents/GitHub/Bachelorarbeit-Softwaretechnik/code/src/../domain/blocks-world-SC-DEF/problem101.pddl', 'plan/plan_problem101.pddl_blocks-world-SC-DEF_cerberus_agl.txt']' timed out after 299.999983027 seconds. Elapsed time: 300.00 seconds
2025-08-25 11:11:23 [WARNING] src.measure_planner_energy: Planner execution terminates on problem101.pddl without solution: Command '['/home/sero/Documents/GitHub/Bachelorarbeit-Softwaretechnik/code/src/../planner/cerberus_agl/cerberus_agl.sif', '/home/sero/Documents/GitHub/Bachelorarbeit-Softwaretechnik/code/src/../domain/blocks-world-SC-DEF/domain.pddl', '/home/sero/Documents/GitHub/Bachelorarbeit-Softwaretechnik/code/src/../domain/blocks-world-SC-DEF/problem101.pddl', 'plan/plan_problem101.pddl_blocks-world-SC-DEF_cerberus_agl.txt']' timed out after 299.999979671 seconds. Elapsed time: 300.00 seconds
2025-08-25 11:16:23 [WARNING] src.measure_planner_energy: Planner execution terminates on problem101.pddl without solution: Command '['/home/sero/Documents/GitHub/Bachelorarbeit-Softwaretechnik/code/src/../planner/cerberus_agl/cerberus_agl.sif', '/home/sero/Documents/GitHub/Bachelorarbeit-Softwaretechnik/code/src/../domain/blocks-world-SC-DEF/domain.pddl', '/home/sero/Documents/GitHub/Bachelorarbeit-Softwaretechnik/code/src/../domain/blocks-world-SC-DEF/problem101.pddl', 'plan/plan_problem101.pddl_blocks-world-SC-DEF_cerberus_agl.txt']' timed out after 299.999987724 seconds. Elapsed time: 300.00 seconds
2025-08-25 11:21:23 [WARNING] src.measure_planner_energy: Planner execution terminates on problem101.pddl without solution: Command '['/home/sero/Documents/GitHub/Bachelorarbeit-Softwaretechnik/code/src/../planner/cerberus_agl/cerberus_agl.sif', '/home/sero/Documents/GitHub/Bachelorarbeit-Softwaretechnik/code/src/../domain/blocks-world-SC-DEF/domain.pddl', '/home/sero/Documents/GitHub/Bachelorarbeit-Softwaretechnik/code/src/../domain/blocks-world-SC-DEF/problem101.pddl', 'plan/plan_problem101.pddl_blocks-world-SC-DEF_cerberus_agl.txt']' timed out after 299.9999813489999 seconds. Elapsed time: 300.00 seconds
2025-08-25 11:26:23 [WARNING] src.measure_planner_energy: Planner execution terminates on problem101.pddl without solution: Command '['/home/sero/Documents/GitHub/Bachelorarbeit-Softwaretechnik/code/src/../planner/cerberus_agl/cerberus_agl.sif', '/home/sero/Documents/GitHub/Bachelorarbeit-Softwaretechnik/code/src/../domain/blocks-world-SC-DEF/domain.pddl', '/home/sero/Documents/GitHub/Bachelorarbeit-Softwaretechnik/code/src/../domain/blocks-world-SC-DEF/problem101.pddl', 'plan/plan_problem101.pddl_blocks-world-SC-DEF_cerberus_agl.txt']' timed out after 299.999977338 seconds. Elapsed time: 300.00 seconds
2025-08-25 11:31:23 [WARNING] src.measure_planner_energy: Planner execution terminates on problem101.pddl without solution: Command '['/home/sero/Documents/GitHub/Bachelorarbeit-Softwaretechnik/code/src/../planner/cerberus_agl/cerberus_agl.sif', '/home/sero/Documents/GitHub/Bachelorarbeit-Softwaretechnik/code/src/../domain/blocks-world-SC-DEF/domain.pddl', '/home/sero/Documents/GitHub/Bachelorarbeit-Softwaretechnik/code/src/../domain/blocks-world-SC-DEF/problem101.pddl', 'plan/plan_problem101.pddl_blocks-world-SC-DEF_cerberus_agl.txt']' timed out after 299.99998106999965 seconds. Elapsed time: 300.00 seconds
2025-08-25 11:36:23 [WARNING] src.measure_planner_energy: Planner execution terminates on problem101.pddl without solution: Command '['/home/sero/Documents/GitHub/Bachelorarbeit-Softwaretechnik/code/src/../planner/cerberus_agl/cerberus_agl.sif', '/home/sero/Documents/GitHub/Bachelorarbeit-Softwaretechnik/code/src/../domain/blocks-world-SC-DEF/domain.pddl', '/home/sero/Documents/GitHub/Bachelorarbeit-Softwaretechnik/code/src/../domain/blocks-world-SC-DEF/problem101.pddl', 'plan/plan_problem101.pddl_blocks-world-SC-DEF_cerberus_agl.txt']' timed out after 299.99997504700013 seconds. Elapsed time: 300.01 seconds
2025-08-25 11:41:23 [WARNING] src.measure_planner_energy: Planner execution terminates on problem101.pddl without solution: Command '['/home/sero/Documents/GitHub/Bachelorarbeit-Softwaretechnik/code/src/../planner/cerberus_agl/cerberus_agl.sif', '/home/sero/Documents/GitHub/Bachelorarbeit-Softwaretechnik/code/src/../domain/blocks-world-SC-DEF/domain.pddl', '/home/sero/Documents/GitHub/Bachelorarbeit-Softwaretechnik/code/src/../domain/blocks-world-SC-DEF/problem101.pddl', 'plan/plan_problem101.pddl_blocks-world-SC-DEF_cerberus_agl.txt']' timed out after 299.99998097100024 seconds. Elapsed time: 300.01 seconds
2025-08-25 11:46:23 [WARNING] src.measure_planner_energy: Planner execution terminates on problem101.pddl without solution: Command '['/home/sero/Documents/GitHub/Bachelorarbeit-Softwaretechnik/code/src/../planner/cerberus_agl/cerberus_agl.sif', '/home/sero/Documents/GitHub/Bachelorarbeit-Softwaretechnik/code/src/../domain/blocks-world-SC-DEF/domain.pddl', '/home/sero/Documents/GitHub/Bachelorarbeit-Softwaretechnik/code/src/../domain/blocks-world-SC-DEF/problem101.pddl', 'plan/plan_problem101.pddl_blocks-world-SC-DEF_cerberus_agl.txt']' timed out after 299.999982156 seconds. Elapsed time: 300.01 seconds
2025-08-25 11:51:23 [WARNING] src.measure_planner_energy: Planner execution terminates on problem101.pddl without solution: Command '['/home/sero/Documents/GitHub/Bachelorarbeit-Softwaretechnik/code/src/../planner/cerberus_agl/cerberus_agl.sif', '/home/sero/Documents/GitHub/Bachelorarbeit-Softwaretechnik/code/src/../domain/blocks-world-SC-DEF/domain.pddl', '/home/sero/Documents/GitHub/Bachelorarbeit-Softwaretechnik/code/src/../domain/blocks-world-SC-DEF/problem101.pddl', 'plan/plan_problem101.pddl_blocks-world-SC-DEF_cerberus_agl.txt']' timed out after 299.99997656999994 seconds. Elapsed time: 300.01 seconds
2025-08-25 11:56:23 [WARNING] src.measure_planner_energy: Planner execution terminates on problem101.pddl without solution: Command '['/home/sero/Documents/GitHub/Bachelorarbeit-Softwaretechnik/code/src/../planner/cerberus_agl/cerberus_agl.sif', '/home/sero/Documents/GitHub/Bachelorarbeit-Softwaretechnik/code/src/../domain/blocks-world-SC-DEF/domain.pddl', '/home/sero/Documents/GitHub/Bachelorarbeit-Softwaretechnik/code/src/../domain/blocks-world-SC-DEF/problem101.pddl', 'plan/plan_problem101.pddl_blocks-world-SC-DEF_cerberus_agl.txt']' timed out after 299.999979444 seconds. Elapsed time: 300.01 seconds
2025-08-25 12:01:23 [WARNING] src.measure_planner_energy: Planner execution terminates on problem101.pddl without solution: Command '['/home/sero/Documents/GitHub/Bachelorarbeit-Softwaretechnik/code/src/../planner/cerberus_agl/cerberus_agl.sif', '/home/sero/Documents/GitHub/Bachelorarbeit-Softwaretechnik/code/src/../domain/blocks-world-SC-DEF/domain.pddl', '/home/sero/Documents/GitHub/Bachelorarbeit-Softwaretechnik/code/src/../domain/blocks-world-SC-DEF/problem101.pddl', 'plan/plan_problem101.pddl_blocks-world-SC-DEF_cerberus_agl.txt']' timed out after 299.99997803999986 seconds. Elapsed time: 300.01 seconds
2025-08-25 12:06:23 [WARNING] src.measure_planner_energy: Planner execution terminates on problem101.pddl without solution: Command '['/home/sero/Documents/GitHub/Bachelorarbeit-Softwaretechnik/code/src/../planner/cerberus_agl/cerberus_agl.sif', '/home/sero/Documents/GitHub/Bachelorarbeit-Softwaretechnik/code/src/../domain/blocks-world-SC-DEF/domain.pddl', '/home/sero/Documents/GitHub/Bachelorarbeit-Softwaretechnik/code/src/../domain/blocks-world-SC-DEF/problem101.pddl', 'plan/plan_problem101.pddl_blocks-world-SC-DEF_cerberus_agl.txt']' timed out after 299.99997880799947 seconds. Elapsed time: 300.01 seconds
2025-08-25 12:11:23 [WARNING] src.measure_planner_energy: Planner execution terminates on problem101.pddl without solution: Command '['/home/sero/Documents/GitHub/Bachelorarbeit-Softwaretechnik/code/src/../planner/cerberus_agl/cerberus_agl.sif', '/home/sero/Documents/GitHub/Bachelorarbeit-Softwaretechnik/code/src/../domain/blocks-world-SC-DEF/domain.pddl', '/home/sero/Documents/GitHub/Bachelorarbeit-Softwaretechnik/code/src/../domain/blocks-world-SC-DEF/problem101.pddl', 'plan/plan_problem101.pddl_blocks-world-SC-DEF_cerberus_agl.txt']' timed out after 299.99997706499926 seconds. Elapsed time: 300.01 seconds
2025-08-25 12:16:23 [WARNING] src.measure_planner_energy: Planner execution terminates on problem101.pddl without solution: Command '['/home/sero/Documents/GitHub/Bachelorarbeit-Softwaretechnik/code/src/../planner/cerberus_agl/cerberus_agl.sif', '/home/sero/Documents/GitHub/Bachelorarbeit-Softwaretechnik/code/src/../domain/blocks-world-SC-DEF/domain.pddl', '/home/sero/Documents/GitHub/Bachelorarbeit-Softwaretechnik/code/src/../domain/blocks-world-SC-DEF/problem101.pddl', 'plan/plan_problem101.pddl_blocks-world-SC-DEF_cerberus_agl.txt']' timed out after 299.9999751689993 seconds. Elapsed time: 300.01 seconds
2025-08-25 12:21:23 [WARNING] src.measure_planner_energy: Planner execution terminates on problem101.pddl without solution: Command '['/home/sero/Documents/GitHub/Bachelorarbeit-Softwaretechnik/code/src/../planner/cerberus_agl/cerberus_agl.sif', '/home/sero/Documents/GitHub/Bachelorarbeit-Softwaretechnik/code/src/../domain/blocks-world-SC-DEF/domain.pddl', '/home/sero/Documents/GitHub/Bachelorarbeit-Softwaretechnik/code/src/../domain/blocks-world-SC-DEF/problem101.pddl', 'plan/plan_problem101.pddl_blocks-world-SC-DEF_cerberus_agl.txt']' timed out after 299.9999731629996 seconds. Elapsed time: 300.01 seconds
2025-08-25 12:26:23 [WARNING] src.measure_planner_energy: Planner execution terminates on problem101.pddl without solution: Command '['/home/sero/Documents/GitHub/Bachelorarbeit-Softwaretechnik/code/src/../planner/cerberus_agl/cerberus_agl.sif', '/home/sero/Documents/GitHub/Bachelorarbeit-Softwaretechnik/code/src/../domain/blocks-world-SC-DEF/domain.pddl', '/home/sero/Documents/GitHub/Bachelorarbeit-Softwaretechnik/code/src/../domain/blocks-world-SC-DEF/problem101.pddl', 'plan/plan_problem101.pddl_blocks-world-SC-DEF_cerberus_agl.txt']' timed out after 299.9999750390007 seconds. Elapsed time: 300.01 seconds
2025-08-25 12:31:23 [WARNING] src.measure_planner_energy: Planner execution terminates on problem101.pddl without solution: Command '['/home/sero/Documents/GitHub/Bachelorarbeit-Softwaretechnik/code/src/../planner/cerberus_agl/cerberus_agl.sif', '/home/sero/Documents/GitHub/Bachelorarbeit-Softwaretechnik/code/src/../domain/blocks-world-SC-DEF/domain.pddl', '/home/sero/Documents/GitHub/Bachelorarbeit-Softwaretechnik/code/src/../domain/blocks-world-SC-DEF/problem101.pddl', 'plan/plan_problem101.pddl_blocks-world-SC-DEF_cerberus_agl.txt']' timed out after 299.99997781599996 seconds. Elapsed time: 300.01 seconds
2025-08-25 12:36:23 [WARNING] src.measure_planner_energy: Planner execution terminates on problem101.pddl without solution: Command '['/home/sero/Documents/GitHub/Bachelorarbeit-Softwaretechnik/code/src/../planner/cerberus_agl/cerberus_agl.sif', '/home/sero/Documents/GitHub/Bachelorarbeit-Softwaretechnik/code/src/../domain/blocks-world-SC-DEF/domain.pddl', '/home/sero/Documents/GitHub/Bachelorarbeit-Softwaretechnik/code/src/../domain/blocks-world-SC-DEF/problem101.pddl', 'plan/plan_problem101.pddl_blocks-world-SC-DEF_cerberus_agl.txt']' timed out after 299.99998028200025 seconds. Elapsed time: 300.01 seconds
2025-08-25 12:41:23 [WARNING] src.measure_planner_energy: Planner execution terminates on problem101.pddl without solution: Command '['/home/sero/Documents/GitHub/Bachelorarbeit-Softwaretechnik/code/src/../planner/cerberus_agl/cerberus_agl.sif', '/home/sero/Documents/GitHub/Bachelorarbeit-Softwaretechnik/code/src/../domain/blocks-world-SC-DEF/domain.pddl', '/home/sero/Documents/GitHub/Bachelorarbeit-Softwaretechnik/code/src/../domain/blocks-world-SC-DEF/problem101.pddl', 'plan/plan_problem101.pddl_blocks-world-SC-DEF_cerberus_agl.txt']' timed out after 299.9999788539999 seconds. Elapsed time: 300.01 seconds
2025-08-25 12:46:23 [WARNING] src.measure_planner_energy: Planner execution terminates on problem101.pddl without solution: Command '['/home/sero/Documents/GitHub/Bachelorarbeit-Softwaretechnik/code/src/../planner/cerberus_agl/cerberus_agl.sif', '/home/sero/Documents/GitHub/Bachelorarbeit-Softwaretechnik/code/src/../domain/blocks-world-SC-DEF/domain.pddl', '/home/sero/Documents/GitHub/Bachelorarbeit-Softwaretechnik/code/src/../domain/blocks-world-SC-DEF/problem101.pddl', 'plan/plan_problem101.pddl_blocks-world-SC-DEF_cerberus_agl.txt']' timed out after 299.9999762009993 seconds. Elapsed time: 300.01 seconds
2025-08-25 12:51:23 [WARNING] src.measure_planner_energy: Planner execution terminates on problem101.pddl without solution: Command '['/home/sero/Documents/GitHub/Bachelorarbeit-Softwaretechnik/code/src/../planner/cerberus_agl/cerberus_agl.sif', '/home/sero/Documents/GitHub/Bachelorarbeit-Softwaretechnik/code/src/../domain/blocks-world-SC-DEF/domain.pddl', '/home/sero/Documents/GitHub/Bachelorarbeit-Softwaretechnik/code/src/../domain/blocks-world-SC-DEF/problem101.pddl', 'plan/plan_problem101.pddl_blocks-world-SC-DEF_cerberus_agl.txt']' timed out after 299.9999760539995 seconds. Elapsed time: 300.01 seconds
2025-08-25 12:56:23 [WARNING] src.measure_planner_energy: Planner execution terminates on problem101.pddl without solution: Command '['/home/sero/Documents/GitHub/Bachelorarbeit-Softwaretechnik/code/src/../planner/cerberus_agl/cerberus_agl.sif', '/home/sero/Documents/GitHub/Bachelorarbeit-Softwaretechnik/code/src/../domain/blocks-world-SC-DEF/domain.pddl', '/home/sero/Documents/GitHub/Bachelorarbeit-Softwaretechnik/code/src/../domain/blocks-world-SC-DEF/problem101.pddl', 'plan/plan_problem101.pddl_blocks-world-SC-DEF_cerberus_agl.txt']' timed out after 299.9999797110004 seconds. Elapsed time: 300.01 seconds
2025-08-25 13:01:23 [WARNING] src.measure_planner_energy: Planner execution terminates on problem101.pddl without solution: Command '['/home/sero/Documents/GitHub/Bachelorarbeit-Softwaretechnik/code/src/../planner/cerberus_agl/cerberus_agl.sif', '/home/sero/Documents/GitHub/Bachelorarbeit-Softwaretechnik/code/src/../domain/blocks-world-SC-DEF/domain.pddl', '/home/sero/Documents/GitHub/Bachelorarbeit-Softwaretechnik/code/src/../domain/blocks-world-SC-DEF/problem101.pddl', 'plan/plan_problem101.pddl_blocks-world-SC-DEF_cerberus_agl.txt']' timed out after 299.9999796129996 seconds. Elapsed time: 300.01 seconds
2025-08-25 13:06:23 [WARNING] src.measure_planner_energy: Planner execution terminates on problem101.pddl without solution: Command '['/home/sero/Documents/GitHub/Bachelorarbeit-Softwaretechnik/code/src/../planner/cerberus_agl/cerberus_agl.sif', '/home/sero/Documents/GitHub/Bachelorarbeit-Softwaretechnik/code/src/../domain/blocks-world-SC-DEF/domain.pddl', '/home/sero/Documents/GitHub/Bachelorarbeit-Softwaretechnik/code/src/../domain/blocks-world-SC-DEF/problem101.pddl', 'plan/plan_problem101.pddl_blocks-world-SC-DEF_cerberus_agl.txt']' timed out after 299.9999339450005 seconds. Elapsed time: 300.01 seconds
2025-08-25 13:11:23 [WARNING] src.measure_planner_energy: Planner execution terminates on problem101.pddl without solution: Command '['/home/sero/Documents/GitHub/Bachelorarbeit-Softwaretechnik/code/src/../planner/cerberus_agl/cerberus_agl.sif', '/home/sero/Documents/GitHub/Bachelorarbeit-Softwaretechnik/code/src/../domain/blocks-world-SC-DEF/domain.pddl', '/home/sero/Documents/GitHub/Bachelorarbeit-Softwaretechnik/code/src/../domain/blocks-world-SC-DEF/problem101.pddl', 'plan/plan_problem101.pddl_blocks-world-SC-DEF_cerberus_agl.txt']' timed out after 299.99997669799905 seconds. Elapsed time: 300.00 seconds
2025-08-25 13:16:23 [WARNING] src.measure_planner_energy: Planner execution terminates on problem101.pddl without solution: Command '['/home/sero/Documents/GitHub/Bachelorarbeit-Softwaretechnik/code/src/../planner/cerberus_agl/cerberus_agl.sif', '/home/sero/Documents/GitHub/Bachelorarbeit-Softwaretechnik/code/src/../domain/blocks-world-SC-DEF/domain.pddl', '/home/sero/Documents/GitHub/Bachelorarbeit-Softwaretechnik/code/src/../domain/blocks-world-SC-DEF/problem101.pddl', 'plan/plan_problem101.pddl_blocks-world-SC-DEF_cerberus_agl.txt']' timed out after 299.99997511900074 seconds. Elapsed time: 300.01 seconds
2025-08-25 13:21:23 [WARNING] src.measure_planner_energy: Planner execution terminates on problem101.pddl without solution: Command '['/home/sero/Documents/GitHub/Bachelorarbeit-Softwaretechnik/code/src/../planner/cerberus_agl/cerberus_agl.sif', '/home/sero/Documents/GitHub/Bachelorarbeit-Softwaretechnik/code/src/../domain/blocks-world-SC-DEF/domain.pddl', '/home/sero/Documents/GitHub/Bachelorarbeit-Softwaretechnik/code/src/../domain/blocks-world-SC-DEF/problem101.pddl', 'plan/plan_problem101.pddl_blocks-world-SC-DEF_cerberus_agl.txt']' timed out after 299.99997771199924 seconds. Elapsed time: 300.02 seconds
2025-08-25 13:26:23 [WARNING] src.measure_planner_energy: Planner execution terminates on problem101.pddl without solution: Command '['/home/sero/Documents/GitHub/Bachelorarbeit-Softwaretechnik/code/src/../planner/cerberus_agl/cerberus_agl.sif', '/home/sero/Documents/GitHub/Bachelorarbeit-Softwaretechnik/code/src/../domain/blocks-world-SC-DEF/domain.pddl', '/home/sero/Documents/GitHub/Bachelorarbeit-Softwaretechnik/code/src/../domain/blocks-world-SC-DEF/problem101.pddl', 'plan/plan_problem101.pddl_blocks-world-SC-DEF_cerberus_agl.txt']' timed out after 299.9999732319993 seconds. Elapsed time: 300.01 seconds
2025-08-25 13:26:23 [INFO] root: Waiting for system to be idle (CPU usage < 2.0%)...
2025-08-25 13:26:28 [INFO] root: CPU usage: 100.00%, RAM used: 6.81 GB, available: 8.00 GB (48.10%). Waiting...
2025-08-25 13:26:33 [INFO] root: CPU usage: 100.00%, RAM used: 6.81 GB, available: 8.00 GB (48.10%). Waiting...
2025-08-25 13:26:38 [INFO] root: CPU usage: 100.00%, RAM used: 6.81 GB, available: 8.00 GB (48.10%). Waiting...
2025-08-25 13:26:43 [INFO] root: CPU usage: 100.00%, RAM used: 6.82 GB, available: 8.00 GB (48.10%). Waiting...
2025-08-25 13:26:48 [INFO] root: CPU usage: 100.00%, RAM used: 6.82 GB, available: 7.99 GB (48.10%). Waiting...
2025-08-25 13:26:53 [INFO] root: CPU usage: 100.00%, RAM used: 6.82 GB, available: 7.99 GB (48.10%). Waiting...
2025-08-25 13:26:58 [INFO] root: CPU usage: 100.00%, RAM used: 6.82 GB, available: 7.99 GB (48.20%). Waiting...
2025-08-25 13:27:03 [INFO] root: CPU usage: 100.00%, RAM used: 6.82 GB, available: 7.99 GB (48.20%). Waiting...
2025-08-25 13:27:08 [INFO] root: CPU usage: 100.00%, RAM used: 6.82 GB, available: 7.99 GB (48.20%). Waiting...
2025-08-25 13:27:13 [INFO] root: CPU usage: 100.00%, RAM used: 6.83 GB, available: 7.98 GB (48.20%). Waiting...
2025-08-25 13:27:18 [INFO] root: CPU usage: 100.00%, RAM used: 6.83 GB, available: 7.98 GB (48.20%). Waiting...
2025-08-25 13:27:23 [INFO] root: CPU usage: 100.00%, RAM used: 6.83 GB, available: 7.98 GB (48.20%). Waiting...
2025-08-25 13:27:23 [WARNING] root: Max wait time (60 seconds) exceeded. Continuing anyway...
2025-08-25 13:27:23 [INFO] src.measure_planner_energy: Measurement for problem problem101.pddl completed and saved
2025-08-25 13:27:23 [INFO] src.measure_planner_energy: Preparing to run planner on problem 'problem11.pddl'
2025-08-25 13:27:23 [INFO] src.measure_planner_energy: Cleaning Apptainer cache to avoid layer caching...
2025-08-25 13:27:23 [INFO] root: Waiting for system to be idle (CPU usage < 2.0%)...
2025-08-25 13:27:28 [INFO] root: CPU usage: 100.00%, RAM used: 6.84 GB, available: 7.97 GB (48.30%). Waiting...
2025-08-25 13:27:33 [INFO] root: CPU usage: 100.00%, RAM used: 6.84 GB, available: 7.97 GB (48.30%). Waiting...
2025-08-25 13:27:38 [INFO] root: CPU usage: 100.00%, RAM used: 6.84 GB, available: 7.97 GB (48.30%). Waiting...
2025-08-25 13:27:43 [INFO] root: CPU usage: 100.00%, RAM used: 6.85 GB, available: 7.96 GB (48.30%). Waiting...
2025-08-25 13:27:48 [INFO] root: CPU usage: 100.00%, RAM used: 6.85 GB, available: 7.96 GB (48.30%). Waiting...
2025-08-25 13:27:53 [INFO] root: CPU usage: 100.00%, RAM used: 6.85 GB, available: 7.96 GB (48.30%). Waiting...
2025-08-25 13:27:58 [INFO] root: CPU usage: 100.00%, RAM used: 6.85 GB, available: 7.96 GB (48.40%). Waiting...
2025-08-25 13:28:03 [INFO] root: CPU usage: 100.00%, RAM used: 6.85 GB, available: 7.96 GB (48.40%). Waiting...
2025-08-25 13:28:08 [INFO] root: CPU usage: 100.00%, RAM used: 6.85 GB, available: 7.96 GB (48.40%). Waiting...
2025-08-25 13:28:13 [INFO] root: CPU usage: 100.00%, RAM used: 6.86 GB, available: 7.95 GB (48.40%). Waiting...
2025-08-25 13:28:18 [INFO] root: CPU usage: 100.00%, RAM used: 6.86 GB, available: 7.95 GB (48.40%). Waiting...
2025-08-25 13:28:23 [INFO] root: CPU usage: 100.00%, RAM used: 6.86 GB, available: 7.95 GB (48.40%). Waiting...
2025-08-25 13:28:23 [WARNING] root: Max wait time (60 seconds) exceeded. Continuing anyway...
2025-08-25 13:28:23 [INFO] src.measure_planner_energy: Running planner command: ['/home/sero/Documents/GitHub/Bachelorarbeit-Softwaretechnik/code/src/../planner/cerberus_agl/cerberus_agl.sif', '/home/sero/Documents/GitHub/Bachelorarbeit-Softwaretechnik/code/src/../domain/blocks-world-SC-DEF/domain.pddl', '/home/sero/Documents/GitHub/Bachelorarbeit-Softwaretechnik/code/src/../domain/blocks-world-SC-DEF/problem11.pddl', 'plan/plan_problem11.pddl_blocks-world-SC-DEF_cerberus_agl.txt']
2025-08-25 13:28:27 [INFO] src.measure_planner_energy: Planner completed successfully for problem problem11.pddl Elapsed time: 3.39 seconds
2025-08-25 13:28:30 [INFO] src.measure_planner_energy: Planner completed successfully for problem problem11.pddl Elapsed time: 3.80 seconds
2025-08-25 13:28:34 [INFO] src.measure_planner_energy: Planner completed successfully for problem problem11.pddl Elapsed time: 3.40 seconds
2025-08-25 13:28:37 [INFO] src.measure_planner_energy: Planner completed successfully for problem problem11.pddl Elapsed time: 2.84 seconds
2025-08-25 13:28:40 [INFO] src.measure_planner_energy: Planner completed successfully for problem problem11.pddl Elapsed time: 3.05 seconds
2025-08-25 13:28:43 [INFO] src.measure_planner_energy: Planner completed successfully for problem problem11.pddl Elapsed time: 2.82 seconds
2025-08-25 13:28:46 [INFO] src.measure_planner_energy: Planner completed successfully for problem problem11.pddl Elapsed time: 3.57 seconds
2025-08-25 13:28:51 [INFO] src.measure_planner_energy: Planner completed successfully for problem problem11.pddl Elapsed time: 4.41 seconds
2025-08-25 13:28:54 [INFO] src.measure_planner_energy: Planner completed successfully for problem problem11.pddl Elapsed time: 3.67 seconds
2025-08-25 13:28:58 [INFO] src.measure_planner_energy: Planner completed successfully for problem problem11.pddl Elapsed time: 4.09 seconds
2025-08-25 13:29:02 [INFO] src.measure_planner_energy: Planner completed successfully for problem problem11.pddl Elapsed time: 3.65 seconds
2025-08-25 13:29:05 [INFO] src.measure_planner_energy: Planner completed successfully for problem problem11.pddl Elapsed time: 3.40 seconds
2025-08-25 13:29:09 [INFO] src.measure_planner_energy: Planner completed successfully for problem problem11.pddl Elapsed time: 3.69 seconds
2025-08-25 13:29:13 [INFO] src.measure_planner_energy: Planner completed successfully for problem problem11.pddl Elapsed time: 3.78 seconds
2025-08-25 13:29:15 [INFO] src.measure_planner_energy: Planner completed successfully for problem problem11.pddl Elapsed time: 2.45 seconds
2025-08-25 13:29:19 [INFO] src.measure_planner_energy: Planner completed successfully for problem problem11.pddl Elapsed time: 3.23 seconds
2025-08-25 13:29:22 [INFO] src.measure_planner_energy: Planner completed successfully for problem problem11.pddl Elapsed time: 3.92 seconds
2025-08-25 13:29:26 [INFO] src.measure_planner_energy: Planner completed successfully for problem problem11.pddl Elapsed time: 3.68 seconds
2025-08-25 13:29:29 [INFO] src.measure_planner_energy: Planner completed successfully for problem problem11.pddl Elapsed time: 3.19 seconds
2025-08-25 13:29:33 [INFO] src.measure_planner_energy: Planner completed successfully for problem problem11.pddl Elapsed time: 3.45 seconds
2025-08-25 13:29:36 [INFO] src.measure_planner_energy: Planner completed successfully for problem problem11.pddl Elapsed time: 3.71 seconds
2025-08-25 13:29:39 [INFO] src.measure_planner_energy: Planner completed successfully for problem problem11.pddl Elapsed time: 2.91 seconds
2025-08-25 13:29:43 [INFO] src.measure_planner_energy: Planner completed successfully for problem problem11.pddl Elapsed time: 3.20 seconds
2025-08-25 13:29:45 [INFO] src.measure_planner_energy: Planner completed successfully for problem problem11.pddl Elapsed time: 2.71 seconds
2025-08-25 13:29:48 [INFO] src.measure_planner_energy: Planner completed successfully for problem problem11.pddl Elapsed time: 2.83 seconds
2025-08-25 13:29:51 [INFO] src.measure_planner_energy: Planner completed successfully for problem problem11.pddl Elapsed time: 2.93 seconds
2025-08-25 13:29:55 [INFO] src.measure_planner_energy: Planner completed successfully for problem problem11.pddl Elapsed time: 3.52 seconds
2025-08-25 13:29:58 [INFO] src.measure_planner_energy: Planner completed successfully for problem problem11.pddl Elapsed time: 3.84 seconds
2025-08-25 13:30:02 [INFO] src.measure_planner_energy: Planner completed successfully for problem problem11.pddl Elapsed time: 3.64 seconds
2025-08-25 13:30:06 [INFO] src.measure_planner_energy: Planner completed successfully for problem problem11.pddl Elapsed time: 3.64 seconds
2025-08-25 13:30:06 [INFO] root: Waiting for system to be idle (CPU usage < 2.0%)...
2025-08-25 13:30:11 [INFO] root: CPU usage: 100.00%, RAM used: 6.88 GB, available: 7.93 GB (48.50%). Waiting...
2025-08-25 13:30:16 [INFO] root: CPU usage: 100.00%, RAM used: 6.88 GB, available: 7.93 GB (48.60%). Waiting...
2025-08-25 13:30:21 [INFO] root: CPU usage: 100.00%, RAM used: 6.88 GB, available: 7.93 GB (48.60%). Waiting...
2025-08-25 13:30:26 [INFO] root: CPU usage: 100.00%, RAM used: 6.88 GB, available: 7.93 GB (48.50%). Waiting...
2025-08-25 13:30:31 [INFO] root: CPU usage: 100.00%, RAM used: 6.88 GB, available: 7.93 GB (48.50%). Waiting...
2025-08-25 13:30:36 [INFO] root: CPU usage: 100.00%, RAM used: 6.88 GB, available: 7.91 GB (48.60%). Waiting...
2025-08-25 13:30:41 [INFO] root: CPU usage: 100.00%, RAM used: 6.89 GB, available: 7.92 GB (48.60%). Waiting...
2025-08-25 13:30:46 [INFO] root: CPU usage: 100.00%, RAM used: 6.89 GB, available: 7.92 GB (48.60%). Waiting...
2025-08-25 13:30:51 [INFO] root: CPU usage: 100.00%, RAM used: 6.90 GB, available: 7.91 GB (48.60%). Waiting...
2025-08-25 13:30:56 [INFO] root: CPU usage: 100.00%, RAM used: 6.90 GB, available: 7.91 GB (48.70%). Waiting...
2025-08-25 13:31:01 [INFO] root: CPU usage: 100.00%, RAM used: 6.90 GB, available: 7.91 GB (48.70%). Waiting...
2025-08-25 13:31:06 [INFO] root: CPU usage: 100.00%, RAM used: 6.91 GB, available: 7.90 GB (48.70%). Waiting...
2025-08-25 13:31:06 [WARNING] root: Max wait time (60 seconds) exceeded. Continuing anyway...
2025-08-25 13:31:06 [INFO] src.measure_planner_energy: Measurement for problem problem11.pddl completed and saved
2025-08-25 13:31:06 [INFO] src.measure_planner_energy: Preparing to run planner on problem 'problem21.pddl'
2025-08-25 13:31:06 [INFO] src.measure_planner_energy: Cleaning Apptainer cache to avoid layer caching...
2025-08-25 13:31:06 [INFO] root: Waiting for system to be idle (CPU usage < 2.0%)...
2025-08-25 13:31:11 [INFO] root: CPU usage: 100.00%, RAM used: 6.91 GB, available: 7.90 GB (48.70%). Waiting...
2025-08-25 13:31:16 [INFO] root: CPU usage: 100.00%, RAM used: 6.91 GB, available: 7.90 GB (48.70%). Waiting...
2025-08-25 13:31:21 [INFO] root: CPU usage: 100.00%, RAM used: 6.91 GB, available: 7.90 GB (48.70%). Waiting...
2025-08-25 13:31:26 [INFO] root: CPU usage: 100.00%, RAM used: 6.91 GB, available: 7.90 GB (48.70%). Waiting...
2025-08-25 13:31:31 [INFO] root: CPU usage: 100.00%, RAM used: 6.91 GB, available: 7.90 GB (48.80%). Waiting...
2025-08-25 13:31:36 [INFO] root: CPU usage: 100.00%, RAM used: 6.92 GB, available: 7.89 GB (48.80%). Waiting...
2025-08-25 13:31:41 [INFO] root: CPU usage: 100.00%, RAM used: 6.92 GB, available: 7.89 GB (48.80%). Waiting...
2025-08-25 13:31:46 [INFO] root: CPU usage: 100.00%, RAM used: 6.91 GB, available: 7.90 GB (48.70%). Waiting...
2025-08-25 13:31:51 [INFO] root: CPU usage: 100.00%, RAM used: 6.91 GB, available: 7.90 GB (48.80%). Waiting...
2025-08-25 13:31:56 [INFO] root: CPU usage: 100.00%, RAM used: 6.92 GB, available: 7.89 GB (48.80%). Waiting...
2025-08-25 13:32:01 [INFO] root: CPU usage: 100.00%, RAM used: 6.92 GB, available: 7.89 GB (48.80%). Waiting...
2025-08-25 13:32:06 [INFO] root: CPU usage: 100.00%, RAM used: 6.92 GB, available: 7.89 GB (48.80%). Waiting...
2025-08-25 13:32:06 [WARNING] root: Max wait time (60 seconds) exceeded. Continuing anyway...
2025-08-25 13:32:06 [INFO] src.measure_planner_energy: Running planner command: ['/home/sero/Documents/GitHub/Bachelorarbeit-Softwaretechnik/code/src/../planner/cerberus_agl/cerberus_agl.sif', '/home/sero/Documents/GitHub/Bachelorarbeit-Softwaretechnik/code/src/../domain/blocks-world-SC-DEF/domain.pddl', '/home/sero/Documents/GitHub/Bachelorarbeit-Softwaretechnik/code/src/../domain/blocks-world-SC-DEF/problem21.pddl', 'plan/plan_problem21.pddl_blocks-world-SC-DEF_cerberus_agl.txt']
2025-08-25 13:32:10 [INFO] src.measure_planner_energy: Planner completed successfully for problem problem21.pddl Elapsed time: 3.53 seconds
2025-08-25 13:32:13 [INFO] src.measure_planner_energy: Planner completed successfully for problem problem21.pddl Elapsed time: 3.03 seconds
2025-08-25 13:32:17 [INFO] src.measure_planner_energy: Planner completed successfully for problem problem21.pddl Elapsed time: 4.16 seconds
2025-08-25 13:32:21 [INFO] src.measure_planner_energy: Planner completed successfully for problem problem21.pddl Elapsed time: 3.85 seconds
2025-08-25 13:32:24 [INFO] src.measure_planner_energy: Planner completed successfully for problem problem21.pddl Elapsed time: 3.51 seconds
2025-08-25 13:32:29 [INFO] src.measure_planner_energy: Planner completed successfully for problem problem21.pddl Elapsed time: 4.48 seconds
2025-08-25 13:32:33 [INFO] src.measure_planner_energy: Planner completed successfully for problem problem21.pddl Elapsed time: 3.96 seconds
2025-08-25 13:32:37 [INFO] src.measure_planner_energy: Planner completed successfully for problem problem21.pddl Elapsed time: 4.07 seconds
2025-08-25 13:32:40 [INFO] src.measure_planner_energy: Planner completed successfully for problem problem21.pddl Elapsed time: 3.45 seconds
2025-08-25 13:32:45 [INFO] src.measure_planner_energy: Planner completed successfully for problem problem21.pddl Elapsed time: 4.37 seconds
2025-08-25 13:32:48 [INFO] src.measure_planner_energy: Planner completed successfully for problem problem21.pddl Elapsed time: 2.89 seconds
2025-08-25 13:32:52 [INFO] src.measure_planner_energy: Planner completed successfully for problem problem21.pddl Elapsed time: 4.45 seconds
2025-08-25 13:32:56 [INFO] src.measure_planner_energy: Planner completed successfully for problem problem21.pddl Elapsed time: 4.24 seconds
2025-08-25 13:33:00 [INFO] src.measure_planner_energy: Planner completed successfully for problem problem21.pddl Elapsed time: 3.81 seconds
2025-08-25 13:33:03 [INFO] src.measure_planner_energy: Planner completed successfully for problem problem21.pddl Elapsed time: 2.48 seconds
2025-08-25 13:33:07 [INFO] src.measure_planner_energy: Planner completed successfully for problem problem21.pddl Elapsed time: 4.35 seconds
2025-08-25 13:33:11 [INFO] src.measure_planner_energy: Planner completed successfully for problem problem21.pddl Elapsed time: 3.93 seconds
2025-08-25 13:33:15 [INFO] src.measure_planner_energy: Planner completed successfully for problem problem21.pddl Elapsed time: 4.08 seconds
2025-08-25 13:33:19 [INFO] src.measure_planner_energy: Planner completed successfully for problem problem21.pddl Elapsed time: 4.00 seconds
2025-08-25 13:33:23 [INFO] src.measure_planner_energy: Planner completed successfully for problem problem21.pddl Elapsed time: 4.04 seconds
2025-08-25 13:33:25 [INFO] src.measure_planner_energy: Planner completed successfully for problem problem21.pddl Elapsed time: 2.45 seconds
2025-08-25 13:33:30 [INFO] src.measure_planner_energy: Planner completed successfully for problem problem21.pddl Elapsed time: 4.19 seconds
2025-08-25 13:33:34 [INFO] src.measure_planner_energy: Planner completed successfully for problem problem21.pddl Elapsed time: 4.06 seconds
2025-08-25 13:33:38 [INFO] src.measure_planner_energy: Planner completed successfully for problem problem21.pddl Elapsed time: 4.30 seconds
2025-08-25 13:33:42 [INFO] src.measure_planner_energy: Planner completed successfully for problem problem21.pddl Elapsed time: 4.25 seconds
2025-08-25 13:33:46 [INFO] src.measure_planner_energy: Planner completed successfully for problem problem21.pddl Elapsed time: 3.84 seconds
2025-08-25 13:33:49 [INFO] src.measure_planner_energy: Planner completed successfully for problem problem21.pddl Elapsed time: 3.10 seconds
2025-08-25 13:33:52 [INFO] src.measure_planner_energy: Planner completed successfully for problem problem21.pddl Elapsed time: 2.84 seconds
2025-08-25 13:33:55 [INFO] src.measure_planner_energy: Planner completed successfully for problem problem21.pddl Elapsed time: 3.29 seconds
2025-08-25 13:33:59 [INFO] src.measure_planner_energy: Planner completed successfully for problem problem21.pddl Elapsed time: 3.50 seconds
2025-08-25 13:33:59 [INFO] root: Waiting for system to be idle (CPU usage < 2.0%)...
2025-08-25 13:34:04 [INFO] root: CPU usage: 100.00%, RAM used: 6.98 GB, available: 7.82 GB (49.20%). Waiting...
2025-08-25 13:34:09 [INFO] root: CPU usage: 100.00%, RAM used: 6.97 GB, available: 7.83 GB (49.20%). Waiting...
2025-08-25 13:34:14 [INFO] root: CPU usage: 100.00%, RAM used: 6.98 GB, available: 7.83 GB (49.20%). Waiting...
2025-08-25 13:34:19 [INFO] root: CPU usage: 100.00%, RAM used: 6.98 GB, available: 7.83 GB (49.20%). Waiting...
2025-08-25 13:34:24 [INFO] root: CPU usage: 100.00%, RAM used: 6.98 GB, available: 7.83 GB (49.20%). Waiting...
2025-08-25 13:34:29 [INFO] root: CPU usage: 100.00%, RAM used: 6.98 GB, available: 7.82 GB (49.20%). Waiting...
2025-08-25 13:34:34 [INFO] root: CPU usage: 100.00%, RAM used: 6.99 GB, available: 7.82 GB (49.20%). Waiting...
2025-08-25 13:34:39 [INFO] root: CPU usage: 100.00%, RAM used: 6.99 GB, available: 7.82 GB (49.20%). Waiting...
2025-08-25 13:34:44 [INFO] root: CPU usage: 100.00%, RAM used: 6.99 GB, available: 7.82 GB (49.30%). Waiting...
2025-08-25 13:34:49 [INFO] root: CPU usage: 100.00%, RAM used: 6.99 GB, available: 7.82 GB (49.30%). Waiting...
2025-08-25 13:34:54 [INFO] root: CPU usage: 100.00%, RAM used: 6.99 GB, available: 7.82 GB (49.30%). Waiting...
2025-08-25 13:34:59 [INFO] root: CPU usage: 100.00%, RAM used: 6.99 GB, available: 7.82 GB (49.30%). Waiting...
2025-08-25 13:34:59 [WARNING] root: Max wait time (60 seconds) exceeded. Continuing anyway...
2025-08-25 13:34:59 [INFO] src.measure_planner_energy: Measurement for problem problem21.pddl completed and saved
2025-08-25 13:34:59 [INFO] src.measure_planner_energy: Preparing to run planner on problem 'problem31.pddl'
2025-08-25 13:34:59 [INFO] src.measure_planner_energy: Cleaning Apptainer cache to avoid layer caching...
2025-08-25 13:34:59 [INFO] root: Waiting for system to be idle (CPU usage < 2.0%)...
2025-08-25 13:35:04 [INFO] root: CPU usage: 100.00%, RAM used: 6.99 GB, available: 7.80 GB (49.40%). Waiting...
2025-08-25 13:35:09 [INFO] root: CPU usage: 100.00%, RAM used: 7.00 GB, available: 7.81 GB (49.30%). Waiting...
2025-08-25 13:35:14 [INFO] root: CPU usage: 100.00%, RAM used: 7.00 GB, available: 7.81 GB (49.30%). Waiting...
2025-08-25 13:35:19 [INFO] root: CPU usage: 100.00%, RAM used: 7.00 GB, available: 7.81 GB (49.30%). Waiting...
2025-08-25 13:35:24 [INFO] root: CPU usage: 100.00%, RAM used: 7.01 GB, available: 7.80 GB (49.40%). Waiting...
2025-08-25 13:35:29 [INFO] root: CPU usage: 100.00%, RAM used: 7.01 GB, available: 7.80 GB (49.40%). Waiting...
2025-08-25 13:35:34 [INFO] root: CPU usage: 100.00%, RAM used: 7.01 GB, available: 7.80 GB (49.40%). Waiting...
2025-08-25 13:35:39 [INFO] root: CPU usage: 100.00%, RAM used: 7.01 GB, available: 7.80 GB (49.40%). Waiting...
2025-08-25 13:35:44 [INFO] root: CPU usage: 100.00%, RAM used: 7.01 GB, available: 7.80 GB (49.40%). Waiting...
2025-08-25 13:35:49 [INFO] root: CPU usage: 100.00%, RAM used: 7.01 GB, available: 7.80 GB (49.40%). Waiting...
2025-08-25 13:35:54 [INFO] root: CPU usage: 100.00%, RAM used: 7.02 GB, available: 7.79 GB (49.40%). Waiting...
2025-08-25 13:35:59 [INFO] root: CPU usage: 100.00%, RAM used: 7.02 GB, available: 7.79 GB (49.40%). Waiting...
2025-08-25 13:35:59 [WARNING] root: Max wait time (60 seconds) exceeded. Continuing anyway...
2025-08-25 13:35:59 [INFO] src.measure_planner_energy: Running planner command: ['/home/sero/Documents/GitHub/Bachelorarbeit-Softwaretechnik/code/src/../planner/cerberus_agl/cerberus_agl.sif', '/home/sero/Documents/GitHub/Bachelorarbeit-Softwaretechnik/code/src/../domain/blocks-world-SC-DEF/domain.pddl', '/home/sero/Documents/GitHub/Bachelorarbeit-Softwaretechnik/code/src/../domain/blocks-world-SC-DEF/problem31.pddl', 'plan/plan_problem31.pddl_blocks-world-SC-DEF_cerberus_agl.txt']
2025-08-25 13:36:16 [INFO] src.measure_planner_energy: Planner completed successfully for problem problem31.pddl Elapsed time: 16.64 seconds
2025-08-25 13:36:31 [INFO] src.measure_planner_energy: Planner completed successfully for problem problem31.pddl Elapsed time: 15.26 seconds
2025-08-25 13:36:46 [INFO] src.measure_planner_energy: Planner completed successfully for problem problem31.pddl Elapsed time: 15.32 seconds
2025-08-25 13:37:04 [INFO] src.measure_planner_energy: Planner completed successfully for problem problem31.pddl Elapsed time: 17.56 seconds
2025-08-25 13:37:22 [INFO] src.measure_planner_energy: Planner completed successfully for problem problem31.pddl Elapsed time: 17.63 seconds
2025-08-25 13:37:38 [INFO] src.measure_planner_energy: Planner completed successfully for problem problem31.pddl Elapsed time: 16.26 seconds
2025-08-25 13:37:47 [INFO] src.measure_planner_energy: Planner completed successfully for problem problem31.pddl Elapsed time: 9.60 seconds
2025-08-25 13:38:03 [INFO] src.measure_planner_energy: Planner completed successfully for problem problem31.pddl Elapsed time: 15.17 seconds
2025-08-25 13:38:15 [INFO] src.measure_planner_energy: Planner completed successfully for problem problem31.pddl Elapsed time: 12.30 seconds
2025-08-25 13:38:30 [INFO] src.measure_planner_energy: Planner completed successfully for problem problem31.pddl Elapsed time: 15.05 seconds
2025-08-25 13:38:46 [INFO] src.measure_planner_energy: Planner completed successfully for problem problem31.pddl Elapsed time: 15.97 seconds
2025-08-25 13:39:04 [INFO] src.measure_planner_energy: Planner completed successfully for problem problem31.pddl Elapsed time: 17.88 seconds
2025-08-25 13:39:17 [INFO] src.measure_planner_energy: Planner completed successfully for problem problem31.pddl Elapsed time: 13.28 seconds
2025-08-25 13:39:35 [INFO] src.measure_planner_energy: Planner completed successfully for problem problem31.pddl Elapsed time: 17.99 seconds
2025-08-25 13:39:44 [INFO] src.measure_planner_energy: Planner completed successfully for problem problem31.pddl Elapsed time: 9.03 seconds
2025-08-25 13:40:00 [INFO] src.measure_planner_energy: Planner completed successfully for problem problem31.pddl Elapsed time: 15.52 seconds
2025-08-25 13:40:15 [INFO] src.measure_planner_energy: Planner completed successfully for problem problem31.pddl Elapsed time: 14.85 seconds
2025-08-25 13:40:31 [INFO] src.measure_planner_energy: Planner completed successfully for problem problem31.pddl Elapsed time: 16.05 seconds
2025-08-25 13:40:48 [INFO] src.measure_planner_energy: Planner completed successfully for problem problem31.pddl Elapsed time: 17.91 seconds
2025-08-25 13:41:02 [INFO] src.measure_planner_energy: Planner completed successfully for problem problem31.pddl Elapsed time: 13.42 seconds
2025-08-25 13:41:19 [INFO] src.measure_planner_energy: Planner completed successfully for problem problem31.pddl Elapsed time: 16.63 seconds
2025-08-25 13:41:33 [INFO] src.measure_planner_energy: Planner completed successfully for problem problem31.pddl Elapsed time: 14.44 seconds
2025-08-25 13:41:49 [INFO] src.measure_planner_energy: Planner completed successfully for problem problem31.pddl Elapsed time: 16.50 seconds
2025-08-25 13:42:06 [INFO] src.measure_planner_energy: Planner completed successfully for problem problem31.pddl Elapsed time: 16.20 seconds
2025-08-25 13:42:21 [INFO] src.measure_planner_energy: Planner completed successfully for problem problem31.pddl Elapsed time: 15.74 seconds
2025-08-25 13:42:38 [INFO] src.measure_planner_energy: Planner completed successfully for problem problem31.pddl Elapsed time: 16.36 seconds
2025-08-25 13:42:57 [INFO] src.measure_planner_energy: Planner completed successfully for problem problem31.pddl Elapsed time: 19.23 seconds
2025-08-25 13:43:13 [INFO] src.measure_planner_energy: Planner completed successfully for problem problem31.pddl Elapsed time: 16.31 seconds
2025-08-25 13:43:30 [INFO] src.measure_planner_energy: Planner completed successfully for problem problem31.pddl Elapsed time: 16.75 seconds
2025-08-25 13:43:47 [INFO] src.measure_planner_energy: Planner completed successfully for problem problem31.pddl Elapsed time: 17.39 seconds
2025-08-25 13:43:47 [INFO] root: Waiting for system to be idle (CPU usage < 2.0%)...
2025-08-25 13:43:52 [INFO] root: CPU usage: 100.00%, RAM used: 7.20 GB, available: 7.60 GB (50.70%). Waiting...
2025-08-25 13:43:57 [INFO] root: CPU usage: 100.00%, RAM used: 7.19 GB, available: 7.62 GB (50.60%). Waiting...
2025-08-25 13:44:03 [INFO] root: CPU usage: 100.00%, RAM used: 7.20 GB, available: 7.62 GB (50.60%). Waiting...
2025-08-25 13:44:08 [INFO] root: CPU usage: 100.00%, RAM used: 7.20 GB, available: 7.61 GB (50.60%). Waiting...
2025-08-25 13:44:13 [INFO] root: CPU usage: 100.00%, RAM used: 7.20 GB, available: 7.61 GB (50.60%). Waiting...
2025-08-25 13:44:18 [INFO] root: CPU usage: 100.00%, RAM used: 7.20 GB, available: 7.61 GB (50.60%). Waiting...
2025-08-25 13:44:23 [INFO] root: CPU usage: 100.00%, RAM used: 7.21 GB, available: 7.60 GB (50.70%). Waiting...
2025-08-25 13:44:28 [INFO] root: CPU usage: 100.00%, RAM used: 7.21 GB, available: 7.60 GB (50.70%). Waiting...
2025-08-25 13:44:33 [INFO] root: CPU usage: 100.00%, RAM used: 7.21 GB, available: 7.60 GB (50.70%). Waiting...
2025-08-25 13:44:38 [INFO] root: CPU usage: 100.00%, RAM used: 7.21 GB, available: 7.60 GB (50.70%). Waiting...
2025-08-25 13:44:43 [INFO] root: CPU usage: 100.00%, RAM used: 7.21 GB, available: 7.60 GB (50.70%). Waiting...
2025-08-25 13:44:48 [INFO] root: CPU usage: 100.00%, RAM used: 7.22 GB, available: 7.60 GB (50.70%). Waiting...
2025-08-25 13:44:48 [WARNING] root: Max wait time (60 seconds) exceeded. Continuing anyway...
2025-08-25 13:44:48 [INFO] src.measure_planner_energy: Measurement for problem problem31.pddl completed and saved
2025-08-25 13:44:48 [INFO] src.measure_planner_energy: Preparing to run planner on problem 'problem41.pddl'
2025-08-25 13:44:48 [INFO] src.measure_planner_energy: Cleaning Apptainer cache to avoid layer caching...
2025-08-25 13:44:48 [INFO] root: Waiting for system to be idle (CPU usage < 2.0%)...
2025-08-25 13:44:53 [INFO] root: CPU usage: 100.00%, RAM used: 7.21 GB, available: 7.59 GB (50.80%). Waiting...
2025-08-25 13:44:58 [INFO] root: CPU usage: 100.00%, RAM used: 7.22 GB, available: 7.59 GB (50.70%). Waiting...
2025-08-25 13:45:03 [INFO] root: CPU usage: 100.00%, RAM used: 7.22 GB, available: 7.59 GB (50.70%). Waiting...
2025-08-25 13:45:08 [INFO] root: CPU usage: 100.00%, RAM used: 7.22 GB, available: 7.59 GB (50.70%). Waiting...
2025-08-25 13:45:13 [INFO] root: CPU usage: 100.00%, RAM used: 7.22 GB, available: 7.59 GB (50.80%). Waiting...
2025-08-25 13:45:18 [INFO] root: CPU usage: 100.00%, RAM used: 7.23 GB, available: 7.59 GB (50.80%). Waiting...
2025-08-25 13:45:23 [INFO] root: CPU usage: 100.00%, RAM used: 7.23 GB, available: 7.58 GB (50.80%). Waiting...
2025-08-25 13:45:28 [INFO] root: CPU usage: 100.00%, RAM used: 7.23 GB, available: 7.58 GB (50.80%). Waiting...
2025-08-25 13:45:33 [INFO] root: CPU usage: 100.00%, RAM used: 7.23 GB, available: 7.58 GB (50.80%). Waiting...
2025-08-25 13:45:38 [INFO] root: CPU usage: 100.00%, RAM used: 7.23 GB, available: 7.58 GB (50.80%). Waiting...
2025-08-25 13:45:43 [INFO] root: CPU usage: 100.00%, RAM used: 7.24 GB, available: 7.57 GB (50.80%). Waiting...
2025-08-25 13:45:48 [INFO] root: CPU usage: 100.00%, RAM used: 7.24 GB, available: 7.57 GB (50.90%). Waiting...
2025-08-25 13:45:48 [WARNING] root: Max wait time (60 seconds) exceeded. Continuing anyway...
2025-08-25 13:45:48 [INFO] src.measure_planner_energy: Running planner command: ['/home/sero/Documents/GitHub/Bachelorarbeit-Softwaretechnik/code/src/../planner/cerberus_agl/cerberus_agl.sif', '/home/sero/Documents/GitHub/Bachelorarbeit-Softwaretechnik/code/src/../domain/blocks-world-SC-DEF/domain.pddl', '/home/sero/Documents/GitHub/Bachelorarbeit-Softwaretechnik/code/src/../domain/blocks-world-SC-DEF/problem41.pddl', 'plan/plan_problem41.pddl_blocks-world-SC-DEF_cerberus_agl.txt']
2025-08-25 13:45:58 [INFO] src.measure_planner_energy: Planner completed successfully for problem problem41.pddl Elapsed time: 10.31 seconds
2025-08-25 13:46:09 [INFO] src.measure_planner_energy: Planner completed successfully for problem problem41.pddl Elapsed time: 10.69 seconds
2025-08-25 13:46:17 [INFO] src.measure_planner_energy: Planner completed successfully for problem problem41.pddl Elapsed time: 8.05 seconds
2025-08-25 13:46:27 [INFO] src.measure_planner_energy: Planner completed successfully for problem problem41.pddl Elapsed time: 9.60 seconds
2025-08-25 13:46:36 [INFO] src.measure_planner_energy: Planner completed successfully for problem problem41.pddl Elapsed time: 9.71 seconds
2025-08-25 13:46:45 [INFO] src.measure_planner_energy: Planner completed successfully for problem problem41.pddl Elapsed time: 9.04 seconds
2025-08-25 13:46:55 [INFO] src.measure_planner_energy: Planner completed successfully for problem problem41.pddl Elapsed time: 9.77 seconds
2025-08-25 13:47:04 [INFO] src.measure_planner_energy: Planner completed successfully for problem problem41.pddl Elapsed time: 8.97 seconds
2025-08-25 13:47:14 [INFO] src.measure_planner_energy: Planner completed successfully for problem problem41.pddl Elapsed time: 9.66 seconds
2025-08-25 13:47:23 [INFO] src.measure_planner_energy: Planner completed successfully for problem problem41.pddl Elapsed time: 9.33 seconds
2025-08-25 13:47:27 [INFO] src.measure_planner_energy: Planner completed successfully for problem problem41.pddl Elapsed time: 4.28 seconds
2025-08-25 13:47:38 [INFO] src.measure_planner_energy: Planner completed successfully for problem problem41.pddl Elapsed time: 10.30 seconds
2025-08-25 13:47:47 [INFO] src.measure_planner_energy: Planner completed successfully for problem problem41.pddl Elapsed time: 9.72 seconds
2025-08-25 13:47:56 [INFO] src.measure_planner_energy: Planner completed successfully for problem problem41.pddl Elapsed time: 8.38 seconds
2025-08-25 13:48:05 [INFO] src.measure_planner_energy: Planner completed successfully for problem problem41.pddl Elapsed time: 9.10 seconds
2025-08-25 13:48:15 [INFO] src.measure_planner_energy: Planner completed successfully for problem problem41.pddl Elapsed time: 10.21 seconds
2025-08-25 13:48:26 [INFO] src.measure_planner_energy: Planner completed successfully for problem problem41.pddl Elapsed time: 10.57 seconds
2025-08-25 13:48:33 [INFO] src.measure_planner_energy: Planner completed successfully for problem problem41.pddl Elapsed time: 7.89 seconds
2025-08-25 13:48:44 [INFO] src.measure_planner_energy: Planner completed successfully for problem problem41.pddl Elapsed time: 10.10 seconds
2025-08-25 13:48:53 [INFO] src.measure_planner_energy: Planner completed successfully for problem problem41.pddl Elapsed time: 9.45 seconds
2025-08-25 13:49:02 [INFO] src.measure_planner_energy: Planner completed successfully for problem problem41.pddl Elapsed time: 8.67 seconds
2025-08-25 13:49:10 [INFO] src.measure_planner_energy: Planner completed successfully for problem problem41.pddl Elapsed time: 8.13 seconds
2025-08-25 13:49:20 [INFO] src.measure_planner_energy: Planner completed successfully for problem problem41.pddl Elapsed time: 9.90 seconds
2025-08-25 13:49:30 [INFO] src.measure_planner_energy: Planner completed successfully for problem problem41.pddl Elapsed time: 10.42 seconds
2025-08-25 13:49:40 [INFO] src.measure_planner_energy: Planner completed successfully for problem problem41.pddl Elapsed time: 10.14 seconds
2025-08-25 13:49:51 [INFO] src.measure_planner_energy: Planner completed successfully for problem problem41.pddl Elapsed time: 10.39 seconds
2025-08-25 13:50:01 [INFO] src.measure_planner_energy: Planner completed successfully for problem problem41.pddl Elapsed time: 9.90 seconds
2025-08-25 13:50:09 [INFO] src.measure_planner_energy: Planner completed successfully for problem problem41.pddl Elapsed time: 8.54 seconds
2025-08-25 13:50:19 [INFO] src.measure_planner_energy: Planner completed successfully for problem problem41.pddl Elapsed time: 9.42 seconds
2025-08-25 13:50:25 [INFO] src.measure_planner_energy: Planner completed successfully for problem problem41.pddl Elapsed time: 6.16 seconds
2025-08-25 13:50:25 [INFO] root: Waiting for system to be idle (CPU usage < 2.0%)...
2025-08-25 13:50:30 [INFO] root: CPU usage: 100.00%, RAM used: 7.37 GB, available: 7.41 GB (51.90%). Waiting...
2025-08-25 13:50:35 [INFO] root: CPU usage: 100.00%, RAM used: 7.37 GB, available: 7.44 GB (51.70%). Waiting...
2025-08-25 13:50:40 [INFO] root: CPU usage: 100.00%, RAM used: 7.37 GB, available: 7.44 GB (51.70%). Waiting...
2025-08-25 13:50:45 [INFO] root: CPU usage: 100.00%, RAM used: 7.38 GB, available: 7.44 GB (51.70%). Waiting...
2025-08-25 13:50:50 [INFO] root: CPU usage: 100.00%, RAM used: 7.38 GB, available: 7.44 GB (51.70%). Waiting...
2025-08-25 13:50:55 [INFO] root: CPU usage: 100.00%, RAM used: 7.37 GB, available: 7.44 GB (51.70%). Waiting...
2025-08-25 13:51:00 [INFO] root: CPU usage: 100.00%, RAM used: 7.38 GB, available: 7.44 GB (51.70%). Waiting...
2025-08-25 13:51:05 [INFO] root: CPU usage: 100.00%, RAM used: 7.38 GB, available: 7.43 GB (51.80%). Waiting...
2025-08-25 13:51:10 [INFO] root: CPU usage: 100.00%, RAM used: 7.38 GB, available: 7.43 GB (51.80%). Waiting...
2025-08-25 13:51:15 [INFO] root: CPU usage: 100.00%, RAM used: 7.38 GB, available: 7.43 GB (51.80%). Waiting...
2025-08-25 13:51:20 [INFO] root: CPU usage: 100.00%, RAM used: 7.38 GB, available: 7.43 GB (51.80%). Waiting...
2025-08-25 13:51:25 [INFO] root: CPU usage: 100.00%, RAM used: 7.38 GB, available: 7.43 GB (51.80%). Waiting...
2025-08-25 13:51:25 [WARNING] root: Max wait time (60 seconds) exceeded. Continuing anyway...
2025-08-25 13:51:25 [INFO] src.measure_planner_energy: Measurement for problem problem41.pddl completed and saved
2025-08-25 13:51:25 [INFO] src.measure_planner_energy: Preparing to run planner on problem 'problem51.pddl'
2025-08-25 13:51:25 [INFO] src.measure_planner_energy: Cleaning Apptainer cache to avoid layer caching...
2025-08-25 13:51:25 [INFO] root: Waiting for system to be idle (CPU usage < 2.0%)...
2025-08-25 13:51:30 [INFO] root: CPU usage: 100.00%, RAM used: 7.38 GB, available: 7.43 GB (51.80%). Waiting...
2025-08-25 13:51:35 [INFO] root: CPU usage: 100.00%, RAM used: 7.38 GB, available: 7.43 GB (51.80%). Waiting...
2025-08-25 13:51:40 [INFO] root: CPU usage: 100.00%, RAM used: 7.39 GB, available: 7.43 GB (51.80%). Waiting...
2025-08-25 13:51:45 [INFO] root: CPU usage: 100.00%, RAM used: 7.39 GB, available: 7.43 GB (51.80%). Waiting...
2025-08-25 13:51:50 [INFO] root: CPU usage: 100.00%, RAM used: 7.39 GB, available: 7.42 GB (51.80%). Waiting...
2025-08-25 13:51:55 [INFO] root: CPU usage: 100.00%, RAM used: 7.39 GB, available: 7.42 GB (51.80%). Waiting...
2025-08-25 13:52:00 [INFO] root: CPU usage: 100.00%, RAM used: 7.39 GB, available: 7.42 GB (51.90%). Waiting...
2025-08-25 13:52:05 [INFO] root: CPU usage: 100.00%, RAM used: 7.40 GB, available: 7.42 GB (51.90%). Waiting...
2025-08-25 13:52:10 [INFO] root: CPU usage: 100.00%, RAM used: 7.40 GB, available: 7.41 GB (51.90%). Waiting...
2025-08-25 13:52:15 [INFO] root: CPU usage: 100.00%, RAM used: 7.40 GB, available: 7.41 GB (51.90%). Waiting...
2025-08-25 13:52:20 [INFO] root: CPU usage: 100.00%, RAM used: 7.40 GB, available: 7.41 GB (51.90%). Waiting...
2025-08-25 13:52:25 [INFO] root: CPU usage: 100.00%, RAM used: 7.40 GB, available: 7.41 GB (51.90%). Waiting...
2025-08-25 13:52:25 [WARNING] root: Max wait time (60 seconds) exceeded. Continuing anyway...
2025-08-25 13:52:25 [INFO] src.measure_planner_energy: Running planner command: ['/home/sero/Documents/GitHub/Bachelorarbeit-Softwaretechnik/code/src/../planner/cerberus_agl/cerberus_agl.sif', '/home/sero/Documents/GitHub/Bachelorarbeit-Softwaretechnik/code/src/../domain/blocks-world-SC-DEF/domain.pddl', '/home/sero/Documents/GitHub/Bachelorarbeit-Softwaretechnik/code/src/../domain/blocks-world-SC-DEF/problem51.pddl', 'plan/plan_problem51.pddl_blocks-world-SC-DEF_cerberus_agl.txt']
2025-08-25 13:56:37 [INFO] src.measure_planner_energy: Planner completed successfully for problem problem51.pddl Elapsed time: 251.61 seconds
2025-08-25 14:00:44 [INFO] src.measure_planner_energy: Planner completed successfully for problem problem51.pddl Elapsed time: 247.19 seconds
2025-08-25 14:04:58 [INFO] src.measure_planner_energy: Planner completed successfully for problem problem51.pddl Elapsed time: 253.57 seconds
2025-08-25 14:08:35 [INFO] src.measure_planner_energy: Planner completed successfully for problem problem51.pddl Elapsed time: 217.60 seconds
2025-08-25 14:12:48 [INFO] src.measure_planner_energy: Planner completed successfully for problem problem51.pddl Elapsed time: 252.66 seconds
2025-08-25 14:16:44 [INFO] src.measure_planner_energy: Planner completed successfully for problem problem51.pddl Elapsed time: 236.10 seconds
2025-08-25 14:20:39 [INFO] src.measure_planner_energy: Planner completed successfully for problem problem51.pddl Elapsed time: 235.10 seconds
2025-08-25 14:24:32 [INFO] src.measure_planner_energy: Planner completed successfully for problem problem51.pddl Elapsed time: 233.05 seconds
2025-08-25 14:28:18 [INFO] src.measure_planner_energy: Planner completed successfully for problem problem51.pddl Elapsed time: 226.09 seconds
2025-08-25 14:32:36 [INFO] src.measure_planner_energy: Planner completed successfully for problem problem51.pddl Elapsed time: 257.95 seconds
2025-08-25 14:36:40 [INFO] src.measure_planner_energy: Planner completed successfully for problem problem51.pddl Elapsed time: 244.13 seconds
2025-08-25 14:40:45 [INFO] src.measure_planner_energy: Planner completed successfully for problem problem51.pddl Elapsed time: 244.57 seconds
2025-08-25 14:45:13 [INFO] src.measure_planner_energy: Planner completed successfully for problem problem51.pddl Elapsed time: 268.30 seconds
2025-08-25 14:49:14 [INFO] src.measure_planner_energy: Planner completed successfully for problem problem51.pddl Elapsed time: 240.83 seconds
2025-08-25 14:53:36 [INFO] src.measure_planner_energy: Planner completed successfully for problem problem51.pddl Elapsed time: 262.05 seconds
2025-08-25 14:57:48 [INFO] src.measure_planner_energy: Planner completed successfully for problem problem51.pddl Elapsed time: 252.14 seconds
2025-08-25 15:01:58 [INFO] src.measure_planner_energy: Planner completed successfully for problem problem51.pddl Elapsed time: 250.21 seconds
2025-08-25 15:06:20 [INFO] src.measure_planner_energy: Planner completed successfully for problem problem51.pddl Elapsed time: 261.60 seconds
2025-08-25 15:10:21 [INFO] src.measure_planner_energy: Planner completed successfully for problem problem51.pddl Elapsed time: 240.81 seconds
2025-08-25 15:14:34 [INFO] src.measure_planner_energy: Planner completed successfully for problem problem51.pddl Elapsed time: 252.96 seconds
2025-08-25 15:18:26 [INFO] src.measure_planner_energy: Planner completed successfully for problem problem51.pddl Elapsed time: 232.74 seconds
2025-08-25 15:22:41 [INFO] src.measure_planner_energy: Planner completed successfully for problem problem51.pddl Elapsed time: 254.06 seconds
2025-08-25 15:26:50 [INFO] src.measure_planner_energy: Planner completed successfully for problem problem51.pddl Elapsed time: 249.80 seconds
2025-08-25 15:30:56 [INFO] src.measure_planner_energy: Planner completed successfully for problem problem51.pddl Elapsed time: 246.10 seconds
2025-08-25 15:34:53 [INFO] src.measure_planner_energy: Planner completed successfully for problem problem51.pddl Elapsed time: 237.04 seconds
2025-08-25 15:39:13 [INFO] src.measure_planner_energy: Planner completed successfully for problem problem51.pddl Elapsed time: 259.17 seconds
2025-08-25 15:43:23 [INFO] src.measure_planner_energy: Planner completed successfully for problem problem51.pddl Elapsed time: 250.30 seconds
2025-08-25 15:47:47 [INFO] src.measure_planner_energy: Planner completed successfully for problem problem51.pddl Elapsed time: 264.25 seconds
2025-08-25 15:52:02 [INFO] src.measure_planner_energy: Planner completed successfully for problem problem51.pddl Elapsed time: 254.74 seconds
2025-08-25 15:55:55 [INFO] src.measure_planner_energy: Planner completed successfully for problem problem51.pddl Elapsed time: 233.30 seconds
2025-08-25 15:55:55 [INFO] src.measure_planner_energy: Planner completed successfully for problem problem51.pddl Elapsed time: 251.40 seconds
2025-08-25 15:55:55 [INFO] src.measure_planner_energy: Preparing to run planner on problem 'problem61.pddl'
2025-08-25 15:55:55 [INFO] src.measure_planner_energy: Cleaning Apptainer cache to avoid layer caching...
2025-08-25 15:55:55 [INFO] root: Waiting for system to be idle (CPU usage < 2.0%)...
2025-08-25 15:56:00 [INFO] root: CPU usage: 100.00%, RAM used: 10.65 GB, available: 4.15 GB (73.10%). Waiting...
2025-08-25 15:56:05 [INFO] root: CPU usage: 100.00%, RAM used: 10.66 GB, available: 4.14 GB (73.10%). Waiting...
2025-08-25 15:56:10 [INFO] root: CPU usage: 100.00%, RAM used: 10.66 GB, available: 4.16 GB (73.00%). Waiting...
2025-08-25 15:56:15 [INFO] root: CPU usage: 100.00%, RAM used: 10.66 GB, available: 4.15 GB (73.00%). Waiting...
2025-08-25 15:56:20 [INFO] root: CPU usage: 100.00%, RAM used: 10.66 GB, available: 4.15 GB (73.00%). Waiting...
2025-08-25 15:56:25 [INFO] root: CPU usage: 100.00%, RAM used: 10.66 GB, available: 4.15 GB (73.10%). Waiting...
2025-08-25 15:56:30 [INFO] root: CPU usage: 100.00%, RAM used: 10.66 GB, available: 4.15 GB (73.10%). Waiting...
2025-08-25 15:56:35 [INFO] root: CPU usage: 100.00%, RAM used: 10.67 GB, available: 4.14 GB (73.10%). Waiting...
2025-08-25 15:56:40 [INFO] root: CPU usage: 100.00%, RAM used: 10.67 GB, available: 4.14 GB (73.10%). Waiting...
2025-08-25 15:56:46 [INFO] root: CPU usage: 100.00%, RAM used: 10.67 GB, available: 4.14 GB (73.10%). Waiting...
2025-08-25 15:56:51 [INFO] root: CPU usage: 100.00%, RAM used: 10.67 GB, available: 4.14 GB (73.10%). Waiting...
2025-08-25 15:56:56 [INFO] root: CPU usage: 100.00%, RAM used: 10.67 GB, available: 4.14 GB (73.10%). Waiting...
2025-08-25 15:56:56 [WARNING] root: Max wait time (60 seconds) exceeded. Continuing anyway...
2025-08-25 15:56:56 [INFO] src.measure_planner_energy: Running planner command: ['/home/sero/Documents/GitHub/Bachelorarbeit-Softwaretechnik/code/src/../planner/cerberus_agl/cerberus_agl.sif', '/home/sero/Documents/GitHub/Bachelorarbeit-Softwaretechnik/code/src/../domain/blocks-world-SC-DEF/domain.pddl', '/home/sero/Documents/GitHub/Bachelorarbeit-Softwaretechnik/code/src/../domain/blocks-world-SC-DEF/problem61.pddl', 'plan/plan_problem61.pddl_blocks-world-SC-DEF_cerberus_agl.txt']
2025-08-25 16:01:56 [WARNING] src.measure_planner_energy: Planner execution terminates on problem61.pddl without solution: Command '['/home/sero/Documents/GitHub/Bachelorarbeit-Softwaretechnik/code/src/../planner/cerberus_agl/cerberus_agl.sif', '/home/sero/Documents/GitHub/Bachelorarbeit-Softwaretechnik/code/src/../domain/blocks-world-SC-DEF/domain.pddl', '/home/sero/Documents/GitHub/Bachelorarbeit-Softwaretechnik/code/src/../domain/blocks-world-SC-DEF/problem61.pddl', 'plan/plan_problem61.pddl_blocks-world-SC-DEF_cerberus_agl.txt']' timed out after 299.99997622799856 seconds. Elapsed time: 300.03 seconds
2025-08-25 16:06:56 [WARNING] src.measure_planner_energy: Planner execution terminates on problem61.pddl without solution: Command '['/home/sero/Documents/GitHub/Bachelorarbeit-Softwaretechnik/code/src/../planner/cerberus_agl/cerberus_agl.sif', '/home/sero/Documents/GitHub/Bachelorarbeit-Softwaretechnik/code/src/../domain/blocks-world-SC-DEF/domain.pddl', '/home/sero/Documents/GitHub/Bachelorarbeit-Softwaretechnik/code/src/../domain/blocks-world-SC-DEF/problem61.pddl', 'plan/plan_problem61.pddl_blocks-world-SC-DEF_cerberus_agl.txt']' timed out after 299.99997755000004 seconds. Elapsed time: 300.01 seconds
2025-08-25 16:11:56 [WARNING] src.measure_planner_energy: Planner execution terminates on problem61.pddl without solution: Command '['/home/sero/Documents/GitHub/Bachelorarbeit-Softwaretechnik/code/src/../planner/cerberus_agl/cerberus_agl.sif', '/home/sero/Documents/GitHub/Bachelorarbeit-Softwaretechnik/code/src/../domain/blocks-world-SC-DEF/domain.pddl', '/home/sero/Documents/GitHub/Bachelorarbeit-Softwaretechnik/code/src/../domain/blocks-world-SC-DEF/problem61.pddl', 'plan/plan_problem61.pddl_blocks-world-SC-DEF_cerberus_agl.txt']' timed out after 299.99998112499816 seconds. Elapsed time: 300.01 seconds
2025-08-25 16:16:56 [WARNING] src.measure_planner_energy: Planner execution terminates on problem61.pddl without solution: Command '['/home/sero/Documents/GitHub/Bachelorarbeit-Softwaretechnik/code/src/../planner/cerberus_agl/cerberus_agl.sif', '/home/sero/Documents/GitHub/Bachelorarbeit-Softwaretechnik/code/src/../domain/blocks-world-SC-DEF/domain.pddl', '/home/sero/Documents/GitHub/Bachelorarbeit-Softwaretechnik/code/src/../domain/blocks-world-SC-DEF/problem61.pddl', 'plan/plan_problem61.pddl_blocks-world-SC-DEF_cerberus_agl.txt']' timed out after 299.99998083399987 seconds. Elapsed time: 300.03 seconds
2025-08-25 16:21:56 [WARNING] src.measure_planner_energy: Planner execution terminates on problem61.pddl without solution: Command '['/home/sero/Documents/GitHub/Bachelorarbeit-Softwaretechnik/code/src/../planner/cerberus_agl/cerberus_agl.sif', '/home/sero/Documents/GitHub/Bachelorarbeit-Softwaretechnik/code/src/../domain/blocks-world-SC-DEF/domain.pddl', '/home/sero/Documents/GitHub/Bachelorarbeit-Softwaretechnik/code/src/../domain/blocks-world-SC-DEF/problem61.pddl', 'plan/plan_problem61.pddl_blocks-world-SC-DEF_cerberus_agl.txt']' timed out after 299.9999762059997 seconds. Elapsed time: 300.01 seconds
2025-08-25 16:26:56 [WARNING] src.measure_planner_energy: Planner execution terminates on problem61.pddl without solution: Command '['/home/sero/Documents/GitHub/Bachelorarbeit-Softwaretechnik/code/src/../planner/cerberus_agl/cerberus_agl.sif', '/home/sero/Documents/GitHub/Bachelorarbeit-Softwaretechnik/code/src/../domain/blocks-world-SC-DEF/domain.pddl', '/home/sero/Documents/GitHub/Bachelorarbeit-Softwaretechnik/code/src/../domain/blocks-world-SC-DEF/problem61.pddl', 'plan/plan_problem61.pddl_blocks-world-SC-DEF_cerberus_agl.txt']' timed out after 299.99997828999767 seconds. Elapsed time: 300.02 seconds
2025-08-25 16:31:56 [WARNING] src.measure_planner_energy: Planner execution terminates on problem61.pddl without solution: Command '['/home/sero/Documents/GitHub/Bachelorarbeit-Softwaretechnik/code/src/../planner/cerberus_agl/cerberus_agl.sif', '/home/sero/Documents/GitHub/Bachelorarbeit-Softwaretechnik/code/src/../domain/blocks-world-SC-DEF/domain.pddl', '/home/sero/Documents/GitHub/Bachelorarbeit-Softwaretechnik/code/src/../domain/blocks-world-SC-DEF/problem61.pddl', 'plan/plan_problem61.pddl_blocks-world-SC-DEF_cerberus_agl.txt']' timed out after 299.9999787429988 seconds. Elapsed time: 300.02 seconds
2025-08-25 16:36:56 [WARNING] src.measure_planner_energy: Planner execution terminates on problem61.pddl without solution: Command '['/home/sero/Documents/GitHub/Bachelorarbeit-Softwaretechnik/code/src/../planner/cerberus_agl/cerberus_agl.sif', '/home/sero/Documents/GitHub/Bachelorarbeit-Softwaretechnik/code/src/../domain/blocks-world-SC-DEF/domain.pddl', '/home/sero/Documents/GitHub/Bachelorarbeit-Softwaretechnik/code/src/../domain/blocks-world-SC-DEF/problem61.pddl', 'plan/plan_problem61.pddl_blocks-world-SC-DEF_cerberus_agl.txt']' timed out after 299.9999791219998 seconds. Elapsed time: 300.01 seconds
2025-08-25 16:41:56 [WARNING] src.measure_planner_energy: Planner execution terminates on problem61.pddl without solution: Command '['/home/sero/Documents/GitHub/Bachelorarbeit-Softwaretechnik/code/src/../planner/cerberus_agl/cerberus_agl.sif', '/home/sero/Documents/GitHub/Bachelorarbeit-Softwaretechnik/code/src/../domain/blocks-world-SC-DEF/domain.pddl', '/home/sero/Documents/GitHub/Bachelorarbeit-Softwaretechnik/code/src/../domain/blocks-world-SC-DEF/problem61.pddl', 'plan/plan_problem61.pddl_blocks-world-SC-DEF_cerberus_agl.txt']' timed out after 299.99997484900086 seconds. Elapsed time: 300.01 seconds
2025-08-25 16:46:56 [WARNING] src.measure_planner_energy: Planner execution terminates on problem61.pddl without solution: Command '['/home/sero/Documents/GitHub/Bachelorarbeit-Softwaretechnik/code/src/../planner/cerberus_agl/cerberus_agl.sif', '/home/sero/Documents/GitHub/Bachelorarbeit-Softwaretechnik/code/src/../domain/blocks-world-SC-DEF/domain.pddl', '/home/sero/Documents/GitHub/Bachelorarbeit-Softwaretechnik/code/src/../domain/blocks-world-SC-DEF/problem61.pddl', 'plan/plan_problem61.pddl_blocks-world-SC-DEF_cerberus_agl.txt']' timed out after 299.99997729200186 seconds. Elapsed time: 300.03 seconds
2025-08-25 16:51:56 [WARNING] src.measure_planner_energy: Planner execution terminates on problem61.pddl without solution: Command '['/home/sero/Documents/GitHub/Bachelorarbeit-Softwaretechnik/code/src/../planner/cerberus_agl/cerberus_agl.sif', '/home/sero/Documents/GitHub/Bachelorarbeit-Softwaretechnik/code/src/../domain/blocks-world-SC-DEF/domain.pddl', '/home/sero/Documents/GitHub/Bachelorarbeit-Softwaretechnik/code/src/../domain/blocks-world-SC-DEF/problem61.pddl', 'plan/plan_problem61.pddl_blocks-world-SC-DEF_cerberus_agl.txt']' timed out after 299.9999787779998 seconds. Elapsed time: 300.02 seconds
2025-08-25 16:56:56 [WARNING] src.measure_planner_energy: Planner execution terminates on problem61.pddl without solution: Command '['/home/sero/Documents/GitHub/Bachelorarbeit-Softwaretechnik/code/src/../planner/cerberus_agl/cerberus_agl.sif', '/home/sero/Documents/GitHub/Bachelorarbeit-Softwaretechnik/code/src/../domain/blocks-world-SC-DEF/domain.pddl', '/home/sero/Documents/GitHub/Bachelorarbeit-Softwaretechnik/code/src/../domain/blocks-world-SC-DEF/problem61.pddl', 'plan/plan_problem61.pddl_blocks-world-SC-DEF_cerberus_agl.txt']' timed out after 299.9999740550011 seconds. Elapsed time: 300.03 seconds
2025-08-25 17:01:56 [WARNING] src.measure_planner_energy: Planner execution terminates on problem61.pddl without solution: Command '['/home/sero/Documents/GitHub/Bachelorarbeit-Softwaretechnik/code/src/../planner/cerberus_agl/cerberus_agl.sif', '/home/sero/Documents/GitHub/Bachelorarbeit-Softwaretechnik/code/src/../domain/blocks-world-SC-DEF/domain.pddl', '/home/sero/Documents/GitHub/Bachelorarbeit-Softwaretechnik/code/src/../domain/blocks-world-SC-DEF/problem61.pddl', 'plan/plan_problem61.pddl_blocks-world-SC-DEF_cerberus_agl.txt']' timed out after 299.9999742639993 seconds. Elapsed time: 300.03 seconds
2025-08-25 17:06:56 [WARNING] src.measure_planner_energy: Planner execution terminates on problem61.pddl without solution: Command '['/home/sero/Documents/GitHub/Bachelorarbeit-Softwaretechnik/code/src/../planner/cerberus_agl/cerberus_agl.sif', '/home/sero/Documents/GitHub/Bachelorarbeit-Softwaretechnik/code/src/../domain/blocks-world-SC-DEF/domain.pddl', '/home/sero/Documents/GitHub/Bachelorarbeit-Softwaretechnik/code/src/../domain/blocks-world-SC-DEF/problem61.pddl', 'plan/plan_problem61.pddl_blocks-world-SC-DEF_cerberus_agl.txt']' timed out after 299.99997078199885 seconds. Elapsed time: 300.02 seconds
2025-08-25 17:11:56 [WARNING] src.measure_planner_energy: Planner execution terminates on problem61.pddl without solution: Command '['/home/sero/Documents/GitHub/Bachelorarbeit-Softwaretechnik/code/src/../planner/cerberus_agl/cerberus_agl.sif', '/home/sero/Documents/GitHub/Bachelorarbeit-Softwaretechnik/code/src/../domain/blocks-world-SC-DEF/domain.pddl', '/home/sero/Documents/GitHub/Bachelorarbeit-Softwaretechnik/code/src/../domain/blocks-world-SC-DEF/problem61.pddl', 'plan/plan_problem61.pddl_blocks-world-SC-DEF_cerberus_agl.txt']' timed out after 299.999972611 seconds. Elapsed time: 300.01 seconds
2025-08-25 17:16:56 [WARNING] src.measure_planner_energy: Planner execution terminates on problem61.pddl without solution: Command '['/home/sero/Documents/GitHub/Bachelorarbeit-Softwaretechnik/code/src/../planner/cerberus_agl/cerberus_agl.sif', '/home/sero/Documents/GitHub/Bachelorarbeit-Softwaretechnik/code/src/../domain/blocks-world-SC-DEF/domain.pddl', '/home/sero/Documents/GitHub/Bachelorarbeit-Softwaretechnik/code/src/../domain/blocks-world-SC-DEF/problem61.pddl', 'plan/plan_problem61.pddl_blocks-world-SC-DEF_cerberus_agl.txt']' timed out after 299.99998099000004 seconds. Elapsed time: 300.03 seconds
2025-08-25 17:21:56 [WARNING] src.measure_planner_energy: Planner execution terminates on problem61.pddl without solution: Command '['/home/sero/Documents/GitHub/Bachelorarbeit-Softwaretechnik/code/src/../planner/cerberus_agl/cerberus_agl.sif', '/home/sero/Documents/GitHub/Bachelorarbeit-Softwaretechnik/code/src/../domain/blocks-world-SC-DEF/domain.pddl', '/home/sero/Documents/GitHub/Bachelorarbeit-Softwaretechnik/code/src/../domain/blocks-world-SC-DEF/problem61.pddl', 'plan/plan_problem61.pddl_blocks-world-SC-DEF_cerberus_agl.txt']' timed out after 299.9999809109977 seconds. Elapsed time: 300.02 seconds
2025-08-25 17:26:56 [WARNING] src.measure_planner_energy: Planner execution terminates on problem61.pddl without solution: Command '['/home/sero/Documents/GitHub/Bachelorarbeit-Softwaretechnik/code/src/../planner/cerberus_agl/cerberus_agl.sif', '/home/sero/Documents/GitHub/Bachelorarbeit-Softwaretechnik/code/src/../domain/blocks-world-SC-DEF/domain.pddl', '/home/sero/Documents/GitHub/Bachelorarbeit-Softwaretechnik/code/src/../domain/blocks-world-SC-DEF/problem61.pddl', 'plan/plan_problem61.pddl_blocks-world-SC-DEF_cerberus_agl.txt']' timed out after 299.9999797370001 seconds. Elapsed time: 300.03 seconds
2025-08-25 17:31:56 [WARNING] src.measure_planner_energy: Planner execution terminates on problem61.pddl without solution: Command '['/home/sero/Documents/GitHub/Bachelorarbeit-Softwaretechnik/code/src/../planner/cerberus_agl/cerberus_agl.sif', '/home/sero/Documents/GitHub/Bachelorarbeit-Softwaretechnik/code/src/../domain/blocks-world-SC-DEF/domain.pddl', '/home/sero/Documents/GitHub/Bachelorarbeit-Softwaretechnik/code/src/../domain/blocks-world-SC-DEF/problem61.pddl', 'plan/plan_problem61.pddl_blocks-world-SC-DEF_cerberus_agl.txt']' timed out after 299.9999783050007 seconds. Elapsed time: 300.01 seconds
2025-08-25 17:36:56 [WARNING] src.measure_planner_energy: Planner execution terminates on problem61.pddl without solution: Command '['/home/sero/Documents/GitHub/Bachelorarbeit-Softwaretechnik/code/src/../planner/cerberus_agl/cerberus_agl.sif', '/home/sero/Documents/GitHub/Bachelorarbeit-Softwaretechnik/code/src/../domain/blocks-world-SC-DEF/domain.pddl', '/home/sero/Documents/GitHub/Bachelorarbeit-Softwaretechnik/code/src/../domain/blocks-world-SC-DEF/problem61.pddl', 'plan/plan_problem61.pddl_blocks-world-SC-DEF_cerberus_agl.txt']' timed out after 299.9999801440026 seconds. Elapsed time: 300.02 seconds
2025-08-25 17:41:56 [WARNING] src.measure_planner_energy: Planner execution terminates on problem61.pddl without solution: Command '['/home/sero/Documents/GitHub/Bachelorarbeit-Softwaretechnik/code/src/../planner/cerberus_agl/cerberus_agl.sif', '/home/sero/Documents/GitHub/Bachelorarbeit-Softwaretechnik/code/src/../domain/blocks-world-SC-DEF/domain.pddl', '/home/sero/Documents/GitHub/Bachelorarbeit-Softwaretechnik/code/src/../domain/blocks-world-SC-DEF/problem61.pddl', 'plan/plan_problem61.pddl_blocks-world-SC-DEF_cerberus_agl.txt']' timed out after 299.99997899400114 seconds. Elapsed time: 300.01 seconds
2025-08-25 17:46:56 [WARNING] src.measure_planner_energy: Planner execution terminates on problem61.pddl without solution: Command '['/home/sero/Documents/GitHub/Bachelorarbeit-Softwaretechnik/code/src/../planner/cerberus_agl/cerberus_agl.sif', '/home/sero/Documents/GitHub/Bachelorarbeit-Softwaretechnik/code/src/../domain/blocks-world-SC-DEF/domain.pddl', '/home/sero/Documents/GitHub/Bachelorarbeit-Softwaretechnik/code/src/../domain/blocks-world-SC-DEF/problem61.pddl', 'plan/plan_problem61.pddl_blocks-world-SC-DEF_cerberus_agl.txt']' timed out after 299.9999814820003 seconds. Elapsed time: 300.03 seconds
2025-08-25 17:51:56 [WARNING] src.measure_planner_energy: Planner execution terminates on problem61.pddl without solution: Command '['/home/sero/Documents/GitHub/Bachelorarbeit-Softwaretechnik/code/src/../planner/cerberus_agl/cerberus_agl.sif', '/home/sero/Documents/GitHub/Bachelorarbeit-Softwaretechnik/code/src/../domain/blocks-world-SC-DEF/domain.pddl', '/home/sero/Documents/GitHub/Bachelorarbeit-Softwaretechnik/code/src/../domain/blocks-world-SC-DEF/problem61.pddl', 'plan/plan_problem61.pddl_blocks-world-SC-DEF_cerberus_agl.txt']' timed out after 299.99997881500167 seconds. Elapsed time: 300.03 seconds
2025-08-25 17:56:56 [WARNING] src.measure_planner_energy: Planner execution terminates on problem61.pddl without solution: Command '['/home/sero/Documents/GitHub/Bachelorarbeit-Softwaretechnik/code/src/../planner/cerberus_agl/cerberus_agl.sif', '/home/sero/Documents/GitHub/Bachelorarbeit-Softwaretechnik/code/src/../domain/blocks-world-SC-DEF/domain.pddl', '/home/sero/Documents/GitHub/Bachelorarbeit-Softwaretechnik/code/src/../domain/blocks-world-SC-DEF/problem61.pddl', 'plan/plan_problem61.pddl_blocks-world-SC-DEF_cerberus_agl.txt']' timed out after 299.9999775610013 seconds. Elapsed time: 300.02 seconds
2025-08-25 18:01:56 [WARNING] src.measure_planner_energy: Planner execution terminates on problem61.pddl without solution: Command '['/home/sero/Documents/GitHub/Bachelorarbeit-Softwaretechnik/code/src/../planner/cerberus_agl/cerberus_agl.sif', '/home/sero/Documents/GitHub/Bachelorarbeit-Softwaretechnik/code/src/../domain/blocks-world-SC-DEF/domain.pddl', '/home/sero/Documents/GitHub/Bachelorarbeit-Softwaretechnik/code/src/../domain/blocks-world-SC-DEF/problem61.pddl', 'plan/plan_problem61.pddl_blocks-world-SC-DEF_cerberus_agl.txt']' timed out after 299.99997301799885 seconds. Elapsed time: 300.01 seconds
2025-08-25 18:06:56 [WARNING] src.measure_planner_energy: Planner execution terminates on problem61.pddl without solution: Command '['/home/sero/Documents/GitHub/Bachelorarbeit-Softwaretechnik/code/src/../planner/cerberus_agl/cerberus_agl.sif', '/home/sero/Documents/GitHub/Bachelorarbeit-Softwaretechnik/code/src/../domain/blocks-world-SC-DEF/domain.pddl', '/home/sero/Documents/GitHub/Bachelorarbeit-Softwaretechnik/code/src/../domain/blocks-world-SC-DEF/problem61.pddl', 'plan/plan_problem61.pddl_blocks-world-SC-DEF_cerberus_agl.txt']' timed out after 299.9999731539974 seconds. Elapsed time: 300.02 seconds
2025-08-25 18:11:56 [WARNING] src.measure_planner_energy: Planner execution terminates on problem61.pddl without solution: Command '['/home/sero/Documents/GitHub/Bachelorarbeit-Softwaretechnik/code/src/../planner/cerberus_agl/cerberus_agl.sif', '/home/sero/Documents/GitHub/Bachelorarbeit-Softwaretechnik/code/src/../domain/blocks-world-SC-DEF/domain.pddl', '/home/sero/Documents/GitHub/Bachelorarbeit-Softwaretechnik/code/src/../domain/blocks-world-SC-DEF/problem61.pddl', 'plan/plan_problem61.pddl_blocks-world-SC-DEF_cerberus_agl.txt']' timed out after 299.9999809639994 seconds. Elapsed time: 300.01 seconds
2025-08-25 18:16:56 [WARNING] src.measure_planner_energy: Planner execution terminates on problem61.pddl without solution: Command '['/home/sero/Documents/GitHub/Bachelorarbeit-Softwaretechnik/code/src/../planner/cerberus_agl/cerberus_agl.sif', '/home/sero/Documents/GitHub/Bachelorarbeit-Softwaretechnik/code/src/../domain/blocks-world-SC-DEF/domain.pddl', '/home/sero/Documents/GitHub/Bachelorarbeit-Softwaretechnik/code/src/../domain/blocks-world-SC-DEF/problem61.pddl', 'plan/plan_problem61.pddl_blocks-world-SC-DEF_cerberus_agl.txt']' timed out after 299.9999838369986 seconds. Elapsed time: 300.01 seconds
2025-08-25 18:21:56 [WARNING] src.measure_planner_energy: Planner execution terminates on problem61.pddl without solution: Command '['/home/sero/Documents/GitHub/Bachelorarbeit-Softwaretechnik/code/src/../planner/cerberus_agl/cerberus_agl.sif', '/home/sero/Documents/GitHub/Bachelorarbeit-Softwaretechnik/code/src/../domain/blocks-world-SC-DEF/domain.pddl', '/home/sero/Documents/GitHub/Bachelorarbeit-Softwaretechnik/code/src/../domain/blocks-world-SC-DEF/problem61.pddl', 'plan/plan_problem61.pddl_blocks-world-SC-DEF_cerberus_agl.txt']' timed out after 299.99998355299977 seconds. Elapsed time: 300.02 seconds
2025-08-25 18:26:56 [WARNING] src.measure_planner_energy: Planner execution terminates on problem61.pddl without solution: Command '['/home/sero/Documents/GitHub/Bachelorarbeit-Softwaretechnik/code/src/../planner/cerberus_agl/cerberus_agl.sif', '/home/sero/Documents/GitHub/Bachelorarbeit-Softwaretechnik/code/src/../domain/blocks-world-SC-DEF/domain.pddl', '/home/sero/Documents/GitHub/Bachelorarbeit-Softwaretechnik/code/src/../domain/blocks-world-SC-DEF/problem61.pddl', 'plan/plan_problem61.pddl_blocks-world-SC-DEF_cerberus_agl.txt']' timed out after 299.9999775819997 seconds. Elapsed time: 300.01 seconds
2025-08-25 18:26:56 [INFO] root: Waiting for system to be idle (CPU usage < 2.0%)...
2025-08-25 18:27:01 [INFO] root: CPU usage: 100.00%, RAM used: 14.35 GB, available: 0.50 GB (96.80%). Waiting...
2025-08-25 18:27:06 [INFO] root: CPU usage: 100.00%, RAM used: 14.35 GB, available: 0.50 GB (96.70%). Waiting...
2025-08-25 18:27:11 [INFO] root: CPU usage: 100.00%, RAM used: 14.35 GB, available: 0.50 GB (96.80%). Waiting...
2025-08-25 18:27:16 [INFO] root: CPU usage: 100.00%, RAM used: 14.37 GB, available: 0.48 GB (96.90%). Waiting...
2025-08-25 18:27:21 [INFO] root: CPU usage: 100.00%, RAM used: 14.37 GB, available: 0.47 GB (97.00%). Waiting...
2025-08-25 18:27:26 [INFO] root: CPU usage: 100.00%, RAM used: 14.37 GB, available: 0.47 GB (97.00%). Waiting...
2025-08-25 18:27:31 [INFO] root: CPU usage: 100.00%, RAM used: 14.38 GB, available: 0.47 GB (96.90%). Waiting...
2025-08-25 18:27:36 [INFO] root: CPU usage: 100.00%, RAM used: 14.38 GB, available: 0.47 GB (97.00%). Waiting...
2025-08-25 18:27:41 [INFO] root: CPU usage: 100.00%, RAM used: 14.38 GB, available: 0.47 GB (97.00%). Waiting...
2025-08-25 18:27:47 [INFO] root: CPU usage: 100.00%, RAM used: 14.39 GB, available: 0.46 GB (97.00%). Waiting...
2025-08-25 18:27:52 [INFO] root: CPU usage: 100.00%, RAM used: 14.39 GB, available: 0.46 GB (97.00%). Waiting...
2025-08-25 18:27:57 [INFO] root: CPU usage: 100.00%, RAM used: 14.39 GB, available: 0.46 GB (97.00%). Waiting...
2025-08-25 18:27:57 [WARNING] root: Max wait time (60 seconds) exceeded. Continuing anyway...
2025-08-25 18:27:57 [INFO] src.measure_planner_energy: Measurement for problem problem61.pddl completed and saved
2025-08-25 18:27:57 [INFO] src.measure_planner_energy: Preparing to run planner on problem 'problem71.pddl'
2025-08-25 18:27:57 [INFO] src.measure_planner_energy: Cleaning Apptainer cache to avoid layer caching...
2025-08-25 18:27:57 [INFO] root: Waiting for system to be idle (CPU usage < 2.0%)...
2025-08-25 18:28:02 [INFO] root: CPU usage: 100.00%, RAM used: 14.40 GB, available: 0.44 GB (97.20%). Waiting...
2025-08-25 18:28:07 [INFO] root: CPU usage: 100.00%, RAM used: 14.40 GB, available: 0.45 GB (97.10%). Waiting...
2025-08-25 18:28:12 [INFO] root: CPU usage: 100.00%, RAM used: 14.41 GB, available: 0.45 GB (97.10%). Waiting...
2025-08-25 18:28:17 [INFO] root: CPU usage: 100.00%, RAM used: 14.41 GB, available: 0.44 GB (97.10%). Waiting...
2025-08-25 18:28:22 [INFO] root: CPU usage: 100.00%, RAM used: 14.41 GB, available: 0.44 GB (97.10%). Waiting...
2025-08-25 18:28:27 [INFO] root: CPU usage: 100.00%, RAM used: 14.41 GB, available: 0.44 GB (97.10%). Waiting...
2025-08-25 18:28:33 [INFO] root: CPU usage: 100.00%, RAM used: 14.41 GB, available: 0.44 GB (97.20%). Waiting...
2025-08-25 18:28:38 [INFO] root: CPU usage: 100.00%, RAM used: 14.42 GB, available: 0.43 GB (97.20%). Waiting...
2025-08-25 18:28:43 [INFO] root: CPU usage: 100.00%, RAM used: 14.42 GB, available: 0.43 GB (97.20%). Waiting...
2025-08-25 18:28:48 [INFO] root: CPU usage: 100.00%, RAM used: 14.42 GB, available: 0.43 GB (97.20%). Waiting...
2025-08-25 18:28:53 [INFO] root: CPU usage: 100.00%, RAM used: 14.42 GB, available: 0.43 GB (97.20%). Waiting...
2025-08-25 18:28:58 [INFO] root: CPU usage: 100.00%, RAM used: 14.42 GB, available: 0.43 GB (97.20%). Waiting...
2025-08-25 18:28:58 [WARNING] root: Max wait time (60 seconds) exceeded. Continuing anyway...
2025-08-25 18:28:58 [INFO] src.measure_planner_energy: Running planner command: ['/home/sero/Documents/GitHub/Bachelorarbeit-Softwaretechnik/code/src/../planner/cerberus_agl/cerberus_agl.sif', '/home/sero/Documents/GitHub/Bachelorarbeit-Softwaretechnik/code/src/../domain/blocks-world-SC-DEF/domain.pddl', '/home/sero/Documents/GitHub/Bachelorarbeit-Softwaretechnik/code/src/../domain/blocks-world-SC-DEF/problem71.pddl', 'plan/plan_problem71.pddl_blocks-world-SC-DEF_cerberus_agl.txt']
2025-08-25 18:33:58 [WARNING] src.measure_planner_energy: Planner execution terminates on problem71.pddl without solution: Command '['/home/sero/Documents/GitHub/Bachelorarbeit-Softwaretechnik/code/src/../planner/cerberus_agl/cerberus_agl.sif', '/home/sero/Documents/GitHub/Bachelorarbeit-Softwaretechnik/code/src/../domain/blocks-world-SC-DEF/domain.pddl', '/home/sero/Documents/GitHub/Bachelorarbeit-Softwaretechnik/code/src/../domain/blocks-world-SC-DEF/problem71.pddl', 'plan/plan_problem71.pddl_blocks-world-SC-DEF_cerberus_agl.txt']' timed out after 299.9999695439983 seconds. Elapsed time: 300.04 seconds
2025-08-25 18:38:58 [WARNING] src.measure_planner_energy: Planner execution terminates on problem71.pddl without solution: Command '['/home/sero/Documents/GitHub/Bachelorarbeit-Softwaretechnik/code/src/../planner/cerberus_agl/cerberus_agl.sif', '/home/sero/Documents/GitHub/Bachelorarbeit-Softwaretechnik/code/src/../domain/blocks-world-SC-DEF/domain.pddl', '/home/sero/Documents/GitHub/Bachelorarbeit-Softwaretechnik/code/src/../domain/blocks-world-SC-DEF/problem71.pddl', 'plan/plan_problem71.pddl_blocks-world-SC-DEF_cerberus_agl.txt']' timed out after 299.99998133199915 seconds. Elapsed time: 300.03 seconds
2025-08-25 18:43:58 [WARNING] src.measure_planner_energy: Planner execution terminates on problem71.pddl without solution: Command '['/home/sero/Documents/GitHub/Bachelorarbeit-Softwaretechnik/code/src/../planner/cerberus_agl/cerberus_agl.sif', '/home/sero/Documents/GitHub/Bachelorarbeit-Softwaretechnik/code/src/../domain/blocks-world-SC-DEF/domain.pddl', '/home/sero/Documents/GitHub/Bachelorarbeit-Softwaretechnik/code/src/../domain/blocks-world-SC-DEF/problem71.pddl', 'plan/plan_problem71.pddl_blocks-world-SC-DEF_cerberus_agl.txt']' timed out after 299.99997478799924 seconds. Elapsed time: 300.03 seconds
2025-08-25 18:48:58 [WARNING] src.measure_planner_energy: Planner execution terminates on problem71.pddl without solution: Command '['/home/sero/Documents/GitHub/Bachelorarbeit-Softwaretechnik/code/src/../planner/cerberus_agl/cerberus_agl.sif', '/home/sero/Documents/GitHub/Bachelorarbeit-Softwaretechnik/code/src/../domain/blocks-world-SC-DEF/domain.pddl', '/home/sero/Documents/GitHub/Bachelorarbeit-Softwaretechnik/code/src/../domain/blocks-world-SC-DEF/problem71.pddl', 'plan/plan_problem71.pddl_blocks-world-SC-DEF_cerberus_agl.txt']' timed out after 299.99998216099993 seconds. Elapsed time: 300.03 seconds
